<!DOCTYPE html>

<html>
  <head>
  <meta charset='utf-8'>
  <title>TestNG reports</title>

    <link type="text/css" href="testng-reports.css" rel="stylesheet" />
    <script type="text/javascript" src="jquery-1.7.1.min.js"></script>
    <script type="text/javascript" src="testng-reports.js"></script>
    <script type="text/javascript" src="https://www.google.com/jsapi"></script>
    <script type='text/javascript'>
      google.load('visualization', '1', {packages:['table']});
      google.setOnLoadCallback(drawTable);
      var suiteTableInitFunctions = new Array();
      var suiteTableData = new Array();
    </script>
    <!--
      <script type="text/javascript" src="jquery-ui/js/jquery-ui-1.8.16.custom.min.js"></script>
     -->
  </head>

  <body>
    <div class="top-banner-root">
      <span class="top-banner-title-font">Test results</span>
      <br/>
      <span class="top-banner-font-1">1 suite, 23 failed tests</span>
    </div> <!-- top-banner-root -->
    <div class="navigator-root">
      <div class="navigator-suite-header">
        <span>All suites</span>
        <a href="#" class="collapse-all-link" title="Collapse/expand all the suites">
          <img class="collapse-all-icon" src="collapseall.gif">
          </img> <!-- collapse-all-icon -->
        </a> <!-- collapse-all-link -->
      </div> <!-- navigator-suite-header -->
      <div class="suite">
        <div class="rounded-window">
          <div class="suite-header light-rounded-window-top">
            <a href="#" class="navigator-link" panel-name="suite-Default_suite">
              <span class="suite-name border-failed">Default suite</span>
            </a> <!-- navigator-link -->
          </div> <!-- suite-header light-rounded-window-top -->
          <div class="navigator-suite-content">
            <div class="suite-section-title">
              <span>Info</span>
            </div> <!-- suite-section-title -->
            <div class="suite-section-content">
              <ul>
                <li>
                  <a href="#" class="navigator-link " panel-name="test-xml-Default_suite">
                    <span>C:\Users\Vova\AppData\Local\Temp\testng-eclipse--458458614\testng-customsuite.xml</span>
                  </a> <!-- navigator-link  -->
                </li>
                <li>
                  <a href="#" class="navigator-link " panel-name="testlist-Default_suite">
                    <span class="test-stats">1 test</span>
                  </a> <!-- navigator-link  -->
                </li>
                <li>
                  <a href="#" class="navigator-link " panel-name="group-Default_suite">
                    <span>4 groups</span>
                  </a> <!-- navigator-link  -->
                </li>
                <li>
                  <a href="#" class="navigator-link " panel-name="times-Default_suite">
                    <span>Times</span>
                  </a> <!-- navigator-link  -->
                </li>
                <li>
                  <a href="#" class="navigator-link " panel-name="reporter-Default_suite">
                    <span>Reporter output</span>
                  </a> <!-- navigator-link  -->
                </li>
                <li>
                  <a href="#" class="navigator-link " panel-name="ignored-methods-Default_suite">
                    <span>Ignored methods</span>
                  </a> <!-- navigator-link  -->
                </li>
                <li>
                  <a href="#" class="navigator-link " panel-name="chronological-Default_suite">
                    <span>Chronological view</span>
                  </a> <!-- navigator-link  -->
                </li>
              </ul>
            </div> <!-- suite-section-content -->
            <div class="result-section">
              <div class="suite-section-title">
                <span>Results</span>
              </div> <!-- suite-section-title -->
              <div class="suite-section-content">
                <ul>
                  <li>
                    <span class="method-stats">66 methods, 23 failed,   43 passed</span>
                  </li>
                  <li>
                    <span class="method-list-title failed">Failed methods</span>
                    <span class="show-or-hide-methods failed">
                      <a href="#" panel-name="suite-Default_suite" class="hide-methods failed suite-Default_suite"> (hide)</a> <!-- hide-methods failed suite-Default_suite -->
                      <a href="#" panel-name="suite-Default_suite" class="show-methods failed suite-Default_suite"> (show)</a> <!-- show-methods failed suite-Default_suite -->
                    </span>
                    <div class="method-list-content failed suite-Default_suite">
                      <span>
                        <img width="3%" src="failed.png"/>
                        <a href="#" class="method navigator-link" panel-name="suite-Default_suite" title="core.CreditCardValidationTest" hash-for-method="cvv(VISA, 4532-5471-0699-4816, 03/17, 1234)">cvv(VISA, 4532-5471-0699-4816, 03/17, 1234)</a> <!-- method navigator-link -->
                      </span>
                      <br/>
                      <span>
                        <img width="3%" src="failed.png"/>
                        <a href="#" class="method navigator-link" panel-name="suite-Default_suite" title="core.CreditCardValidationTest" hash-for-method="cvv">cvv</a> <!-- method navigator-link -->
                      </span>
                      <br/>
                      <span>
                        <img width="3%" src="failed.png"/>
                        <a href="#" class="method navigator-link" panel-name="suite-Default_suite" title="core.CreditCardValidationTest" hash-for-method="exp">exp</a> <!-- method navigator-link -->
                      </span>
                      <br/>
                      <span>
                        <img width="3%" src="failed.png"/>
                        <a href="#" class="method navigator-link" panel-name="suite-Default_suite" title="core.CreditCardValidationTest" hash-for-method="exp(VISA, 4532-5471-0699-4816, 03/17, 1234)">exp(VISA, 4532-5471-0699-4816, 03/17, 1234)</a> <!-- method navigator-link -->
                      </span>
                      <br/>
                      <span>
                        <img width="3%" src="failed.png"/>
                        <a href="#" class="method navigator-link" panel-name="suite-Default_suite" title="core.CreditCardValidationTest" hash-for-method="exp(VISA, 4532-5471-0699-4816, 03/17, 123)">exp(VISA, 4532-5471-0699-4816, 03/17, 123)</a> <!-- method navigator-link -->
                      </span>
                      <br/>
                      <span>
                        <img width="3%" src="failed.png"/>
                        <a href="#" class="method navigator-link" panel-name="suite-Default_suite" title="core.CreditCardValidationTest" hash-for-method="exp(MasterCard, 5284398929973080, 01/16, 154)">exp(MasterCard, 5284398929973080, 01/16, 154)</a> <!-- method navigator-link -->
                      </span>
                      <br/>
                      <span>
                        <img width="3%" src="failed.png"/>
                        <a href="#" class="method navigator-link" panel-name="suite-Default_suite" title="core.CreditCardValidationTest" hash-for-method="exp(American Express, 374259201906721, 05/17, 1434)">exp(American Express, 374259201906721, 05/17, 1434)</a> <!-- method navigator-link -->
                      </span>
                      <br/>
                      <span>
                        <img width="3%" src="failed.png"/>
                        <a href="#" class="method navigator-link" panel-name="suite-Default_suite" title="core.CreditCardValidationTest" hash-for-method="exp(American Express, 344259201906721, 03/16, 1234)">exp(American Express, 344259201906721, 03/16, 1234)</a> <!-- method navigator-link -->
                      </span>
                      <br/>
                      <span>
                        <img width="3%" src="failed.png"/>
                        <a href="#" class="method navigator-link" panel-name="suite-Default_suite" title="core.CreditCardValidationTest" hash-for-method="luhn">luhn</a> <!-- method navigator-link -->
                      </span>
                      <br/>
                      <span>
                        <img width="3%" src="failed.png"/>
                        <a href="#" class="method navigator-link" panel-name="suite-Default_suite" title="core.CreditCardValidationTest" hash-for-method="luhn(MasterCard, 5184398929973080, 09/22, 123)">luhn(MasterCard, 5184398929973080, 09/22, 123)</a> <!-- method navigator-link -->
                      </span>
                      <br/>
                      <span>
                        <img width="3%" src="failed.png"/>
                        <a href="#" class="method navigator-link" panel-name="suite-Default_suite" title="core.CreditCardValidationTest" hash-for-method="luhn(MasterCard, 5284398929973080, 01/16, 154)">luhn(MasterCard, 5284398929973080, 01/16, 154)</a> <!-- method navigator-link -->
                      </span>
                      <br/>
                      <span>
                        <img width="3%" src="failed.png"/>
                        <a href="#" class="method navigator-link" panel-name="suite-Default_suite" title="core.CreditCardValidationTest" hash-for-method="luhn(Discover, 6411933302679615, 01/20, 723)">luhn(Discover, 6411933302679615, 01/20, 723)</a> <!-- method navigator-link -->
                      </span>
                      <br/>
                      <span>
                        <img width="3%" src="failed.png"/>
                        <a href="#" class="method navigator-link" panel-name="suite-Default_suite" title="core.CreditCardValidationTest" hash-for-method="luhn(MoldovaBank, 85247652465412, 12/25, 369)">luhn(MoldovaBank, 85247652465412, 12/25, 369)</a> <!-- method navigator-link -->
                      </span>
                      <br/>
                      <span>
                        <img width="3%" src="failed.png"/>
                        <a href="#" class="method navigator-link" panel-name="suite-Default_suite" title="core.CreditCardValidationTest" hash-for-method="luhn(American Express, 374259201906721, 05/17, 1434)">luhn(American Express, 374259201906721, 05/17, 1434)</a> <!-- method navigator-link -->
                      </span>
                      <br/>
                      <span>
                        <img width="3%" src="failed.png"/>
                        <a href="#" class="method navigator-link" panel-name="suite-Default_suite" title="core.CreditCardValidationTest" hash-for-method="luhn(MasterCard, 5484398929973080, 04/18, 123)">luhn(MasterCard, 5484398929973080, 04/18, 123)</a> <!-- method navigator-link -->
                      </span>
                      <br/>
                      <span>
                        <img width="3%" src="failed.png"/>
                        <a href="#" class="method navigator-link" panel-name="suite-Default_suite" title="core.CreditCardValidationTest" hash-for-method="luhn(MasterCard, 5384398929973080, 09/20, 823)">luhn(MasterCard, 5384398929973080, 09/20, 823)</a> <!-- method navigator-link -->
                      </span>
                      <br/>
                      <span>
                        <img width="3%" src="failed.png"/>
                        <a href="#" class="method navigator-link" panel-name="suite-Default_suite" title="core.CreditCardValidationTest" hash-for-method="luhn(VISA, 4961785148901, 04/20, 124)">luhn(VISA, 4961785148901, 04/20, 124)</a> <!-- method navigator-link -->
                      </span>
                      <br/>
                      <span>
                        <img width="3%" src="failed.png"/>
                        <a href="#" class="method navigator-link" panel-name="suite-Default_suite" title="core.CreditCardValidationTest" hash-for-method="luhn(Discover, 6211933302679615, 06/19, 124)">luhn(Discover, 6211933302679615, 06/19, 124)</a> <!-- method navigator-link -->
                      </span>
                      <br/>
                      <span>
                        <img width="3%" src="failed.png"/>
                        <a href="#" class="method navigator-link" panel-name="suite-Default_suite" title="core.CreditCardValidationTest" hash-for-method="luhn(Discover, 6011933302679615, 02/18, 123)">luhn(Discover, 6011933302679615, 02/18, 123)</a> <!-- method navigator-link -->
                      </span>
                      <br/>
                      <span>
                        <img width="3%" src="failed.png"/>
                        <a href="#" class="method navigator-link" panel-name="suite-Default_suite" title="core.CreditCardValidationTest" hash-for-method="luhn(Discover, 6511933302679615, 05/21, 183)">luhn(Discover, 6511933302679615, 05/21, 183)</a> <!-- method navigator-link -->
                      </span>
                      <br/>
                      <span>
                        <img width="3%" src="failed.png"/>
                        <a href="#" class="method navigator-link" panel-name="suite-Default_suite" title="core.CreditCardValidationTest" hash-for-method="test01">test01</a> <!-- method navigator-link -->
                      </span>
                      <br/>
                      <span>
                        <img width="3%" src="failed.png"/>
                        <a href="#" class="method navigator-link" panel-name="suite-Default_suite" title="core.CreditCardValidationTest" hash-for-method="type(MoldovaBank, 85247652465412, 12/25, 369)">type(MoldovaBank, 85247652465412, 12/25, 369)</a> <!-- method navigator-link -->
                      </span>
                      <br/>
                      <span>
                        <img width="3%" src="failed.png"/>
                        <a href="#" class="method navigator-link" panel-name="suite-Default_suite" title="core.CreditCardValidationTest" hash-for-method="type">type</a> <!-- method navigator-link -->
                      </span>
                      <br/>
                    </div> <!-- method-list-content failed suite-Default_suite -->
                  </li>
                  <li>
                    <span class="method-list-title passed">Passed methods</span>
                    <span class="show-or-hide-methods passed">
                      <a href="#" panel-name="suite-Default_suite" class="hide-methods passed suite-Default_suite"> (hide)</a> <!-- hide-methods passed suite-Default_suite -->
                      <a href="#" panel-name="suite-Default_suite" class="show-methods passed suite-Default_suite"> (show)</a> <!-- show-methods passed suite-Default_suite -->
                    </span>
                    <div class="method-list-content passed suite-Default_suite">
                      <span>
                        <img width="3%" src="passed.png"/>
                        <a href="#" class="method navigator-link" panel-name="suite-Default_suite" title="core.CreditCardValidationTest" hash-for-method="cvv(American Express, 374259201906721, 05/17, 1434)">cvv(American Express, 374259201906721, 05/17, 1434)</a> <!-- method navigator-link -->
                      </span>
                      <br/>
                      <span>
                        <img width="3%" src="passed.png"/>
                        <a href="#" class="method navigator-link" panel-name="suite-Default_suite" title="core.CreditCardValidationTest" hash-for-method="cvv(Discover, 6211933302679615, 06/19, 124)">cvv(Discover, 6211933302679615, 06/19, 124)</a> <!-- method navigator-link -->
                      </span>
                      <br/>
                      <span>
                        <img width="3%" src="passed.png"/>
                        <a href="#" class="method navigator-link" panel-name="suite-Default_suite" title="core.CreditCardValidationTest" hash-for-method="cvv(Discover, 6511933302679615, 05/21, 183)">cvv(Discover, 6511933302679615, 05/21, 183)</a> <!-- method navigator-link -->
                      </span>
                      <br/>
                      <span>
                        <img width="3%" src="passed.png"/>
                        <a href="#" class="method navigator-link" panel-name="suite-Default_suite" title="core.CreditCardValidationTest" hash-for-method="cvv(MasterCard, 5184398929973080, 09/22, 123)">cvv(MasterCard, 5184398929973080, 09/22, 123)</a> <!-- method navigator-link -->
                      </span>
                      <br/>
                      <span>
                        <img width="3%" src="passed.png"/>
                        <a href="#" class="method navigator-link" panel-name="suite-Default_suite" title="core.CreditCardValidationTest" hash-for-method="cvv(MasterCard, 5584398929973080, 09/19, 123)">cvv(MasterCard, 5584398929973080, 09/19, 123)</a> <!-- method navigator-link -->
                      </span>
                      <br/>
                      <span>
                        <img width="3%" src="passed.png"/>
                        <a href="#" class="method navigator-link" panel-name="suite-Default_suite" title="core.CreditCardValidationTest" hash-for-method="cvv(American Express, 344259201906721, 03/16, 1234)">cvv(American Express, 344259201906721, 03/16, 1234)</a> <!-- method navigator-link -->
                      </span>
                      <br/>
                      <span>
                        <img width="3%" src="passed.png"/>
                        <a href="#" class="method navigator-link" panel-name="suite-Default_suite" title="core.CreditCardValidationTest" hash-for-method="cvv(VISA, 4961785148901, 04/20, 124)">cvv(VISA, 4961785148901, 04/20, 124)</a> <!-- method navigator-link -->
                      </span>
                      <br/>
                      <span>
                        <img width="3%" src="passed.png"/>
                        <a href="#" class="method navigator-link" panel-name="suite-Default_suite" title="core.CreditCardValidationTest" hash-for-method="cvv(Discover, 6411933302679615, 01/20, 723)">cvv(Discover, 6411933302679615, 01/20, 723)</a> <!-- method navigator-link -->
                      </span>
                      <br/>
                      <span>
                        <img width="3%" src="passed.png"/>
                        <a href="#" class="method navigator-link" panel-name="suite-Default_suite" title="core.CreditCardValidationTest" hash-for-method="cvv(VISA, 4532-5471-0699-4816, 03/17, 123)">cvv(VISA, 4532-5471-0699-4816, 03/17, 123)</a> <!-- method navigator-link -->
                      </span>
                      <br/>
                      <span>
                        <img width="3%" src="passed.png"/>
                        <a href="#" class="method navigator-link" panel-name="suite-Default_suite" title="core.CreditCardValidationTest" hash-for-method="cvv(Discover, 6011933302679615, 02/18, 123)">cvv(Discover, 6011933302679615, 02/18, 123)</a> <!-- method navigator-link -->
                      </span>
                      <br/>
                      <span>
                        <img width="3%" src="passed.png"/>
                        <a href="#" class="method navigator-link" panel-name="suite-Default_suite" title="core.CreditCardValidationTest" hash-for-method="cvv(MasterCard, 5384398929973080, 09/20, 823)">cvv(MasterCard, 5384398929973080, 09/20, 823)</a> <!-- method navigator-link -->
                      </span>
                      <br/>
                      <span>
                        <img width="3%" src="passed.png"/>
                        <a href="#" class="method navigator-link" panel-name="suite-Default_suite" title="core.CreditCardValidationTest" hash-for-method="cvv(MoldovaBank, 85247652465412, 12/25, 369)">cvv(MoldovaBank, 85247652465412, 12/25, 369)</a> <!-- method navigator-link -->
                      </span>
                      <br/>
                      <span>
                        <img width="3%" src="passed.png"/>
                        <a href="#" class="method navigator-link" panel-name="suite-Default_suite" title="core.CreditCardValidationTest" hash-for-method="cvv(MasterCard, 5284398929973080, 01/16, 154)">cvv(MasterCard, 5284398929973080, 01/16, 154)</a> <!-- method navigator-link -->
                      </span>
                      <br/>
                      <span>
                        <img width="3%" src="passed.png"/>
                        <a href="#" class="method navigator-link" panel-name="suite-Default_suite" title="core.CreditCardValidationTest" hash-for-method="cvv(MasterCard, 5484398929973080, 04/18, 123)">cvv(MasterCard, 5484398929973080, 04/18, 123)</a> <!-- method navigator-link -->
                      </span>
                      <br/>
                      <span>
                        <img width="3%" src="passed.png"/>
                        <a href="#" class="method navigator-link" panel-name="suite-Default_suite" title="core.CreditCardValidationTest" hash-for-method="exp(MasterCard, 5584398929973080, 09/19, 123)">exp(MasterCard, 5584398929973080, 09/19, 123)</a> <!-- method navigator-link -->
                      </span>
                      <br/>
                      <span>
                        <img width="3%" src="passed.png"/>
                        <a href="#" class="method navigator-link" panel-name="suite-Default_suite" title="core.CreditCardValidationTest" hash-for-method="exp(MasterCard, 5484398929973080, 04/18, 123)">exp(MasterCard, 5484398929973080, 04/18, 123)</a> <!-- method navigator-link -->
                      </span>
                      <br/>
                      <span>
                        <img width="3%" src="passed.png"/>
                        <a href="#" class="method navigator-link" panel-name="suite-Default_suite" title="core.CreditCardValidationTest" hash-for-method="exp(Discover, 6511933302679615, 05/21, 183)">exp(Discover, 6511933302679615, 05/21, 183)</a> <!-- method navigator-link -->
                      </span>
                      <br/>
                      <span>
                        <img width="3%" src="passed.png"/>
                        <a href="#" class="method navigator-link" panel-name="suite-Default_suite" title="core.CreditCardValidationTest" hash-for-method="exp(Discover, 6011933302679615, 02/18, 123)">exp(Discover, 6011933302679615, 02/18, 123)</a> <!-- method navigator-link -->
                      </span>
                      <br/>
                      <span>
                        <img width="3%" src="passed.png"/>
                        <a href="#" class="method navigator-link" panel-name="suite-Default_suite" title="core.CreditCardValidationTest" hash-for-method="exp(Discover, 6211933302679615, 06/19, 124)">exp(Discover, 6211933302679615, 06/19, 124)</a> <!-- method navigator-link -->
                      </span>
                      <br/>
                      <span>
                        <img width="3%" src="passed.png"/>
                        <a href="#" class="method navigator-link" panel-name="suite-Default_suite" title="core.CreditCardValidationTest" hash-for-method="exp(VISA, 4961785148901, 04/20, 124)">exp(VISA, 4961785148901, 04/20, 124)</a> <!-- method navigator-link -->
                      </span>
                      <br/>
                      <span>
                        <img width="3%" src="passed.png"/>
                        <a href="#" class="method navigator-link" panel-name="suite-Default_suite" title="core.CreditCardValidationTest" hash-for-method="exp(Discover, 6411933302679615, 01/20, 723)">exp(Discover, 6411933302679615, 01/20, 723)</a> <!-- method navigator-link -->
                      </span>
                      <br/>
                      <span>
                        <img width="3%" src="passed.png"/>
                        <a href="#" class="method navigator-link" panel-name="suite-Default_suite" title="core.CreditCardValidationTest" hash-for-method="exp(MasterCard, 5384398929973080, 09/20, 823)">exp(MasterCard, 5384398929973080, 09/20, 823)</a> <!-- method navigator-link -->
                      </span>
                      <br/>
                      <span>
                        <img width="3%" src="passed.png"/>
                        <a href="#" class="method navigator-link" panel-name="suite-Default_suite" title="core.CreditCardValidationTest" hash-for-method="exp(MasterCard, 5184398929973080, 09/22, 123)">exp(MasterCard, 5184398929973080, 09/22, 123)</a> <!-- method navigator-link -->
                      </span>
                      <br/>
                      <span>
                        <img width="3%" src="passed.png"/>
                        <a href="#" class="method navigator-link" panel-name="suite-Default_suite" title="core.CreditCardValidationTest" hash-for-method="exp(MoldovaBank, 85247652465412, 12/25, 369)">exp(MoldovaBank, 85247652465412, 12/25, 369)</a> <!-- method navigator-link -->
                      </span>
                      <br/>
                      <span>
                        <img width="3%" src="passed.png"/>
                        <a href="#" class="method navigator-link" panel-name="suite-Default_suite" title="core.CreditCardValidationTest" hash-for-method="luhn(MasterCard, 5584398929973080, 09/19, 123)">luhn(MasterCard, 5584398929973080, 09/19, 123)</a> <!-- method navigator-link -->
                      </span>
                      <br/>
                      <span>
                        <img width="3%" src="passed.png"/>
                        <a href="#" class="method navigator-link" panel-name="suite-Default_suite" title="core.CreditCardValidationTest" hash-for-method="luhn(American Express, 344259201906721, 03/16, 1234)">luhn(American Express, 344259201906721, 03/16, 1234)</a> <!-- method navigator-link -->
                      </span>
                      <br/>
                      <span>
                        <img width="3%" src="passed.png"/>
                        <a href="#" class="method navigator-link" panel-name="suite-Default_suite" title="core.CreditCardValidationTest" hash-for-method="luhn(VISA, 4532-5471-0699-4816, 03/17, 1234)">luhn(VISA, 4532-5471-0699-4816, 03/17, 1234)</a> <!-- method navigator-link -->
                      </span>
                      <br/>
                      <span>
                        <img width="3%" src="passed.png"/>
                        <a href="#" class="method navigator-link" panel-name="suite-Default_suite" title="core.CreditCardValidationTest" hash-for-method="luhn(VISA, 4532-5471-0699-4816, 03/17, 123)">luhn(VISA, 4532-5471-0699-4816, 03/17, 123)</a> <!-- method navigator-link -->
                      </span>
                      <br/>
                      <span>
                        <img width="3%" src="passed.png"/>
                        <a href="#" class="method navigator-link" panel-name="suite-Default_suite" title="core.CreditCardValidationTest" hash-for-method="test02">test02</a> <!-- method navigator-link -->
                      </span>
                      <br/>
                      <span>
                        <img width="3%" src="passed.png"/>
                        <a href="#" class="method navigator-link" panel-name="suite-Default_suite" title="core.CreditCardValidationTest" hash-for-method="type(MasterCard, 5284398929973080, 01/16, 154)">type(MasterCard, 5284398929973080, 01/16, 154)</a> <!-- method navigator-link -->
                      </span>
                      <br/>
                      <span>
                        <img width="3%" src="passed.png"/>
                        <a href="#" class="method navigator-link" panel-name="suite-Default_suite" title="core.CreditCardValidationTest" hash-for-method="type(Discover, 6411933302679615, 01/20, 723)">type(Discover, 6411933302679615, 01/20, 723)</a> <!-- method navigator-link -->
                      </span>
                      <br/>
                      <span>
                        <img width="3%" src="passed.png"/>
                        <a href="#" class="method navigator-link" panel-name="suite-Default_suite" title="core.CreditCardValidationTest" hash-for-method="type(Discover, 6511933302679615, 05/21, 183)">type(Discover, 6511933302679615, 05/21, 183)</a> <!-- method navigator-link -->
                      </span>
                      <br/>
                      <span>
                        <img width="3%" src="passed.png"/>
                        <a href="#" class="method navigator-link" panel-name="suite-Default_suite" title="core.CreditCardValidationTest" hash-for-method="type(Discover, 6011933302679615, 02/18, 123)">type(Discover, 6011933302679615, 02/18, 123)</a> <!-- method navigator-link -->
                      </span>
                      <br/>
                      <span>
                        <img width="3%" src="passed.png"/>
                        <a href="#" class="method navigator-link" panel-name="suite-Default_suite" title="core.CreditCardValidationTest" hash-for-method="type(MasterCard, 5184398929973080, 09/22, 123)">type(MasterCard, 5184398929973080, 09/22, 123)</a> <!-- method navigator-link -->
                      </span>
                      <br/>
                      <span>
                        <img width="3%" src="passed.png"/>
                        <a href="#" class="method navigator-link" panel-name="suite-Default_suite" title="core.CreditCardValidationTest" hash-for-method="type(MasterCard, 5484398929973080, 04/18, 123)">type(MasterCard, 5484398929973080, 04/18, 123)</a> <!-- method navigator-link -->
                      </span>
                      <br/>
                      <span>
                        <img width="3%" src="passed.png"/>
                        <a href="#" class="method navigator-link" panel-name="suite-Default_suite" title="core.CreditCardValidationTest" hash-for-method="type(MasterCard, 5384398929973080, 09/20, 823)">type(MasterCard, 5384398929973080, 09/20, 823)</a> <!-- method navigator-link -->
                      </span>
                      <br/>
                      <span>
                        <img width="3%" src="passed.png"/>
                        <a href="#" class="method navigator-link" panel-name="suite-Default_suite" title="core.CreditCardValidationTest" hash-for-method="type(VISA, 4961785148901, 04/20, 124)">type(VISA, 4961785148901, 04/20, 124)</a> <!-- method navigator-link -->
                      </span>
                      <br/>
                      <span>
                        <img width="3%" src="passed.png"/>
                        <a href="#" class="method navigator-link" panel-name="suite-Default_suite" title="core.CreditCardValidationTest" hash-for-method="type(MasterCard, 5584398929973080, 09/19, 123)">type(MasterCard, 5584398929973080, 09/19, 123)</a> <!-- method navigator-link -->
                      </span>
                      <br/>
                      <span>
                        <img width="3%" src="passed.png"/>
                        <a href="#" class="method navigator-link" panel-name="suite-Default_suite" title="core.CreditCardValidationTest" hash-for-method="type(American Express, 344259201906721, 03/16, 1234)">type(American Express, 344259201906721, 03/16, 1234)</a> <!-- method navigator-link -->
                      </span>
                      <br/>
                      <span>
                        <img width="3%" src="passed.png"/>
                        <a href="#" class="method navigator-link" panel-name="suite-Default_suite" title="core.CreditCardValidationTest" hash-for-method="type(Discover, 6211933302679615, 06/19, 124)">type(Discover, 6211933302679615, 06/19, 124)</a> <!-- method navigator-link -->
                      </span>
                      <br/>
                      <span>
                        <img width="3%" src="passed.png"/>
                        <a href="#" class="method navigator-link" panel-name="suite-Default_suite" title="core.CreditCardValidationTest" hash-for-method="type(American Express, 374259201906721, 05/17, 1434)">type(American Express, 374259201906721, 05/17, 1434)</a> <!-- method navigator-link -->
                      </span>
                      <br/>
                      <span>
                        <img width="3%" src="passed.png"/>
                        <a href="#" class="method navigator-link" panel-name="suite-Default_suite" title="core.CreditCardValidationTest" hash-for-method="type(VISA, 4532-5471-0699-4816, 03/17, 123)">type(VISA, 4532-5471-0699-4816, 03/17, 123)</a> <!-- method navigator-link -->
                      </span>
                      <br/>
                      <span>
                        <img width="3%" src="passed.png"/>
                        <a href="#" class="method navigator-link" panel-name="suite-Default_suite" title="core.CreditCardValidationTest" hash-for-method="type(VISA, 4532-5471-0699-4816, 03/17, 1234)">type(VISA, 4532-5471-0699-4816, 03/17, 1234)</a> <!-- method navigator-link -->
                      </span>
                      <br/>
                    </div> <!-- method-list-content passed suite-Default_suite -->
                  </li>
                </ul>
              </div> <!-- suite-section-content -->
            </div> <!-- result-section -->
          </div> <!-- navigator-suite-content -->
        </div> <!-- rounded-window -->
      </div> <!-- suite -->
    </div> <!-- navigator-root -->
    <div class="wrapper">
      <div class="main-panel-root">
        <div panel-name="suite-Default_suite" class="panel Default_suite">
          <div class="suite-Default_suite-class-failed">
            <div class="main-panel-header rounded-window-top">
              <img src="failed.png"/>
              <span class="class-name">core.CreditCardValidationTest</span>
            </div> <!-- main-panel-header rounded-window-top -->
            <div class="main-panel-content rounded-window-bottom">
              <div class="method">
                <div class="method-content">
                  <a name="cvv(VISA, 4532-5471-0699-4816, 03/17, 1234)">
                  </a> <!-- cvv(VISA, 4532-5471-0699-4816, 03/17, 1234) -->
                  <span class="method-name">cvv</span>
                  <span class="parameters">(VISA, 4532-5471-0699-4816, 03/17, 1234)</span>
                  <div class="stack-trace">java.lang.AssertionError: 
Expected: Credit Card CVV: 1234, should be valid
     but: was &lt;false&gt;
	at org.hamcrest.MatcherAssert.assertThat(MatcherAssert.java:18)
	at org.hamcrest.MatcherAssert.assertThat(MatcherAssert.java:6)
	at core.CreditCardValidationTest.cvv(CreditCardValidationTest.java:36)
	at sun.reflect.NativeMethodAccessorImpl.invoke0(Native Method)
	at sun.reflect.NativeMethodAccessorImpl.invoke(Unknown Source)
	at sun.reflect.DelegatingMethodAccessorImpl.invoke(Unknown Source)
	at java.lang.reflect.Method.invoke(Unknown Source)
	at org.testng.internal.MethodInvocationHelper.invokeMethod(MethodInvocationHelper.java:108)
	at org.testng.internal.Invoker.invokeMethod(Invoker.java:661)
	at org.testng.internal.Invoker.invokeTestMethod(Invoker.java:869)
	at org.testng.internal.Invoker.invokeTestMethods(Invoker.java:1193)
	at org.testng.internal.TestMethodWorker.invokeTestMethods(TestMethodWorker.java:126)
	at org.testng.internal.TestMethodWorker.run(TestMethodWorker.java:109)
	at org.testng.TestRunner.privateRun(TestRunner.java:744)
	at org.testng.TestRunner.run(TestRunner.java:602)
	at org.testng.SuiteRunner.runTest(SuiteRunner.java:380)
	at org.testng.SuiteRunner.runSequentially(SuiteRunner.java:375)
	at org.testng.SuiteRunner.privateRun(SuiteRunner.java:340)
	at org.testng.SuiteRunner.run(SuiteRunner.java:289)
	at org.testng.SuiteRunnerWorker.runSuite(SuiteRunnerWorker.java:52)
	at org.testng.SuiteRunnerWorker.run(SuiteRunnerWorker.java:86)
	at org.testng.TestNG.runSuitesSequentially(TestNG.java:1301)
	at org.testng.TestNG.runSuitesLocally(TestNG.java:1226)
	at org.testng.TestNG.runSuites(TestNG.java:1144)
	at org.testng.TestNG.run(TestNG.java:1115)
	at org.testng.remote.AbstractRemoteTestNG.run(AbstractRemoteTestNG.java:132)
	at org.testng.remote.RemoteTestNG.initAndRun(RemoteTestNG.java:230)
	at org.testng.remote.RemoteTestNG.main(RemoteTestNG.java:76)

</div> <!-- stack-trace -->
                </div> <!-- method-content -->
              </div> <!-- method -->
              <div class="method">
                <div class="method-content">
                  <a name="cvv">
                  </a> <!-- cvv -->
                  <span class="method-name">cvv</span>
                  <div class="stack-trace">org.testng.internal.reflect.MethodMatcherException: 
Data provider mismatch
Method: cvv([Parameter{index=0, type=java.lang.String, declaredAnnotations=[]}, Parameter{index=1, type=java.lang.String, declaredAnnotations=[]}, Parameter{index=2, type=java.lang.String, declaredAnnotations=[]}, Parameter{index=3, type=java.lang.String, declaredAnnotations=[]}])
Arguments: [(java.lang.String)]
	at org.testng.internal.reflect.DataProviderMethodMatcher.getConformingArguments(DataProviderMethodMatcher.java:49)
	at org.testng.internal.Invoker.injectParameters(Invoker.java:1293)
	at org.testng.internal.Invoker.invokeTestMethods(Invoker.java:1187)
	at org.testng.internal.TestMethodWorker.invokeTestMethods(TestMethodWorker.java:126)
	at org.testng.internal.TestMethodWorker.run(TestMethodWorker.java:109)
	at org.testng.TestRunner.privateRun(TestRunner.java:744)
	at org.testng.TestRunner.run(TestRunner.java:602)
	at org.testng.SuiteRunner.runTest(SuiteRunner.java:380)
	at org.testng.SuiteRunner.runSequentially(SuiteRunner.java:375)
	at org.testng.SuiteRunner.privateRun(SuiteRunner.java:340)
	at org.testng.SuiteRunner.run(SuiteRunner.java:289)
	at org.testng.SuiteRunnerWorker.runSuite(SuiteRunnerWorker.java:52)
	at org.testng.SuiteRunnerWorker.run(SuiteRunnerWorker.java:86)
	at org.testng.TestNG.runSuitesSequentially(TestNG.java:1301)
	at org.testng.TestNG.runSuitesLocally(TestNG.java:1226)
	at org.testng.TestNG.runSuites(TestNG.java:1144)
	at org.testng.TestNG.run(TestNG.java:1115)
	at org.testng.remote.AbstractRemoteTestNG.run(AbstractRemoteTestNG.java:132)
	at org.testng.remote.RemoteTestNG.initAndRun(RemoteTestNG.java:230)
	at org.testng.remote.RemoteTestNG.main(RemoteTestNG.java:76)

</div> <!-- stack-trace -->
                </div> <!-- method-content -->
              </div> <!-- method -->
              <div class="method">
                <div class="method-content">
                  <a name="exp">
                  </a> <!-- exp -->
                  <span class="method-name">exp</span>
                  <div class="stack-trace">org.testng.internal.reflect.MethodMatcherException: 
Data provider mismatch
Method: exp([Parameter{index=0, type=java.lang.String, declaredAnnotations=[]}, Parameter{index=1, type=java.lang.String, declaredAnnotations=[]}, Parameter{index=2, type=java.lang.String, declaredAnnotations=[]}, Parameter{index=3, type=java.lang.String, declaredAnnotations=[]}])
Arguments: [(java.lang.String)]
	at org.testng.internal.reflect.DataProviderMethodMatcher.getConformingArguments(DataProviderMethodMatcher.java:49)
	at org.testng.internal.Invoker.injectParameters(Invoker.java:1293)
	at org.testng.internal.Invoker.invokeTestMethods(Invoker.java:1187)
	at org.testng.internal.TestMethodWorker.invokeTestMethods(TestMethodWorker.java:126)
	at org.testng.internal.TestMethodWorker.run(TestMethodWorker.java:109)
	at org.testng.TestRunner.privateRun(TestRunner.java:744)
	at org.testng.TestRunner.run(TestRunner.java:602)
	at org.testng.SuiteRunner.runTest(SuiteRunner.java:380)
	at org.testng.SuiteRunner.runSequentially(SuiteRunner.java:375)
	at org.testng.SuiteRunner.privateRun(SuiteRunner.java:340)
	at org.testng.SuiteRunner.run(SuiteRunner.java:289)
	at org.testng.SuiteRunnerWorker.runSuite(SuiteRunnerWorker.java:52)
	at org.testng.SuiteRunnerWorker.run(SuiteRunnerWorker.java:86)
	at org.testng.TestNG.runSuitesSequentially(TestNG.java:1301)
	at org.testng.TestNG.runSuitesLocally(TestNG.java:1226)
	at org.testng.TestNG.runSuites(TestNG.java:1144)
	at org.testng.TestNG.run(TestNG.java:1115)
	at org.testng.remote.AbstractRemoteTestNG.run(AbstractRemoteTestNG.java:132)
	at org.testng.remote.RemoteTestNG.initAndRun(RemoteTestNG.java:230)
	at org.testng.remote.RemoteTestNG.main(RemoteTestNG.java:76)

</div> <!-- stack-trace -->
                </div> <!-- method-content -->
              </div> <!-- method -->
              <div class="method">
                <div class="method-content">
                  <a name="exp(VISA, 4532-5471-0699-4816, 03/17, 1234)">
                  </a> <!-- exp(VISA, 4532-5471-0699-4816, 03/17, 1234) -->
                  <span class="method-name">exp</span>
                  <span class="parameters">(VISA, 4532-5471-0699-4816, 03/17, 1234)</span>
                  <div class="stack-trace">java.lang.AssertionError: 
Expected: Credit Card Exp: 03/17, should be not expired
     but: was &lt;false&gt;
	at org.hamcrest.MatcherAssert.assertThat(MatcherAssert.java:18)
	at org.hamcrest.MatcherAssert.assertThat(MatcherAssert.java:6)
	at core.CreditCardValidationTest.exp(CreditCardValidationTest.java:31)
	at sun.reflect.NativeMethodAccessorImpl.invoke0(Native Method)
	at sun.reflect.NativeMethodAccessorImpl.invoke(Unknown Source)
	at sun.reflect.DelegatingMethodAccessorImpl.invoke(Unknown Source)
	at java.lang.reflect.Method.invoke(Unknown Source)
	at org.testng.internal.MethodInvocationHelper.invokeMethod(MethodInvocationHelper.java:108)
	at org.testng.internal.Invoker.invokeMethod(Invoker.java:661)
	at org.testng.internal.Invoker.invokeTestMethod(Invoker.java:869)
	at org.testng.internal.Invoker.invokeTestMethods(Invoker.java:1193)
	at org.testng.internal.TestMethodWorker.invokeTestMethods(TestMethodWorker.java:126)
	at org.testng.internal.TestMethodWorker.run(TestMethodWorker.java:109)
	at org.testng.TestRunner.privateRun(TestRunner.java:744)
	at org.testng.TestRunner.run(TestRunner.java:602)
	at org.testng.SuiteRunner.runTest(SuiteRunner.java:380)
	at org.testng.SuiteRunner.runSequentially(SuiteRunner.java:375)
	at org.testng.SuiteRunner.privateRun(SuiteRunner.java:340)
	at org.testng.SuiteRunner.run(SuiteRunner.java:289)
	at org.testng.SuiteRunnerWorker.runSuite(SuiteRunnerWorker.java:52)
	at org.testng.SuiteRunnerWorker.run(SuiteRunnerWorker.java:86)
	at org.testng.TestNG.runSuitesSequentially(TestNG.java:1301)
	at org.testng.TestNG.runSuitesLocally(TestNG.java:1226)
	at org.testng.TestNG.runSuites(TestNG.java:1144)
	at org.testng.TestNG.run(TestNG.java:1115)
	at org.testng.remote.AbstractRemoteTestNG.run(AbstractRemoteTestNG.java:132)
	at org.testng.remote.RemoteTestNG.initAndRun(RemoteTestNG.java:230)
	at org.testng.remote.RemoteTestNG.main(RemoteTestNG.java:76)

</div> <!-- stack-trace -->
                </div> <!-- method-content -->
              </div> <!-- method -->
              <div class="method">
                <div class="method-content">
                  <a name="exp(VISA, 4532-5471-0699-4816, 03/17, 123)">
                  </a> <!-- exp(VISA, 4532-5471-0699-4816, 03/17, 123) -->
                  <span class="method-name">exp</span>
                  <span class="parameters">(VISA, 4532-5471-0699-4816, 03/17, 123)</span>
                  <div class="stack-trace">java.lang.AssertionError: 
Expected: Credit Card Exp: 03/17, should be not expired
     but: was &lt;false&gt;
	at org.hamcrest.MatcherAssert.assertThat(MatcherAssert.java:18)
	at org.hamcrest.MatcherAssert.assertThat(MatcherAssert.java:6)
	at core.CreditCardValidationTest.exp(CreditCardValidationTest.java:31)
	at sun.reflect.NativeMethodAccessorImpl.invoke0(Native Method)
	at sun.reflect.NativeMethodAccessorImpl.invoke(Unknown Source)
	at sun.reflect.DelegatingMethodAccessorImpl.invoke(Unknown Source)
	at java.lang.reflect.Method.invoke(Unknown Source)
	at org.testng.internal.MethodInvocationHelper.invokeMethod(MethodInvocationHelper.java:108)
	at org.testng.internal.Invoker.invokeMethod(Invoker.java:661)
	at org.testng.internal.Invoker.invokeTestMethod(Invoker.java:869)
	at org.testng.internal.Invoker.invokeTestMethods(Invoker.java:1193)
	at org.testng.internal.TestMethodWorker.invokeTestMethods(TestMethodWorker.java:126)
	at org.testng.internal.TestMethodWorker.run(TestMethodWorker.java:109)
	at org.testng.TestRunner.privateRun(TestRunner.java:744)
	at org.testng.TestRunner.run(TestRunner.java:602)
	at org.testng.SuiteRunner.runTest(SuiteRunner.java:380)
	at org.testng.SuiteRunner.runSequentially(SuiteRunner.java:375)
	at org.testng.SuiteRunner.privateRun(SuiteRunner.java:340)
	at org.testng.SuiteRunner.run(SuiteRunner.java:289)
	at org.testng.SuiteRunnerWorker.runSuite(SuiteRunnerWorker.java:52)
	at org.testng.SuiteRunnerWorker.run(SuiteRunnerWorker.java:86)
	at org.testng.TestNG.runSuitesSequentially(TestNG.java:1301)
	at org.testng.TestNG.runSuitesLocally(TestNG.java:1226)
	at org.testng.TestNG.runSuites(TestNG.java:1144)
	at org.testng.TestNG.run(TestNG.java:1115)
	at org.testng.remote.AbstractRemoteTestNG.run(AbstractRemoteTestNG.java:132)
	at org.testng.remote.RemoteTestNG.initAndRun(RemoteTestNG.java:230)
	at org.testng.remote.RemoteTestNG.main(RemoteTestNG.java:76)

</div> <!-- stack-trace -->
                </div> <!-- method-content -->
              </div> <!-- method -->
              <div class="method">
                <div class="method-content">
                  <a name="exp(MasterCard, 5284398929973080, 01/16, 154)">
                  </a> <!-- exp(MasterCard, 5284398929973080, 01/16, 154) -->
                  <span class="method-name">exp</span>
                  <span class="parameters">(MasterCard, 5284398929973080, 01/16, 154)</span>
                  <div class="stack-trace">java.lang.AssertionError: 
Expected: Credit Card Exp: 01/16, should be not expired
     but: was &lt;false&gt;
	at org.hamcrest.MatcherAssert.assertThat(MatcherAssert.java:18)
	at org.hamcrest.MatcherAssert.assertThat(MatcherAssert.java:6)
	at core.CreditCardValidationTest.exp(CreditCardValidationTest.java:31)
	at sun.reflect.NativeMethodAccessorImpl.invoke0(Native Method)
	at sun.reflect.NativeMethodAccessorImpl.invoke(Unknown Source)
	at sun.reflect.DelegatingMethodAccessorImpl.invoke(Unknown Source)
	at java.lang.reflect.Method.invoke(Unknown Source)
	at org.testng.internal.MethodInvocationHelper.invokeMethod(MethodInvocationHelper.java:108)
	at org.testng.internal.Invoker.invokeMethod(Invoker.java:661)
	at org.testng.internal.Invoker.invokeTestMethod(Invoker.java:869)
	at org.testng.internal.Invoker.invokeTestMethods(Invoker.java:1193)
	at org.testng.internal.TestMethodWorker.invokeTestMethods(TestMethodWorker.java:126)
	at org.testng.internal.TestMethodWorker.run(TestMethodWorker.java:109)
	at org.testng.TestRunner.privateRun(TestRunner.java:744)
	at org.testng.TestRunner.run(TestRunner.java:602)
	at org.testng.SuiteRunner.runTest(SuiteRunner.java:380)
	at org.testng.SuiteRunner.runSequentially(SuiteRunner.java:375)
	at org.testng.SuiteRunner.privateRun(SuiteRunner.java:340)
	at org.testng.SuiteRunner.run(SuiteRunner.java:289)
	at org.testng.SuiteRunnerWorker.runSuite(SuiteRunnerWorker.java:52)
	at org.testng.SuiteRunnerWorker.run(SuiteRunnerWorker.java:86)
	at org.testng.TestNG.runSuitesSequentially(TestNG.java:1301)
	at org.testng.TestNG.runSuitesLocally(TestNG.java:1226)
	at org.testng.TestNG.runSuites(TestNG.java:1144)
	at org.testng.TestNG.run(TestNG.java:1115)
	at org.testng.remote.AbstractRemoteTestNG.run(AbstractRemoteTestNG.java:132)
	at org.testng.remote.RemoteTestNG.initAndRun(RemoteTestNG.java:230)
	at org.testng.remote.RemoteTestNG.main(RemoteTestNG.java:76)

</div> <!-- stack-trace -->
                </div> <!-- method-content -->
              </div> <!-- method -->
              <div class="method">
                <div class="method-content">
                  <a name="exp(American Express, 374259201906721, 05/17, 1434)">
                  </a> <!-- exp(American Express, 374259201906721, 05/17, 1434) -->
                  <span class="method-name">exp</span>
                  <span class="parameters">(American Express, 374259201906721, 05/17, 1434)</span>
                  <div class="stack-trace">java.lang.AssertionError: 
Expected: Credit Card Exp: 05/17, should be not expired
     but: was &lt;false&gt;
	at org.hamcrest.MatcherAssert.assertThat(MatcherAssert.java:18)
	at org.hamcrest.MatcherAssert.assertThat(MatcherAssert.java:6)
	at core.CreditCardValidationTest.exp(CreditCardValidationTest.java:31)
	at sun.reflect.NativeMethodAccessorImpl.invoke0(Native Method)
	at sun.reflect.NativeMethodAccessorImpl.invoke(Unknown Source)
	at sun.reflect.DelegatingMethodAccessorImpl.invoke(Unknown Source)
	at java.lang.reflect.Method.invoke(Unknown Source)
	at org.testng.internal.MethodInvocationHelper.invokeMethod(MethodInvocationHelper.java:108)
	at org.testng.internal.Invoker.invokeMethod(Invoker.java:661)
	at org.testng.internal.Invoker.invokeTestMethod(Invoker.java:869)
	at org.testng.internal.Invoker.invokeTestMethods(Invoker.java:1193)
	at org.testng.internal.TestMethodWorker.invokeTestMethods(TestMethodWorker.java:126)
	at org.testng.internal.TestMethodWorker.run(TestMethodWorker.java:109)
	at org.testng.TestRunner.privateRun(TestRunner.java:744)
	at org.testng.TestRunner.run(TestRunner.java:602)
	at org.testng.SuiteRunner.runTest(SuiteRunner.java:380)
	at org.testng.SuiteRunner.runSequentially(SuiteRunner.java:375)
	at org.testng.SuiteRunner.privateRun(SuiteRunner.java:340)
	at org.testng.SuiteRunner.run(SuiteRunner.java:289)
	at org.testng.SuiteRunnerWorker.runSuite(SuiteRunnerWorker.java:52)
	at org.testng.SuiteRunnerWorker.run(SuiteRunnerWorker.java:86)
	at org.testng.TestNG.runSuitesSequentially(TestNG.java:1301)
	at org.testng.TestNG.runSuitesLocally(TestNG.java:1226)
	at org.testng.TestNG.runSuites(TestNG.java:1144)
	at org.testng.TestNG.run(TestNG.java:1115)
	at org.testng.remote.AbstractRemoteTestNG.run(AbstractRemoteTestNG.java:132)
	at org.testng.remote.RemoteTestNG.initAndRun(RemoteTestNG.java:230)
	at org.testng.remote.RemoteTestNG.main(RemoteTestNG.java:76)

</div> <!-- stack-trace -->
                </div> <!-- method-content -->
              </div> <!-- method -->
              <div class="method">
                <div class="method-content">
                  <a name="exp(American Express, 344259201906721, 03/16, 1234)">
                  </a> <!-- exp(American Express, 344259201906721, 03/16, 1234) -->
                  <span class="method-name">exp</span>
                  <span class="parameters">(American Express, 344259201906721, 03/16, 1234)</span>
                  <div class="stack-trace">java.lang.AssertionError: 
Expected: Credit Card Exp: 03/16, should be not expired
     but: was &lt;false&gt;
	at org.hamcrest.MatcherAssert.assertThat(MatcherAssert.java:18)
	at org.hamcrest.MatcherAssert.assertThat(MatcherAssert.java:6)
	at core.CreditCardValidationTest.exp(CreditCardValidationTest.java:31)
	at sun.reflect.NativeMethodAccessorImpl.invoke0(Native Method)
	at sun.reflect.NativeMethodAccessorImpl.invoke(Unknown Source)
	at sun.reflect.DelegatingMethodAccessorImpl.invoke(Unknown Source)
	at java.lang.reflect.Method.invoke(Unknown Source)
	at org.testng.internal.MethodInvocationHelper.invokeMethod(MethodInvocationHelper.java:108)
	at org.testng.internal.Invoker.invokeMethod(Invoker.java:661)
	at org.testng.internal.Invoker.invokeTestMethod(Invoker.java:869)
	at org.testng.internal.Invoker.invokeTestMethods(Invoker.java:1193)
	at org.testng.internal.TestMethodWorker.invokeTestMethods(TestMethodWorker.java:126)
	at org.testng.internal.TestMethodWorker.run(TestMethodWorker.java:109)
	at org.testng.TestRunner.privateRun(TestRunner.java:744)
	at org.testng.TestRunner.run(TestRunner.java:602)
	at org.testng.SuiteRunner.runTest(SuiteRunner.java:380)
	at org.testng.SuiteRunner.runSequentially(SuiteRunner.java:375)
	at org.testng.SuiteRunner.privateRun(SuiteRunner.java:340)
	at org.testng.SuiteRunner.run(SuiteRunner.java:289)
	at org.testng.SuiteRunnerWorker.runSuite(SuiteRunnerWorker.java:52)
	at org.testng.SuiteRunnerWorker.run(SuiteRunnerWorker.java:86)
	at org.testng.TestNG.runSuitesSequentially(TestNG.java:1301)
	at org.testng.TestNG.runSuitesLocally(TestNG.java:1226)
	at org.testng.TestNG.runSuites(TestNG.java:1144)
	at org.testng.TestNG.run(TestNG.java:1115)
	at org.testng.remote.AbstractRemoteTestNG.run(AbstractRemoteTestNG.java:132)
	at org.testng.remote.RemoteTestNG.initAndRun(RemoteTestNG.java:230)
	at org.testng.remote.RemoteTestNG.main(RemoteTestNG.java:76)

</div> <!-- stack-trace -->
                </div> <!-- method-content -->
              </div> <!-- method -->
              <div class="method">
                <div class="method-content">
                  <a name="luhn">
                  </a> <!-- luhn -->
                  <span class="method-name">luhn</span>
                  <div class="stack-trace">org.testng.internal.reflect.MethodMatcherException: 
Data provider mismatch
Method: luhn([Parameter{index=0, type=java.lang.String, declaredAnnotations=[]}, Parameter{index=1, type=java.lang.String, declaredAnnotations=[]}, Parameter{index=2, type=java.lang.String, declaredAnnotations=[]}, Parameter{index=3, type=java.lang.String, declaredAnnotations=[]}])
Arguments: [(java.lang.String)]
	at org.testng.internal.reflect.DataProviderMethodMatcher.getConformingArguments(DataProviderMethodMatcher.java:49)
	at org.testng.internal.Invoker.injectParameters(Invoker.java:1293)
	at org.testng.internal.Invoker.invokeTestMethods(Invoker.java:1187)
	at org.testng.internal.TestMethodWorker.invokeTestMethods(TestMethodWorker.java:126)
	at org.testng.internal.TestMethodWorker.run(TestMethodWorker.java:109)
	at org.testng.TestRunner.privateRun(TestRunner.java:744)
	at org.testng.TestRunner.run(TestRunner.java:602)
	at org.testng.SuiteRunner.runTest(SuiteRunner.java:380)
	at org.testng.SuiteRunner.runSequentially(SuiteRunner.java:375)
	at org.testng.SuiteRunner.privateRun(SuiteRunner.java:340)
	at org.testng.SuiteRunner.run(SuiteRunner.java:289)
	at org.testng.SuiteRunnerWorker.runSuite(SuiteRunnerWorker.java:52)
	at org.testng.SuiteRunnerWorker.run(SuiteRunnerWorker.java:86)
	at org.testng.TestNG.runSuitesSequentially(TestNG.java:1301)
	at org.testng.TestNG.runSuitesLocally(TestNG.java:1226)
	at org.testng.TestNG.runSuites(TestNG.java:1144)
	at org.testng.TestNG.run(TestNG.java:1115)
	at org.testng.remote.AbstractRemoteTestNG.run(AbstractRemoteTestNG.java:132)
	at org.testng.remote.RemoteTestNG.initAndRun(RemoteTestNG.java:230)
	at org.testng.remote.RemoteTestNG.main(RemoteTestNG.java:76)

</div> <!-- stack-trace -->
                </div> <!-- method-content -->
              </div> <!-- method -->
              <div class="method">
                <div class="method-content">
                  <a name="luhn(MasterCard, 5184398929973080, 09/22, 123)">
                  </a> <!-- luhn(MasterCard, 5184398929973080, 09/22, 123) -->
                  <span class="method-name">luhn</span>
                  <span class="parameters">(MasterCard, 5184398929973080, 09/22, 123)</span>
                  <div class="stack-trace">java.lang.AssertionError: 
Expected: Luhn of: 5184398929973080, should be valid
     but: was &lt;false&gt;
	at org.hamcrest.MatcherAssert.assertThat(MatcherAssert.java:18)
	at org.hamcrest.MatcherAssert.assertThat(MatcherAssert.java:6)
	at core.CreditCardValidationTest.luhn(CreditCardValidationTest.java:41)
	at sun.reflect.NativeMethodAccessorImpl.invoke0(Native Method)
	at sun.reflect.NativeMethodAccessorImpl.invoke(Unknown Source)
	at sun.reflect.DelegatingMethodAccessorImpl.invoke(Unknown Source)
	at java.lang.reflect.Method.invoke(Unknown Source)
	at org.testng.internal.MethodInvocationHelper.invokeMethod(MethodInvocationHelper.java:108)
	at org.testng.internal.Invoker.invokeMethod(Invoker.java:661)
	at org.testng.internal.Invoker.invokeTestMethod(Invoker.java:869)
	at org.testng.internal.Invoker.invokeTestMethods(Invoker.java:1193)
	at org.testng.internal.TestMethodWorker.invokeTestMethods(TestMethodWorker.java:126)
	at org.testng.internal.TestMethodWorker.run(TestMethodWorker.java:109)
	at org.testng.TestRunner.privateRun(TestRunner.java:744)
	at org.testng.TestRunner.run(TestRunner.java:602)
	at org.testng.SuiteRunner.runTest(SuiteRunner.java:380)
	at org.testng.SuiteRunner.runSequentially(SuiteRunner.java:375)
	at org.testng.SuiteRunner.privateRun(SuiteRunner.java:340)
	at org.testng.SuiteRunner.run(SuiteRunner.java:289)
	at org.testng.SuiteRunnerWorker.runSuite(SuiteRunnerWorker.java:52)
	at org.testng.SuiteRunnerWorker.run(SuiteRunnerWorker.java:86)
	at org.testng.TestNG.runSuitesSequentially(TestNG.java:1301)
	at org.testng.TestNG.runSuitesLocally(TestNG.java:1226)
	at org.testng.TestNG.runSuites(TestNG.java:1144)
	at org.testng.TestNG.run(TestNG.java:1115)
	at org.testng.remote.AbstractRemoteTestNG.run(AbstractRemoteTestNG.java:132)
	at org.testng.remote.RemoteTestNG.initAndRun(RemoteTestNG.java:230)
	at org.testng.remote.RemoteTestNG.main(RemoteTestNG.java:76)

</div> <!-- stack-trace -->
                </div> <!-- method-content -->
              </div> <!-- method -->
              <div class="method">
                <div class="method-content">
                  <a name="luhn(MasterCard, 5284398929973080, 01/16, 154)">
                  </a> <!-- luhn(MasterCard, 5284398929973080, 01/16, 154) -->
                  <span class="method-name">luhn</span>
                  <span class="parameters">(MasterCard, 5284398929973080, 01/16, 154)</span>
                  <div class="stack-trace">java.lang.AssertionError: 
Expected: Luhn of: 5284398929973080, should be valid
     but: was &lt;false&gt;
	at org.hamcrest.MatcherAssert.assertThat(MatcherAssert.java:18)
	at org.hamcrest.MatcherAssert.assertThat(MatcherAssert.java:6)
	at core.CreditCardValidationTest.luhn(CreditCardValidationTest.java:41)
	at sun.reflect.NativeMethodAccessorImpl.invoke0(Native Method)
	at sun.reflect.NativeMethodAccessorImpl.invoke(Unknown Source)
	at sun.reflect.DelegatingMethodAccessorImpl.invoke(Unknown Source)
	at java.lang.reflect.Method.invoke(Unknown Source)
	at org.testng.internal.MethodInvocationHelper.invokeMethod(MethodInvocationHelper.java:108)
	at org.testng.internal.Invoker.invokeMethod(Invoker.java:661)
	at org.testng.internal.Invoker.invokeTestMethod(Invoker.java:869)
	at org.testng.internal.Invoker.invokeTestMethods(Invoker.java:1193)
	at org.testng.internal.TestMethodWorker.invokeTestMethods(TestMethodWorker.java:126)
	at org.testng.internal.TestMethodWorker.run(TestMethodWorker.java:109)
	at org.testng.TestRunner.privateRun(TestRunner.java:744)
	at org.testng.TestRunner.run(TestRunner.java:602)
	at org.testng.SuiteRunner.runTest(SuiteRunner.java:380)
	at org.testng.SuiteRunner.runSequentially(SuiteRunner.java:375)
	at org.testng.SuiteRunner.privateRun(SuiteRunner.java:340)
	at org.testng.SuiteRunner.run(SuiteRunner.java:289)
	at org.testng.SuiteRunnerWorker.runSuite(SuiteRunnerWorker.java:52)
	at org.testng.SuiteRunnerWorker.run(SuiteRunnerWorker.java:86)
	at org.testng.TestNG.runSuitesSequentially(TestNG.java:1301)
	at org.testng.TestNG.runSuitesLocally(TestNG.java:1226)
	at org.testng.TestNG.runSuites(TestNG.java:1144)
	at org.testng.TestNG.run(TestNG.java:1115)
	at org.testng.remote.AbstractRemoteTestNG.run(AbstractRemoteTestNG.java:132)
	at org.testng.remote.RemoteTestNG.initAndRun(RemoteTestNG.java:230)
	at org.testng.remote.RemoteTestNG.main(RemoteTestNG.java:76)

</div> <!-- stack-trace -->
                </div> <!-- method-content -->
              </div> <!-- method -->
              <div class="method">
                <div class="method-content">
                  <a name="luhn(Discover, 6411933302679615, 01/20, 723)">
                  </a> <!-- luhn(Discover, 6411933302679615, 01/20, 723) -->
                  <span class="method-name">luhn</span>
                  <span class="parameters">(Discover, 6411933302679615, 01/20, 723)</span>
                  <div class="stack-trace">java.lang.AssertionError: 
Expected: Luhn of: 6411933302679615, should be valid
     but: was &lt;false&gt;
	at org.hamcrest.MatcherAssert.assertThat(MatcherAssert.java:18)
	at org.hamcrest.MatcherAssert.assertThat(MatcherAssert.java:6)
	at core.CreditCardValidationTest.luhn(CreditCardValidationTest.java:41)
	at sun.reflect.NativeMethodAccessorImpl.invoke0(Native Method)
	at sun.reflect.NativeMethodAccessorImpl.invoke(Unknown Source)
	at sun.reflect.DelegatingMethodAccessorImpl.invoke(Unknown Source)
	at java.lang.reflect.Method.invoke(Unknown Source)
	at org.testng.internal.MethodInvocationHelper.invokeMethod(MethodInvocationHelper.java:108)
	at org.testng.internal.Invoker.invokeMethod(Invoker.java:661)
	at org.testng.internal.Invoker.invokeTestMethod(Invoker.java:869)
	at org.testng.internal.Invoker.invokeTestMethods(Invoker.java:1193)
	at org.testng.internal.TestMethodWorker.invokeTestMethods(TestMethodWorker.java:126)
	at org.testng.internal.TestMethodWorker.run(TestMethodWorker.java:109)
	at org.testng.TestRunner.privateRun(TestRunner.java:744)
	at org.testng.TestRunner.run(TestRunner.java:602)
	at org.testng.SuiteRunner.runTest(SuiteRunner.java:380)
	at org.testng.SuiteRunner.runSequentially(SuiteRunner.java:375)
	at org.testng.SuiteRunner.privateRun(SuiteRunner.java:340)
	at org.testng.SuiteRunner.run(SuiteRunner.java:289)
	at org.testng.SuiteRunnerWorker.runSuite(SuiteRunnerWorker.java:52)
	at org.testng.SuiteRunnerWorker.run(SuiteRunnerWorker.java:86)
	at org.testng.TestNG.runSuitesSequentially(TestNG.java:1301)
	at org.testng.TestNG.runSuitesLocally(TestNG.java:1226)
	at org.testng.TestNG.runSuites(TestNG.java:1144)
	at org.testng.TestNG.run(TestNG.java:1115)
	at org.testng.remote.AbstractRemoteTestNG.run(AbstractRemoteTestNG.java:132)
	at org.testng.remote.RemoteTestNG.initAndRun(RemoteTestNG.java:230)
	at org.testng.remote.RemoteTestNG.main(RemoteTestNG.java:76)

</div> <!-- stack-trace -->
                </div> <!-- method-content -->
              </div> <!-- method -->
              <div class="method">
                <div class="method-content">
                  <a name="luhn(MoldovaBank, 85247652465412, 12/25, 369)">
                  </a> <!-- luhn(MoldovaBank, 85247652465412, 12/25, 369) -->
                  <span class="method-name">luhn</span>
                  <span class="parameters">(MoldovaBank, 85247652465412, 12/25, 369)</span>
                  <div class="stack-trace">java.lang.AssertionError: 
Expected: Luhn of: 85247652465412, should be valid
     but: was &lt;false&gt;
	at org.hamcrest.MatcherAssert.assertThat(MatcherAssert.java:18)
	at org.hamcrest.MatcherAssert.assertThat(MatcherAssert.java:6)
	at core.CreditCardValidationTest.luhn(CreditCardValidationTest.java:41)
	at sun.reflect.NativeMethodAccessorImpl.invoke0(Native Method)
	at sun.reflect.NativeMethodAccessorImpl.invoke(Unknown Source)
	at sun.reflect.DelegatingMethodAccessorImpl.invoke(Unknown Source)
	at java.lang.reflect.Method.invoke(Unknown Source)
	at org.testng.internal.MethodInvocationHelper.invokeMethod(MethodInvocationHelper.java:108)
	at org.testng.internal.Invoker.invokeMethod(Invoker.java:661)
	at org.testng.internal.Invoker.invokeTestMethod(Invoker.java:869)
	at org.testng.internal.Invoker.invokeTestMethods(Invoker.java:1193)
	at org.testng.internal.TestMethodWorker.invokeTestMethods(TestMethodWorker.java:126)
	at org.testng.internal.TestMethodWorker.run(TestMethodWorker.java:109)
	at org.testng.TestRunner.privateRun(TestRunner.java:744)
	at org.testng.TestRunner.run(TestRunner.java:602)
	at org.testng.SuiteRunner.runTest(SuiteRunner.java:380)
	at org.testng.SuiteRunner.runSequentially(SuiteRunner.java:375)
	at org.testng.SuiteRunner.privateRun(SuiteRunner.java:340)
	at org.testng.SuiteRunner.run(SuiteRunner.java:289)
	at org.testng.SuiteRunnerWorker.runSuite(SuiteRunnerWorker.java:52)
	at org.testng.SuiteRunnerWorker.run(SuiteRunnerWorker.java:86)
	at org.testng.TestNG.runSuitesSequentially(TestNG.java:1301)
	at org.testng.TestNG.runSuitesLocally(TestNG.java:1226)
	at org.testng.TestNG.runSuites(TestNG.java:1144)
	at org.testng.TestNG.run(TestNG.java:1115)
	at org.testng.remote.AbstractRemoteTestNG.run(AbstractRemoteTestNG.java:132)
	at org.testng.remote.RemoteTestNG.initAndRun(RemoteTestNG.java:230)
	at org.testng.remote.RemoteTestNG.main(RemoteTestNG.java:76)

</div> <!-- stack-trace -->
                </div> <!-- method-content -->
              </div> <!-- method -->
              <div class="method">
                <div class="method-content">
                  <a name="luhn(American Express, 374259201906721, 05/17, 1434)">
                  </a> <!-- luhn(American Express, 374259201906721, 05/17, 1434) -->
                  <span class="method-name">luhn</span>
                  <span class="parameters">(American Express, 374259201906721, 05/17, 1434)</span>
                  <div class="stack-trace">java.lang.AssertionError: 
Expected: Luhn of: 374259201906721, should be valid
     but: was &lt;false&gt;
	at org.hamcrest.MatcherAssert.assertThat(MatcherAssert.java:18)
	at org.hamcrest.MatcherAssert.assertThat(MatcherAssert.java:6)
	at core.CreditCardValidationTest.luhn(CreditCardValidationTest.java:41)
	at sun.reflect.NativeMethodAccessorImpl.invoke0(Native Method)
	at sun.reflect.NativeMethodAccessorImpl.invoke(Unknown Source)
	at sun.reflect.DelegatingMethodAccessorImpl.invoke(Unknown Source)
	at java.lang.reflect.Method.invoke(Unknown Source)
	at org.testng.internal.MethodInvocationHelper.invokeMethod(MethodInvocationHelper.java:108)
	at org.testng.internal.Invoker.invokeMethod(Invoker.java:661)
	at org.testng.internal.Invoker.invokeTestMethod(Invoker.java:869)
	at org.testng.internal.Invoker.invokeTestMethods(Invoker.java:1193)
	at org.testng.internal.TestMethodWorker.invokeTestMethods(TestMethodWorker.java:126)
	at org.testng.internal.TestMethodWorker.run(TestMethodWorker.java:109)
	at org.testng.TestRunner.privateRun(TestRunner.java:744)
	at org.testng.TestRunner.run(TestRunner.java:602)
	at org.testng.SuiteRunner.runTest(SuiteRunner.java:380)
	at org.testng.SuiteRunner.runSequentially(SuiteRunner.java:375)
	at org.testng.SuiteRunner.privateRun(SuiteRunner.java:340)
	at org.testng.SuiteRunner.run(SuiteRunner.java:289)
	at org.testng.SuiteRunnerWorker.runSuite(SuiteRunnerWorker.java:52)
	at org.testng.SuiteRunnerWorker.run(SuiteRunnerWorker.java:86)
	at org.testng.TestNG.runSuitesSequentially(TestNG.java:1301)
	at org.testng.TestNG.runSuitesLocally(TestNG.java:1226)
	at org.testng.TestNG.runSuites(TestNG.java:1144)
	at org.testng.TestNG.run(TestNG.java:1115)
	at org.testng.remote.AbstractRemoteTestNG.run(AbstractRemoteTestNG.java:132)
	at org.testng.remote.RemoteTestNG.initAndRun(RemoteTestNG.java:230)
	at org.testng.remote.RemoteTestNG.main(RemoteTestNG.java:76)

</div> <!-- stack-trace -->
                </div> <!-- method-content -->
              </div> <!-- method -->
              <div class="method">
                <div class="method-content">
                  <a name="luhn(MasterCard, 5484398929973080, 04/18, 123)">
                  </a> <!-- luhn(MasterCard, 5484398929973080, 04/18, 123) -->
                  <span class="method-name">luhn</span>
                  <span class="parameters">(MasterCard, 5484398929973080, 04/18, 123)</span>
                  <div class="stack-trace">java.lang.AssertionError: 
Expected: Luhn of: 5484398929973080, should be valid
     but: was &lt;false&gt;
	at org.hamcrest.MatcherAssert.assertThat(MatcherAssert.java:18)
	at org.hamcrest.MatcherAssert.assertThat(MatcherAssert.java:6)
	at core.CreditCardValidationTest.luhn(CreditCardValidationTest.java:41)
	at sun.reflect.NativeMethodAccessorImpl.invoke0(Native Method)
	at sun.reflect.NativeMethodAccessorImpl.invoke(Unknown Source)
	at sun.reflect.DelegatingMethodAccessorImpl.invoke(Unknown Source)
	at java.lang.reflect.Method.invoke(Unknown Source)
	at org.testng.internal.MethodInvocationHelper.invokeMethod(MethodInvocationHelper.java:108)
	at org.testng.internal.Invoker.invokeMethod(Invoker.java:661)
	at org.testng.internal.Invoker.invokeTestMethod(Invoker.java:869)
	at org.testng.internal.Invoker.invokeTestMethods(Invoker.java:1193)
	at org.testng.internal.TestMethodWorker.invokeTestMethods(TestMethodWorker.java:126)
	at org.testng.internal.TestMethodWorker.run(TestMethodWorker.java:109)
	at org.testng.TestRunner.privateRun(TestRunner.java:744)
	at org.testng.TestRunner.run(TestRunner.java:602)
	at org.testng.SuiteRunner.runTest(SuiteRunner.java:380)
	at org.testng.SuiteRunner.runSequentially(SuiteRunner.java:375)
	at org.testng.SuiteRunner.privateRun(SuiteRunner.java:340)
	at org.testng.SuiteRunner.run(SuiteRunner.java:289)
	at org.testng.SuiteRunnerWorker.runSuite(SuiteRunnerWorker.java:52)
	at org.testng.SuiteRunnerWorker.run(SuiteRunnerWorker.java:86)
	at org.testng.TestNG.runSuitesSequentially(TestNG.java:1301)
	at org.testng.TestNG.runSuitesLocally(TestNG.java:1226)
	at org.testng.TestNG.runSuites(TestNG.java:1144)
	at org.testng.TestNG.run(TestNG.java:1115)
	at org.testng.remote.AbstractRemoteTestNG.run(AbstractRemoteTestNG.java:132)
	at org.testng.remote.RemoteTestNG.initAndRun(RemoteTestNG.java:230)
	at org.testng.remote.RemoteTestNG.main(RemoteTestNG.java:76)

</div> <!-- stack-trace -->
                </div> <!-- method-content -->
              </div> <!-- method -->
              <div class="method">
                <div class="method-content">
                  <a name="luhn(MasterCard, 5384398929973080, 09/20, 823)">
                  </a> <!-- luhn(MasterCard, 5384398929973080, 09/20, 823) -->
                  <span class="method-name">luhn</span>
                  <span class="parameters">(MasterCard, 5384398929973080, 09/20, 823)</span>
                  <div class="stack-trace">java.lang.AssertionError: 
Expected: Luhn of: 5384398929973080, should be valid
     but: was &lt;false&gt;
	at org.hamcrest.MatcherAssert.assertThat(MatcherAssert.java:18)
	at org.hamcrest.MatcherAssert.assertThat(MatcherAssert.java:6)
	at core.CreditCardValidationTest.luhn(CreditCardValidationTest.java:41)
	at sun.reflect.NativeMethodAccessorImpl.invoke0(Native Method)
	at sun.reflect.NativeMethodAccessorImpl.invoke(Unknown Source)
	at sun.reflect.DelegatingMethodAccessorImpl.invoke(Unknown Source)
	at java.lang.reflect.Method.invoke(Unknown Source)
	at org.testng.internal.MethodInvocationHelper.invokeMethod(MethodInvocationHelper.java:108)
	at org.testng.internal.Invoker.invokeMethod(Invoker.java:661)
	at org.testng.internal.Invoker.invokeTestMethod(Invoker.java:869)
	at org.testng.internal.Invoker.invokeTestMethods(Invoker.java:1193)
	at org.testng.internal.TestMethodWorker.invokeTestMethods(TestMethodWorker.java:126)
	at org.testng.internal.TestMethodWorker.run(TestMethodWorker.java:109)
	at org.testng.TestRunner.privateRun(TestRunner.java:744)
	at org.testng.TestRunner.run(TestRunner.java:602)
	at org.testng.SuiteRunner.runTest(SuiteRunner.java:380)
	at org.testng.SuiteRunner.runSequentially(SuiteRunner.java:375)
	at org.testng.SuiteRunner.privateRun(SuiteRunner.java:340)
	at org.testng.SuiteRunner.run(SuiteRunner.java:289)
	at org.testng.SuiteRunnerWorker.runSuite(SuiteRunnerWorker.java:52)
	at org.testng.SuiteRunnerWorker.run(SuiteRunnerWorker.java:86)
	at org.testng.TestNG.runSuitesSequentially(TestNG.java:1301)
	at org.testng.TestNG.runSuitesLocally(TestNG.java:1226)
	at org.testng.TestNG.runSuites(TestNG.java:1144)
	at org.testng.TestNG.run(TestNG.java:1115)
	at org.testng.remote.AbstractRemoteTestNG.run(AbstractRemoteTestNG.java:132)
	at org.testng.remote.RemoteTestNG.initAndRun(RemoteTestNG.java:230)
	at org.testng.remote.RemoteTestNG.main(RemoteTestNG.java:76)

</div> <!-- stack-trace -->
                </div> <!-- method-content -->
              </div> <!-- method -->
              <div class="method">
                <div class="method-content">
                  <a name="luhn(VISA, 4961785148901, 04/20, 124)">
                  </a> <!-- luhn(VISA, 4961785148901, 04/20, 124) -->
                  <span class="method-name">luhn</span>
                  <span class="parameters">(VISA, 4961785148901, 04/20, 124)</span>
                  <div class="stack-trace">java.lang.AssertionError: 
Expected: Luhn of: 4961785148901, should be valid
     but: was &lt;false&gt;
	at org.hamcrest.MatcherAssert.assertThat(MatcherAssert.java:18)
	at org.hamcrest.MatcherAssert.assertThat(MatcherAssert.java:6)
	at core.CreditCardValidationTest.luhn(CreditCardValidationTest.java:41)
	at sun.reflect.NativeMethodAccessorImpl.invoke0(Native Method)
	at sun.reflect.NativeMethodAccessorImpl.invoke(Unknown Source)
	at sun.reflect.DelegatingMethodAccessorImpl.invoke(Unknown Source)
	at java.lang.reflect.Method.invoke(Unknown Source)
	at org.testng.internal.MethodInvocationHelper.invokeMethod(MethodInvocationHelper.java:108)
	at org.testng.internal.Invoker.invokeMethod(Invoker.java:661)
	at org.testng.internal.Invoker.invokeTestMethod(Invoker.java:869)
	at org.testng.internal.Invoker.invokeTestMethods(Invoker.java:1193)
	at org.testng.internal.TestMethodWorker.invokeTestMethods(TestMethodWorker.java:126)
	at org.testng.internal.TestMethodWorker.run(TestMethodWorker.java:109)
	at org.testng.TestRunner.privateRun(TestRunner.java:744)
	at org.testng.TestRunner.run(TestRunner.java:602)
	at org.testng.SuiteRunner.runTest(SuiteRunner.java:380)
	at org.testng.SuiteRunner.runSequentially(SuiteRunner.java:375)
	at org.testng.SuiteRunner.privateRun(SuiteRunner.java:340)
	at org.testng.SuiteRunner.run(SuiteRunner.java:289)
	at org.testng.SuiteRunnerWorker.runSuite(SuiteRunnerWorker.java:52)
	at org.testng.SuiteRunnerWorker.run(SuiteRunnerWorker.java:86)
	at org.testng.TestNG.runSuitesSequentially(TestNG.java:1301)
	at org.testng.TestNG.runSuitesLocally(TestNG.java:1226)
	at org.testng.TestNG.runSuites(TestNG.java:1144)
	at org.testng.TestNG.run(TestNG.java:1115)
	at org.testng.remote.AbstractRemoteTestNG.run(AbstractRemoteTestNG.java:132)
	at org.testng.remote.RemoteTestNG.initAndRun(RemoteTestNG.java:230)
	at org.testng.remote.RemoteTestNG.main(RemoteTestNG.java:76)

</div> <!-- stack-trace -->
                </div> <!-- method-content -->
              </div> <!-- method -->
              <div class="method">
                <div class="method-content">
                  <a name="luhn(Discover, 6211933302679615, 06/19, 124)">
                  </a> <!-- luhn(Discover, 6211933302679615, 06/19, 124) -->
                  <span class="method-name">luhn</span>
                  <span class="parameters">(Discover, 6211933302679615, 06/19, 124)</span>
                  <div class="stack-trace">java.lang.AssertionError: 
Expected: Luhn of: 6211933302679615, should be valid
     but: was &lt;false&gt;
	at org.hamcrest.MatcherAssert.assertThat(MatcherAssert.java:18)
	at org.hamcrest.MatcherAssert.assertThat(MatcherAssert.java:6)
	at core.CreditCardValidationTest.luhn(CreditCardValidationTest.java:41)
	at sun.reflect.NativeMethodAccessorImpl.invoke0(Native Method)
	at sun.reflect.NativeMethodAccessorImpl.invoke(Unknown Source)
	at sun.reflect.DelegatingMethodAccessorImpl.invoke(Unknown Source)
	at java.lang.reflect.Method.invoke(Unknown Source)
	at org.testng.internal.MethodInvocationHelper.invokeMethod(MethodInvocationHelper.java:108)
	at org.testng.internal.Invoker.invokeMethod(Invoker.java:661)
	at org.testng.internal.Invoker.invokeTestMethod(Invoker.java:869)
	at org.testng.internal.Invoker.invokeTestMethods(Invoker.java:1193)
	at org.testng.internal.TestMethodWorker.invokeTestMethods(TestMethodWorker.java:126)
	at org.testng.internal.TestMethodWorker.run(TestMethodWorker.java:109)
	at org.testng.TestRunner.privateRun(TestRunner.java:744)
	at org.testng.TestRunner.run(TestRunner.java:602)
	at org.testng.SuiteRunner.runTest(SuiteRunner.java:380)
	at org.testng.SuiteRunner.runSequentially(SuiteRunner.java:375)
	at org.testng.SuiteRunner.privateRun(SuiteRunner.java:340)
	at org.testng.SuiteRunner.run(SuiteRunner.java:289)
	at org.testng.SuiteRunnerWorker.runSuite(SuiteRunnerWorker.java:52)
	at org.testng.SuiteRunnerWorker.run(SuiteRunnerWorker.java:86)
	at org.testng.TestNG.runSuitesSequentially(TestNG.java:1301)
	at org.testng.TestNG.runSuitesLocally(TestNG.java:1226)
	at org.testng.TestNG.runSuites(TestNG.java:1144)
	at org.testng.TestNG.run(TestNG.java:1115)
	at org.testng.remote.AbstractRemoteTestNG.run(AbstractRemoteTestNG.java:132)
	at org.testng.remote.RemoteTestNG.initAndRun(RemoteTestNG.java:230)
	at org.testng.remote.RemoteTestNG.main(RemoteTestNG.java:76)

</div> <!-- stack-trace -->
                </div> <!-- method-content -->
              </div> <!-- method -->
              <div class="method">
                <div class="method-content">
                  <a name="luhn(Discover, 6011933302679615, 02/18, 123)">
                  </a> <!-- luhn(Discover, 6011933302679615, 02/18, 123) -->
                  <span class="method-name">luhn</span>
                  <span class="parameters">(Discover, 6011933302679615, 02/18, 123)</span>
                  <div class="stack-trace">java.lang.AssertionError: 
Expected: Luhn of: 6011933302679615, should be valid
     but: was &lt;false&gt;
	at org.hamcrest.MatcherAssert.assertThat(MatcherAssert.java:18)
	at org.hamcrest.MatcherAssert.assertThat(MatcherAssert.java:6)
	at core.CreditCardValidationTest.luhn(CreditCardValidationTest.java:41)
	at sun.reflect.NativeMethodAccessorImpl.invoke0(Native Method)
	at sun.reflect.NativeMethodAccessorImpl.invoke(Unknown Source)
	at sun.reflect.DelegatingMethodAccessorImpl.invoke(Unknown Source)
	at java.lang.reflect.Method.invoke(Unknown Source)
	at org.testng.internal.MethodInvocationHelper.invokeMethod(MethodInvocationHelper.java:108)
	at org.testng.internal.Invoker.invokeMethod(Invoker.java:661)
	at org.testng.internal.Invoker.invokeTestMethod(Invoker.java:869)
	at org.testng.internal.Invoker.invokeTestMethods(Invoker.java:1193)
	at org.testng.internal.TestMethodWorker.invokeTestMethods(TestMethodWorker.java:126)
	at org.testng.internal.TestMethodWorker.run(TestMethodWorker.java:109)
	at org.testng.TestRunner.privateRun(TestRunner.java:744)
	at org.testng.TestRunner.run(TestRunner.java:602)
	at org.testng.SuiteRunner.runTest(SuiteRunner.java:380)
	at org.testng.SuiteRunner.runSequentially(SuiteRunner.java:375)
	at org.testng.SuiteRunner.privateRun(SuiteRunner.java:340)
	at org.testng.SuiteRunner.run(SuiteRunner.java:289)
	at org.testng.SuiteRunnerWorker.runSuite(SuiteRunnerWorker.java:52)
	at org.testng.SuiteRunnerWorker.run(SuiteRunnerWorker.java:86)
	at org.testng.TestNG.runSuitesSequentially(TestNG.java:1301)
	at org.testng.TestNG.runSuitesLocally(TestNG.java:1226)
	at org.testng.TestNG.runSuites(TestNG.java:1144)
	at org.testng.TestNG.run(TestNG.java:1115)
	at org.testng.remote.AbstractRemoteTestNG.run(AbstractRemoteTestNG.java:132)
	at org.testng.remote.RemoteTestNG.initAndRun(RemoteTestNG.java:230)
	at org.testng.remote.RemoteTestNG.main(RemoteTestNG.java:76)

</div> <!-- stack-trace -->
                </div> <!-- method-content -->
              </div> <!-- method -->
              <div class="method">
                <div class="method-content">
                  <a name="luhn(Discover, 6511933302679615, 05/21, 183)">
                  </a> <!-- luhn(Discover, 6511933302679615, 05/21, 183) -->
                  <span class="method-name">luhn</span>
                  <span class="parameters">(Discover, 6511933302679615, 05/21, 183)</span>
                  <div class="stack-trace">java.lang.AssertionError: 
Expected: Luhn of: 6511933302679615, should be valid
     but: was &lt;false&gt;
	at org.hamcrest.MatcherAssert.assertThat(MatcherAssert.java:18)
	at org.hamcrest.MatcherAssert.assertThat(MatcherAssert.java:6)
	at core.CreditCardValidationTest.luhn(CreditCardValidationTest.java:41)
	at sun.reflect.NativeMethodAccessorImpl.invoke0(Native Method)
	at sun.reflect.NativeMethodAccessorImpl.invoke(Unknown Source)
	at sun.reflect.DelegatingMethodAccessorImpl.invoke(Unknown Source)
	at java.lang.reflect.Method.invoke(Unknown Source)
	at org.testng.internal.MethodInvocationHelper.invokeMethod(MethodInvocationHelper.java:108)
	at org.testng.internal.Invoker.invokeMethod(Invoker.java:661)
	at org.testng.internal.Invoker.invokeTestMethod(Invoker.java:869)
	at org.testng.internal.Invoker.invokeTestMethods(Invoker.java:1193)
	at org.testng.internal.TestMethodWorker.invokeTestMethods(TestMethodWorker.java:126)
	at org.testng.internal.TestMethodWorker.run(TestMethodWorker.java:109)
	at org.testng.TestRunner.privateRun(TestRunner.java:744)
	at org.testng.TestRunner.run(TestRunner.java:602)
	at org.testng.SuiteRunner.runTest(SuiteRunner.java:380)
	at org.testng.SuiteRunner.runSequentially(SuiteRunner.java:375)
	at org.testng.SuiteRunner.privateRun(SuiteRunner.java:340)
	at org.testng.SuiteRunner.run(SuiteRunner.java:289)
	at org.testng.SuiteRunnerWorker.runSuite(SuiteRunnerWorker.java:52)
	at org.testng.SuiteRunnerWorker.run(SuiteRunnerWorker.java:86)
	at org.testng.TestNG.runSuitesSequentially(TestNG.java:1301)
	at org.testng.TestNG.runSuitesLocally(TestNG.java:1226)
	at org.testng.TestNG.runSuites(TestNG.java:1144)
	at org.testng.TestNG.run(TestNG.java:1115)
	at org.testng.remote.AbstractRemoteTestNG.run(AbstractRemoteTestNG.java:132)
	at org.testng.remote.RemoteTestNG.initAndRun(RemoteTestNG.java:230)
	at org.testng.remote.RemoteTestNG.main(RemoteTestNG.java:76)

</div> <!-- stack-trace -->
                </div> <!-- method-content -->
              </div> <!-- method -->
              <div class="method">
                <div class="method-content">
                  <a name="test01">
                  </a> <!-- test01 -->
                  <span class="method-name">test01</span>
                  <div class="stack-trace">java.lang.ArrayIndexOutOfBoundsException: 1
	at core.CreditCardValidation.main(CreditCardValidation.java:48)
	at core.CreditCardValidationTest.test01(CreditCardValidationTest.java:45)
	at sun.reflect.NativeMethodAccessorImpl.invoke0(Native Method)
	at sun.reflect.NativeMethodAccessorImpl.invoke(Unknown Source)
	at sun.reflect.DelegatingMethodAccessorImpl.invoke(Unknown Source)
	at java.lang.reflect.Method.invoke(Unknown Source)
	at org.testng.internal.MethodInvocationHelper.invokeMethod(MethodInvocationHelper.java:108)
	at org.testng.internal.Invoker.invokeMethod(Invoker.java:661)
	at org.testng.internal.Invoker.invokeTestMethod(Invoker.java:869)
	at org.testng.internal.Invoker.invokeTestMethods(Invoker.java:1193)
	at org.testng.internal.TestMethodWorker.invokeTestMethods(TestMethodWorker.java:126)
	at org.testng.internal.TestMethodWorker.run(TestMethodWorker.java:109)
	at org.testng.TestRunner.privateRun(TestRunner.java:744)
	at org.testng.TestRunner.run(TestRunner.java:602)
	at org.testng.SuiteRunner.runTest(SuiteRunner.java:380)
	at org.testng.SuiteRunner.runSequentially(SuiteRunner.java:375)
	at org.testng.SuiteRunner.privateRun(SuiteRunner.java:340)
	at org.testng.SuiteRunner.run(SuiteRunner.java:289)
	at org.testng.SuiteRunnerWorker.runSuite(SuiteRunnerWorker.java:52)
	at org.testng.SuiteRunnerWorker.run(SuiteRunnerWorker.java:86)
	at org.testng.TestNG.runSuitesSequentially(TestNG.java:1301)
	at org.testng.TestNG.runSuitesLocally(TestNG.java:1226)
	at org.testng.TestNG.runSuites(TestNG.java:1144)
	at org.testng.TestNG.run(TestNG.java:1115)
	at org.testng.remote.AbstractRemoteTestNG.run(AbstractRemoteTestNG.java:132)
	at org.testng.remote.RemoteTestNG.initAndRun(RemoteTestNG.java:230)
	at org.testng.remote.RemoteTestNG.main(RemoteTestNG.java:76)

</div> <!-- stack-trace -->
                </div> <!-- method-content -->
              </div> <!-- method -->
              <div class="method">
                <div class="method-content">
                  <a name="type(MoldovaBank, 85247652465412, 12/25, 369)">
                  </a> <!-- type(MoldovaBank, 85247652465412, 12/25, 369) -->
                  <span class="method-name">type</span>
                  <span class="parameters">(MoldovaBank, 85247652465412, 12/25, 369)</span>
                  <div class="stack-trace">java.lang.AssertionError: 
Expected: Credit Card Type: MoldovaBank, should be valid
     but: was &lt;false&gt;
	at org.hamcrest.MatcherAssert.assertThat(MatcherAssert.java:18)
	at org.hamcrest.MatcherAssert.assertThat(MatcherAssert.java:6)
	at core.CreditCardValidationTest.type(CreditCardValidationTest.java:26)
	at sun.reflect.NativeMethodAccessorImpl.invoke0(Native Method)
	at sun.reflect.NativeMethodAccessorImpl.invoke(Unknown Source)
	at sun.reflect.DelegatingMethodAccessorImpl.invoke(Unknown Source)
	at java.lang.reflect.Method.invoke(Unknown Source)
	at org.testng.internal.MethodInvocationHelper.invokeMethod(MethodInvocationHelper.java:108)
	at org.testng.internal.Invoker.invokeMethod(Invoker.java:661)
	at org.testng.internal.Invoker.invokeTestMethod(Invoker.java:869)
	at org.testng.internal.Invoker.invokeTestMethods(Invoker.java:1193)
	at org.testng.internal.TestMethodWorker.invokeTestMethods(TestMethodWorker.java:126)
	at org.testng.internal.TestMethodWorker.run(TestMethodWorker.java:109)
	at org.testng.TestRunner.privateRun(TestRunner.java:744)
	at org.testng.TestRunner.run(TestRunner.java:602)
	at org.testng.SuiteRunner.runTest(SuiteRunner.java:380)
	at org.testng.SuiteRunner.runSequentially(SuiteRunner.java:375)
	at org.testng.SuiteRunner.privateRun(SuiteRunner.java:340)
	at org.testng.SuiteRunner.run(SuiteRunner.java:289)
	at org.testng.SuiteRunnerWorker.runSuite(SuiteRunnerWorker.java:52)
	at org.testng.SuiteRunnerWorker.run(SuiteRunnerWorker.java:86)
	at org.testng.TestNG.runSuitesSequentially(TestNG.java:1301)
	at org.testng.TestNG.runSuitesLocally(TestNG.java:1226)
	at org.testng.TestNG.runSuites(TestNG.java:1144)
	at org.testng.TestNG.run(TestNG.java:1115)
	at org.testng.remote.AbstractRemoteTestNG.run(AbstractRemoteTestNG.java:132)
	at org.testng.remote.RemoteTestNG.initAndRun(RemoteTestNG.java:230)
	at org.testng.remote.RemoteTestNG.main(RemoteTestNG.java:76)

</div> <!-- stack-trace -->
                </div> <!-- method-content -->
              </div> <!-- method -->
              <div class="method">
                <div class="method-content">
                  <a name="type">
                  </a> <!-- type -->
                  <span class="method-name">type</span>
                  <div class="stack-trace">org.testng.internal.reflect.MethodMatcherException: 
Data provider mismatch
Method: type([Parameter{index=0, type=java.lang.String, declaredAnnotations=[]}, Parameter{index=1, type=java.lang.String, declaredAnnotations=[]}, Parameter{index=2, type=java.lang.String, declaredAnnotations=[]}, Parameter{index=3, type=java.lang.String, declaredAnnotations=[]}])
Arguments: [(java.lang.String)]
	at org.testng.internal.reflect.DataProviderMethodMatcher.getConformingArguments(DataProviderMethodMatcher.java:49)
	at org.testng.internal.Invoker.injectParameters(Invoker.java:1293)
	at org.testng.internal.Invoker.invokeTestMethods(Invoker.java:1187)
	at org.testng.internal.TestMethodWorker.invokeTestMethods(TestMethodWorker.java:126)
	at org.testng.internal.TestMethodWorker.run(TestMethodWorker.java:109)
	at org.testng.TestRunner.privateRun(TestRunner.java:744)
	at org.testng.TestRunner.run(TestRunner.java:602)
	at org.testng.SuiteRunner.runTest(SuiteRunner.java:380)
	at org.testng.SuiteRunner.runSequentially(SuiteRunner.java:375)
	at org.testng.SuiteRunner.privateRun(SuiteRunner.java:340)
	at org.testng.SuiteRunner.run(SuiteRunner.java:289)
	at org.testng.SuiteRunnerWorker.runSuite(SuiteRunnerWorker.java:52)
	at org.testng.SuiteRunnerWorker.run(SuiteRunnerWorker.java:86)
	at org.testng.TestNG.runSuitesSequentially(TestNG.java:1301)
	at org.testng.TestNG.runSuitesLocally(TestNG.java:1226)
	at org.testng.TestNG.runSuites(TestNG.java:1144)
	at org.testng.TestNG.run(TestNG.java:1115)
	at org.testng.remote.AbstractRemoteTestNG.run(AbstractRemoteTestNG.java:132)
	at org.testng.remote.RemoteTestNG.initAndRun(RemoteTestNG.java:230)
	at org.testng.remote.RemoteTestNG.main(RemoteTestNG.java:76)

</div> <!-- stack-trace -->
                </div> <!-- method-content -->
              </div> <!-- method -->
            </div> <!-- main-panel-content rounded-window-bottom -->
          </div> <!-- suite-Default_suite-class-failed -->
          <div class="suite-Default_suite-class-passed">
            <div class="main-panel-header rounded-window-top">
              <img src="passed.png"/>
              <span class="class-name">core.CreditCardValidationTest</span>
            </div> <!-- main-panel-header rounded-window-top -->
            <div class="main-panel-content rounded-window-bottom">
              <div class="method">
                <div class="method-content">
                  <a name="cvv(American Express, 374259201906721, 05/17, 1434)">
                  </a> <!-- cvv(American Express, 374259201906721, 05/17, 1434) -->
                  <span class="method-name">cvv</span>
                  <span class="parameters">(American Express, 374259201906721, 05/17, 1434)</span>
                </div> <!-- method-content -->
              </div> <!-- method -->
              <div class="method">
                <div class="method-content">
                  <a name="cvv(Discover, 6211933302679615, 06/19, 124)">
                  </a> <!-- cvv(Discover, 6211933302679615, 06/19, 124) -->
                  <span class="method-name">cvv</span>
                  <span class="parameters">(Discover, 6211933302679615, 06/19, 124)</span>
                </div> <!-- method-content -->
              </div> <!-- method -->
              <div class="method">
                <div class="method-content">
                  <a name="cvv(Discover, 6511933302679615, 05/21, 183)">
                  </a> <!-- cvv(Discover, 6511933302679615, 05/21, 183) -->
                  <span class="method-name">cvv</span>
                  <span class="parameters">(Discover, 6511933302679615, 05/21, 183)</span>
                </div> <!-- method-content -->
              </div> <!-- method -->
              <div class="method">
                <div class="method-content">
                  <a name="cvv(MasterCard, 5184398929973080, 09/22, 123)">
                  </a> <!-- cvv(MasterCard, 5184398929973080, 09/22, 123) -->
                  <span class="method-name">cvv</span>
                  <span class="parameters">(MasterCard, 5184398929973080, 09/22, 123)</span>
                </div> <!-- method-content -->
              </div> <!-- method -->
              <div class="method">
                <div class="method-content">
                  <a name="cvv(MasterCard, 5584398929973080, 09/19, 123)">
                  </a> <!-- cvv(MasterCard, 5584398929973080, 09/19, 123) -->
                  <span class="method-name">cvv</span>
                  <span class="parameters">(MasterCard, 5584398929973080, 09/19, 123)</span>
                </div> <!-- method-content -->
              </div> <!-- method -->
              <div class="method">
                <div class="method-content">
                  <a name="cvv(American Express, 344259201906721, 03/16, 1234)">
                  </a> <!-- cvv(American Express, 344259201906721, 03/16, 1234) -->
                  <span class="method-name">cvv</span>
                  <span class="parameters">(American Express, 344259201906721, 03/16, 1234)</span>
                </div> <!-- method-content -->
              </div> <!-- method -->
              <div class="method">
                <div class="method-content">
                  <a name="cvv(VISA, 4961785148901, 04/20, 124)">
                  </a> <!-- cvv(VISA, 4961785148901, 04/20, 124) -->
                  <span class="method-name">cvv</span>
                  <span class="parameters">(VISA, 4961785148901, 04/20, 124)</span>
                </div> <!-- method-content -->
              </div> <!-- method -->
              <div class="method">
                <div class="method-content">
                  <a name="cvv(Discover, 6411933302679615, 01/20, 723)">
                  </a> <!-- cvv(Discover, 6411933302679615, 01/20, 723) -->
                  <span class="method-name">cvv</span>
                  <span class="parameters">(Discover, 6411933302679615, 01/20, 723)</span>
                </div> <!-- method-content -->
              </div> <!-- method -->
              <div class="method">
                <div class="method-content">
                  <a name="cvv(VISA, 4532-5471-0699-4816, 03/17, 123)">
                  </a> <!-- cvv(VISA, 4532-5471-0699-4816, 03/17, 123) -->
                  <span class="method-name">cvv</span>
                  <span class="parameters">(VISA, 4532-5471-0699-4816, 03/17, 123)</span>
                </div> <!-- method-content -->
              </div> <!-- method -->
              <div class="method">
                <div class="method-content">
                  <a name="cvv(Discover, 6011933302679615, 02/18, 123)">
                  </a> <!-- cvv(Discover, 6011933302679615, 02/18, 123) -->
                  <span class="method-name">cvv</span>
                  <span class="parameters">(Discover, 6011933302679615, 02/18, 123)</span>
                </div> <!-- method-content -->
              </div> <!-- method -->
              <div class="method">
                <div class="method-content">
                  <a name="cvv(MasterCard, 5384398929973080, 09/20, 823)">
                  </a> <!-- cvv(MasterCard, 5384398929973080, 09/20, 823) -->
                  <span class="method-name">cvv</span>
                  <span class="parameters">(MasterCard, 5384398929973080, 09/20, 823)</span>
                </div> <!-- method-content -->
              </div> <!-- method -->
              <div class="method">
                <div class="method-content">
                  <a name="cvv(MoldovaBank, 85247652465412, 12/25, 369)">
                  </a> <!-- cvv(MoldovaBank, 85247652465412, 12/25, 369) -->
                  <span class="method-name">cvv</span>
                  <span class="parameters">(MoldovaBank, 85247652465412, 12/25, 369)</span>
                </div> <!-- method-content -->
              </div> <!-- method -->
              <div class="method">
                <div class="method-content">
                  <a name="cvv(MasterCard, 5284398929973080, 01/16, 154)">
                  </a> <!-- cvv(MasterCard, 5284398929973080, 01/16, 154) -->
                  <span class="method-name">cvv</span>
                  <span class="parameters">(MasterCard, 5284398929973080, 01/16, 154)</span>
                </div> <!-- method-content -->
              </div> <!-- method -->
              <div class="method">
                <div class="method-content">
                  <a name="cvv(MasterCard, 5484398929973080, 04/18, 123)">
                  </a> <!-- cvv(MasterCard, 5484398929973080, 04/18, 123) -->
                  <span class="method-name">cvv</span>
                  <span class="parameters">(MasterCard, 5484398929973080, 04/18, 123)</span>
                </div> <!-- method-content -->
              </div> <!-- method -->
              <div class="method">
                <div class="method-content">
                  <a name="exp(MasterCard, 5584398929973080, 09/19, 123)">
                  </a> <!-- exp(MasterCard, 5584398929973080, 09/19, 123) -->
                  <span class="method-name">exp</span>
                  <span class="parameters">(MasterCard, 5584398929973080, 09/19, 123)</span>
                </div> <!-- method-content -->
              </div> <!-- method -->
              <div class="method">
                <div class="method-content">
                  <a name="exp(MasterCard, 5484398929973080, 04/18, 123)">
                  </a> <!-- exp(MasterCard, 5484398929973080, 04/18, 123) -->
                  <span class="method-name">exp</span>
                  <span class="parameters">(MasterCard, 5484398929973080, 04/18, 123)</span>
                </div> <!-- method-content -->
              </div> <!-- method -->
              <div class="method">
                <div class="method-content">
                  <a name="exp(Discover, 6511933302679615, 05/21, 183)">
                  </a> <!-- exp(Discover, 6511933302679615, 05/21, 183) -->
                  <span class="method-name">exp</span>
                  <span class="parameters">(Discover, 6511933302679615, 05/21, 183)</span>
                </div> <!-- method-content -->
              </div> <!-- method -->
              <div class="method">
                <div class="method-content">
                  <a name="exp(Discover, 6011933302679615, 02/18, 123)">
                  </a> <!-- exp(Discover, 6011933302679615, 02/18, 123) -->
                  <span class="method-name">exp</span>
                  <span class="parameters">(Discover, 6011933302679615, 02/18, 123)</span>
                </div> <!-- method-content -->
              </div> <!-- method -->
              <div class="method">
                <div class="method-content">
                  <a name="exp(Discover, 6211933302679615, 06/19, 124)">
                  </a> <!-- exp(Discover, 6211933302679615, 06/19, 124) -->
                  <span class="method-name">exp</span>
                  <span class="parameters">(Discover, 6211933302679615, 06/19, 124)</span>
                </div> <!-- method-content -->
              </div> <!-- method -->
              <div class="method">
                <div class="method-content">
                  <a name="exp(VISA, 4961785148901, 04/20, 124)">
                  </a> <!-- exp(VISA, 4961785148901, 04/20, 124) -->
                  <span class="method-name">exp</span>
                  <span class="parameters">(VISA, 4961785148901, 04/20, 124)</span>
                </div> <!-- method-content -->
              </div> <!-- method -->
              <div class="method">
                <div class="method-content">
                  <a name="exp(Discover, 6411933302679615, 01/20, 723)">
                  </a> <!-- exp(Discover, 6411933302679615, 01/20, 723) -->
                  <span class="method-name">exp</span>
                  <span class="parameters">(Discover, 6411933302679615, 01/20, 723)</span>
                </div> <!-- method-content -->
              </div> <!-- method -->
              <div class="method">
                <div class="method-content">
                  <a name="exp(MasterCard, 5384398929973080, 09/20, 823)">
                  </a> <!-- exp(MasterCard, 5384398929973080, 09/20, 823) -->
                  <span class="method-name">exp</span>
                  <span class="parameters">(MasterCard, 5384398929973080, 09/20, 823)</span>
                </div> <!-- method-content -->
              </div> <!-- method -->
              <div class="method">
                <div class="method-content">
                  <a name="exp(MasterCard, 5184398929973080, 09/22, 123)">
                  </a> <!-- exp(MasterCard, 5184398929973080, 09/22, 123) -->
                  <span class="method-name">exp</span>
                  <span class="parameters">(MasterCard, 5184398929973080, 09/22, 123)</span>
                </div> <!-- method-content -->
              </div> <!-- method -->
              <div class="method">
                <div class="method-content">
                  <a name="exp(MoldovaBank, 85247652465412, 12/25, 369)">
                  </a> <!-- exp(MoldovaBank, 85247652465412, 12/25, 369) -->
                  <span class="method-name">exp</span>
                  <span class="parameters">(MoldovaBank, 85247652465412, 12/25, 369)</span>
                </div> <!-- method-content -->
              </div> <!-- method -->
              <div class="method">
                <div class="method-content">
                  <a name="luhn(MasterCard, 5584398929973080, 09/19, 123)">
                  </a> <!-- luhn(MasterCard, 5584398929973080, 09/19, 123) -->
                  <span class="method-name">luhn</span>
                  <span class="parameters">(MasterCard, 5584398929973080, 09/19, 123)</span>
                </div> <!-- method-content -->
              </div> <!-- method -->
              <div class="method">
                <div class="method-content">
                  <a name="luhn(American Express, 344259201906721, 03/16, 1234)">
                  </a> <!-- luhn(American Express, 344259201906721, 03/16, 1234) -->
                  <span class="method-name">luhn</span>
                  <span class="parameters">(American Express, 344259201906721, 03/16, 1234)</span>
                </div> <!-- method-content -->
              </div> <!-- method -->
              <div class="method">
                <div class="method-content">
                  <a name="luhn(VISA, 4532-5471-0699-4816, 03/17, 1234)">
                  </a> <!-- luhn(VISA, 4532-5471-0699-4816, 03/17, 1234) -->
                  <span class="method-name">luhn</span>
                  <span class="parameters">(VISA, 4532-5471-0699-4816, 03/17, 1234)</span>
                </div> <!-- method-content -->
              </div> <!-- method -->
              <div class="method">
                <div class="method-content">
                  <a name="luhn(VISA, 4532-5471-0699-4816, 03/17, 123)">
                  </a> <!-- luhn(VISA, 4532-5471-0699-4816, 03/17, 123) -->
                  <span class="method-name">luhn</span>
                  <span class="parameters">(VISA, 4532-5471-0699-4816, 03/17, 123)</span>
                </div> <!-- method-content -->
              </div> <!-- method -->
              <div class="method">
                <div class="method-content">
                  <a name="test02">
                  </a> <!-- test02 -->
                  <span class="method-name">test02</span>
                </div> <!-- method-content -->
              </div> <!-- method -->
              <div class="method">
                <div class="method-content">
                  <a name="type(MasterCard, 5284398929973080, 01/16, 154)">
                  </a> <!-- type(MasterCard, 5284398929973080, 01/16, 154) -->
                  <span class="method-name">type</span>
                  <span class="parameters">(MasterCard, 5284398929973080, 01/16, 154)</span>
                </div> <!-- method-content -->
              </div> <!-- method -->
              <div class="method">
                <div class="method-content">
                  <a name="type(Discover, 6411933302679615, 01/20, 723)">
                  </a> <!-- type(Discover, 6411933302679615, 01/20, 723) -->
                  <span class="method-name">type</span>
                  <span class="parameters">(Discover, 6411933302679615, 01/20, 723)</span>
                </div> <!-- method-content -->
              </div> <!-- method -->
              <div class="method">
                <div class="method-content">
                  <a name="type(Discover, 6511933302679615, 05/21, 183)">
                  </a> <!-- type(Discover, 6511933302679615, 05/21, 183) -->
                  <span class="method-name">type</span>
                  <span class="parameters">(Discover, 6511933302679615, 05/21, 183)</span>
                </div> <!-- method-content -->
              </div> <!-- method -->
              <div class="method">
                <div class="method-content">
                  <a name="type(Discover, 6011933302679615, 02/18, 123)">
                  </a> <!-- type(Discover, 6011933302679615, 02/18, 123) -->
                  <span class="method-name">type</span>
                  <span class="parameters">(Discover, 6011933302679615, 02/18, 123)</span>
                </div> <!-- method-content -->
              </div> <!-- method -->
              <div class="method">
                <div class="method-content">
                  <a name="type(MasterCard, 5184398929973080, 09/22, 123)">
                  </a> <!-- type(MasterCard, 5184398929973080, 09/22, 123) -->
                  <span class="method-name">type</span>
                  <span class="parameters">(MasterCard, 5184398929973080, 09/22, 123)</span>
                </div> <!-- method-content -->
              </div> <!-- method -->
              <div class="method">
                <div class="method-content">
                  <a name="type(MasterCard, 5484398929973080, 04/18, 123)">
                  </a> <!-- type(MasterCard, 5484398929973080, 04/18, 123) -->
                  <span class="method-name">type</span>
                  <span class="parameters">(MasterCard, 5484398929973080, 04/18, 123)</span>
                </div> <!-- method-content -->
              </div> <!-- method -->
              <div class="method">
                <div class="method-content">
                  <a name="type(MasterCard, 5384398929973080, 09/20, 823)">
                  </a> <!-- type(MasterCard, 5384398929973080, 09/20, 823) -->
                  <span class="method-name">type</span>
                  <span class="parameters">(MasterCard, 5384398929973080, 09/20, 823)</span>
                </div> <!-- method-content -->
              </div> <!-- method -->
              <div class="method">
                <div class="method-content">
                  <a name="type(VISA, 4961785148901, 04/20, 124)">
                  </a> <!-- type(VISA, 4961785148901, 04/20, 124) -->
                  <span class="method-name">type</span>
                  <span class="parameters">(VISA, 4961785148901, 04/20, 124)</span>
                </div> <!-- method-content -->
              </div> <!-- method -->
              <div class="method">
                <div class="method-content">
                  <a name="type(MasterCard, 5584398929973080, 09/19, 123)">
                  </a> <!-- type(MasterCard, 5584398929973080, 09/19, 123) -->
                  <span class="method-name">type</span>
                  <span class="parameters">(MasterCard, 5584398929973080, 09/19, 123)</span>
                </div> <!-- method-content -->
              </div> <!-- method -->
              <div class="method">
                <div class="method-content">
                  <a name="type(American Express, 344259201906721, 03/16, 1234)">
                  </a> <!-- type(American Express, 344259201906721, 03/16, 1234) -->
                  <span class="method-name">type</span>
                  <span class="parameters">(American Express, 344259201906721, 03/16, 1234)</span>
                </div> <!-- method-content -->
              </div> <!-- method -->
              <div class="method">
                <div class="method-content">
                  <a name="type(Discover, 6211933302679615, 06/19, 124)">
                  </a> <!-- type(Discover, 6211933302679615, 06/19, 124) -->
                  <span class="method-name">type</span>
                  <span class="parameters">(Discover, 6211933302679615, 06/19, 124)</span>
                </div> <!-- method-content -->
              </div> <!-- method -->
              <div class="method">
                <div class="method-content">
                  <a name="type(American Express, 374259201906721, 05/17, 1434)">
                  </a> <!-- type(American Express, 374259201906721, 05/17, 1434) -->
                  <span class="method-name">type</span>
                  <span class="parameters">(American Express, 374259201906721, 05/17, 1434)</span>
                </div> <!-- method-content -->
              </div> <!-- method -->
              <div class="method">
                <div class="method-content">
                  <a name="type(VISA, 4532-5471-0699-4816, 03/17, 123)">
                  </a> <!-- type(VISA, 4532-5471-0699-4816, 03/17, 123) -->
                  <span class="method-name">type</span>
                  <span class="parameters">(VISA, 4532-5471-0699-4816, 03/17, 123)</span>
                </div> <!-- method-content -->
              </div> <!-- method -->
              <div class="method">
                <div class="method-content">
                  <a name="type(VISA, 4532-5471-0699-4816, 03/17, 1234)">
                  </a> <!-- type(VISA, 4532-5471-0699-4816, 03/17, 1234) -->
                  <span class="method-name">type</span>
                  <span class="parameters">(VISA, 4532-5471-0699-4816, 03/17, 1234)</span>
                </div> <!-- method-content -->
              </div> <!-- method -->
            </div> <!-- main-panel-content rounded-window-bottom -->
          </div> <!-- suite-Default_suite-class-passed -->
        </div> <!-- panel Default_suite -->
        <div panel-name="test-xml-Default_suite" class="panel">
          <div class="main-panel-header rounded-window-top">
            <span class="header-content">C:\Users\Vova\AppData\Local\Temp\testng-eclipse--458458614\testng-customsuite.xml</span>
          </div> <!-- main-panel-header rounded-window-top -->
          <div class="main-panel-content rounded-window-bottom">
            <pre>
&lt;?xml version=&quot;1.0&quot; encoding=&quot;UTF-8&quot;?&gt;
&lt;!DOCTYPE suite SYSTEM &quot;http://testng.org/testng-1.0.dtd&quot;&gt;
&lt;suite guice-stage=&quot;DEVELOPMENT&quot; name=&quot;Default suite&quot;&gt;
  &lt;test verbose=&quot;2&quot; name=&quot;Default test&quot;&gt;
    &lt;classes&gt;
      &lt;class name=&quot;core.CreditCardValidationTest&quot;/&gt;
    &lt;/classes&gt;
  &lt;/test&gt; &lt;!-- Default test --&gt;
&lt;/suite&gt; &lt;!-- Default suite --&gt;
            </pre>
          </div> <!-- main-panel-content rounded-window-bottom -->
        </div> <!-- panel -->
        <div panel-name="testlist-Default_suite" class="panel">
          <div class="main-panel-header rounded-window-top">
            <span class="header-content">Tests for Default suite</span>
          </div> <!-- main-panel-header rounded-window-top -->
          <div class="main-panel-content rounded-window-bottom">
            <ul>
              <li>
                <span class="test-name">Default test (1 class)</span>
              </li>
            </ul>
          </div> <!-- main-panel-content rounded-window-bottom -->
        </div> <!-- panel -->
        <div panel-name="group-Default_suite" class="panel">
          <div class="main-panel-header rounded-window-top">
            <span class="header-content">Groups for Default suite</span>
          </div> <!-- main-panel-header rounded-window-top -->
          <div class="main-panel-content rounded-window-bottom">
            <div class="test-group">
              <span class="test-group-name">cvv</span>
              <br/>
              <div class="method-in-group">
                <span class="method-in-group-name">cvv</span>
                <br/>
              </div> <!-- method-in-group -->
            </div> <!-- test-group -->
            <div class="test-group">
              <span class="test-group-name">exp</span>
              <br/>
              <div class="method-in-group">
                <span class="method-in-group-name">exp</span>
                <br/>
              </div> <!-- method-in-group -->
            </div> <!-- test-group -->
            <div class="test-group">
              <span class="test-group-name">luhn</span>
              <br/>
              <div class="method-in-group">
                <span class="method-in-group-name">luhn</span>
                <br/>
              </div> <!-- method-in-group -->
            </div> <!-- test-group -->
            <div class="test-group">
              <span class="test-group-name">type</span>
              <br/>
              <div class="method-in-group">
                <span class="method-in-group-name">type</span>
                <br/>
              </div> <!-- method-in-group -->
            </div> <!-- test-group -->
          </div> <!-- main-panel-content rounded-window-bottom -->
        </div> <!-- panel -->
        <div panel-name="times-Default_suite" class="panel">
          <div class="main-panel-header rounded-window-top">
            <span class="header-content">Times for Default suite</span>
          </div> <!-- main-panel-header rounded-window-top -->
          <div class="main-panel-content rounded-window-bottom">
            <div class="times-div">
              <script type="text/javascript">
suiteTableInitFunctions.push('tableData_Default_suite');
function tableData_Default_suite() {
var data = new google.visualization.DataTable();
data.addColumn('number', 'Number');
data.addColumn('string', 'Method');
data.addColumn('string', 'Class');
data.addColumn('number', 'Time (ms)');
data.addRows(66);
data.setCell(0, 0, 0)
data.setCell(0, 1, 'cvv')
data.setCell(0, 2, 'core.CreditCardValidationTest')
data.setCell(0, 3, 602);
data.setCell(1, 0, 1)
data.setCell(1, 1, 'cvv')
data.setCell(1, 2, 'core.CreditCardValidationTest')
data.setCell(1, 3, 270);
data.setCell(2, 0, 2)
data.setCell(2, 1, 'exp')
data.setCell(2, 2, 'core.CreditCardValidationTest')
data.setCell(2, 3, 144);
data.setCell(3, 0, 3)
data.setCell(3, 1, 'luhn')
data.setCell(3, 2, 'core.CreditCardValidationTest')
data.setCell(3, 3, 124);
data.setCell(4, 0, 4)
data.setCell(4, 1, 'type')
data.setCell(4, 2, 'core.CreditCardValidationTest')
data.setCell(4, 3, 102);
data.setCell(5, 0, 5)
data.setCell(5, 1, 'exp')
data.setCell(5, 2, 'core.CreditCardValidationTest')
data.setCell(5, 3, 17);
data.setCell(6, 0, 6)
data.setCell(6, 1, 'cvv')
data.setCell(6, 2, 'core.CreditCardValidationTest')
data.setCell(6, 3, 17);
data.setCell(7, 0, 7)
data.setCell(7, 1, 'exp')
data.setCell(7, 2, 'core.CreditCardValidationTest')
data.setCell(7, 3, 11);
data.setCell(8, 0, 8)
data.setCell(8, 1, 'cvv')
data.setCell(8, 2, 'core.CreditCardValidationTest')
data.setCell(8, 3, 10);
data.setCell(9, 0, 9)
data.setCell(9, 1, 'cvv')
data.setCell(9, 2, 'core.CreditCardValidationTest')
data.setCell(9, 3, 10);
data.setCell(10, 0, 10)
data.setCell(10, 1, 'cvv')
data.setCell(10, 2, 'core.CreditCardValidationTest')
data.setCell(10, 3, 10);
data.setCell(11, 0, 11)
data.setCell(11, 1, 'cvv')
data.setCell(11, 2, 'core.CreditCardValidationTest')
data.setCell(11, 3, 10);
data.setCell(12, 0, 12)
data.setCell(12, 1, 'exp')
data.setCell(12, 2, 'core.CreditCardValidationTest')
data.setCell(12, 3, 10);
data.setCell(13, 0, 13)
data.setCell(13, 1, 'test01')
data.setCell(13, 2, 'core.CreditCardValidationTest')
data.setCell(13, 3, 9);
data.setCell(14, 0, 14)
data.setCell(14, 1, 'exp')
data.setCell(14, 2, 'core.CreditCardValidationTest')
data.setCell(14, 3, 8);
data.setCell(15, 0, 15)
data.setCell(15, 1, 'luhn')
data.setCell(15, 2, 'core.CreditCardValidationTest')
data.setCell(15, 3, 7);
data.setCell(16, 0, 16)
data.setCell(16, 1, 'cvv')
data.setCell(16, 2, 'core.CreditCardValidationTest')
data.setCell(16, 3, 6);
data.setCell(17, 0, 17)
data.setCell(17, 1, 'cvv')
data.setCell(17, 2, 'core.CreditCardValidationTest')
data.setCell(17, 3, 6);
data.setCell(18, 0, 18)
data.setCell(18, 1, 'type')
data.setCell(18, 2, 'core.CreditCardValidationTest')
data.setCell(18, 3, 6);
data.setCell(19, 0, 19)
data.setCell(19, 1, 'luhn')
data.setCell(19, 2, 'core.CreditCardValidationTest')
data.setCell(19, 3, 6);
data.setCell(20, 0, 20)
data.setCell(20, 1, 'exp')
data.setCell(20, 2, 'core.CreditCardValidationTest')
data.setCell(20, 3, 6);
data.setCell(21, 0, 21)
data.setCell(21, 1, 'type')
data.setCell(21, 2, 'core.CreditCardValidationTest')
data.setCell(21, 3, 5);
data.setCell(22, 0, 22)
data.setCell(22, 1, 'test02')
data.setCell(22, 2, 'core.CreditCardValidationTest')
data.setCell(22, 3, 5);
data.setCell(23, 0, 23)
data.setCell(23, 1, 'luhn')
data.setCell(23, 2, 'core.CreditCardValidationTest')
data.setCell(23, 3, 5);
data.setCell(24, 0, 24)
data.setCell(24, 1, 'type')
data.setCell(24, 2, 'core.CreditCardValidationTest')
data.setCell(24, 3, 5);
data.setCell(25, 0, 25)
data.setCell(25, 1, 'type')
data.setCell(25, 2, 'core.CreditCardValidationTest')
data.setCell(25, 3, 5);
data.setCell(26, 0, 26)
data.setCell(26, 1, 'cvv')
data.setCell(26, 2, 'core.CreditCardValidationTest')
data.setCell(26, 3, 5);
data.setCell(27, 0, 27)
data.setCell(27, 1, 'luhn')
data.setCell(27, 2, 'core.CreditCardValidationTest')
data.setCell(27, 3, 5);
data.setCell(28, 0, 28)
data.setCell(28, 1, 'luhn')
data.setCell(28, 2, 'core.CreditCardValidationTest')
data.setCell(28, 3, 5);
data.setCell(29, 0, 29)
data.setCell(29, 1, 'cvv')
data.setCell(29, 2, 'core.CreditCardValidationTest')
data.setCell(29, 3, 4);
data.setCell(30, 0, 30)
data.setCell(30, 1, 'luhn')
data.setCell(30, 2, 'core.CreditCardValidationTest')
data.setCell(30, 3, 4);
data.setCell(31, 0, 31)
data.setCell(31, 1, 'type')
data.setCell(31, 2, 'core.CreditCardValidationTest')
data.setCell(31, 3, 4);
data.setCell(32, 0, 32)
data.setCell(32, 1, 'exp')
data.setCell(32, 2, 'core.CreditCardValidationTest')
data.setCell(32, 3, 4);
data.setCell(33, 0, 33)
data.setCell(33, 1, 'type')
data.setCell(33, 2, 'core.CreditCardValidationTest')
data.setCell(33, 3, 4);
data.setCell(34, 0, 34)
data.setCell(34, 1, 'type')
data.setCell(34, 2, 'core.CreditCardValidationTest')
data.setCell(34, 3, 4);
data.setCell(35, 0, 35)
data.setCell(35, 1, 'exp')
data.setCell(35, 2, 'core.CreditCardValidationTest')
data.setCell(35, 3, 4);
data.setCell(36, 0, 36)
data.setCell(36, 1, 'type')
data.setCell(36, 2, 'core.CreditCardValidationTest')
data.setCell(36, 3, 4);
data.setCell(37, 0, 37)
data.setCell(37, 1, 'exp')
data.setCell(37, 2, 'core.CreditCardValidationTest')
data.setCell(37, 3, 4);
data.setCell(38, 0, 38)
data.setCell(38, 1, 'luhn')
data.setCell(38, 2, 'core.CreditCardValidationTest')
data.setCell(38, 3, 4);
data.setCell(39, 0, 39)
data.setCell(39, 1, 'luhn')
data.setCell(39, 2, 'core.CreditCardValidationTest')
data.setCell(39, 3, 4);
data.setCell(40, 0, 40)
data.setCell(40, 1, 'type')
data.setCell(40, 2, 'core.CreditCardValidationTest')
data.setCell(40, 3, 4);
data.setCell(41, 0, 41)
data.setCell(41, 1, 'luhn')
data.setCell(41, 2, 'core.CreditCardValidationTest')
data.setCell(41, 3, 4);
data.setCell(42, 0, 42)
data.setCell(42, 1, 'type')
data.setCell(42, 2, 'core.CreditCardValidationTest')
data.setCell(42, 3, 3);
data.setCell(43, 0, 43)
data.setCell(43, 1, 'luhn')
data.setCell(43, 2, 'core.CreditCardValidationTest')
data.setCell(43, 3, 3);
data.setCell(44, 0, 44)
data.setCell(44, 1, 'type')
data.setCell(44, 2, 'core.CreditCardValidationTest')
data.setCell(44, 3, 3);
data.setCell(45, 0, 45)
data.setCell(45, 1, 'exp')
data.setCell(45, 2, 'core.CreditCardValidationTest')
data.setCell(45, 3, 3);
data.setCell(46, 0, 46)
data.setCell(46, 1, 'type')
data.setCell(46, 2, 'core.CreditCardValidationTest')
data.setCell(46, 3, 3);
data.setCell(47, 0, 47)
data.setCell(47, 1, 'type')
data.setCell(47, 2, 'core.CreditCardValidationTest')
data.setCell(47, 3, 3);
data.setCell(48, 0, 48)
data.setCell(48, 1, 'type')
data.setCell(48, 2, 'core.CreditCardValidationTest')
data.setCell(48, 3, 3);
data.setCell(49, 0, 49)
data.setCell(49, 1, 'type')
data.setCell(49, 2, 'core.CreditCardValidationTest')
data.setCell(49, 3, 3);
data.setCell(50, 0, 50)
data.setCell(50, 1, 'luhn')
data.setCell(50, 2, 'core.CreditCardValidationTest')
data.setCell(50, 3, 3);
data.setCell(51, 0, 51)
data.setCell(51, 1, 'luhn')
data.setCell(51, 2, 'core.CreditCardValidationTest')
data.setCell(51, 3, 3);
data.setCell(52, 0, 52)
data.setCell(52, 1, 'luhn')
data.setCell(52, 2, 'core.CreditCardValidationTest')
data.setCell(52, 3, 3);
data.setCell(53, 0, 53)
data.setCell(53, 1, 'luhn')
data.setCell(53, 2, 'core.CreditCardValidationTest')
data.setCell(53, 3, 3);
data.setCell(54, 0, 54)
data.setCell(54, 1, 'exp')
data.setCell(54, 2, 'core.CreditCardValidationTest')
data.setCell(54, 3, 3);
data.setCell(55, 0, 55)
data.setCell(55, 1, 'luhn')
data.setCell(55, 2, 'core.CreditCardValidationTest')
data.setCell(55, 3, 3);
data.setCell(56, 0, 56)
data.setCell(56, 1, 'exp')
data.setCell(56, 2, 'core.CreditCardValidationTest')
data.setCell(56, 3, 2);
data.setCell(57, 0, 57)
data.setCell(57, 1, 'exp')
data.setCell(57, 2, 'core.CreditCardValidationTest')
data.setCell(57, 3, 0);
data.setCell(58, 0, 58)
data.setCell(58, 1, 'exp')
data.setCell(58, 2, 'core.CreditCardValidationTest')
data.setCell(58, 3, 0);
data.setCell(59, 0, 59)
data.setCell(59, 1, 'cvv')
data.setCell(59, 2, 'core.CreditCardValidationTest')
data.setCell(59, 3, 0);
data.setCell(60, 0, 60)
data.setCell(60, 1, 'cvv')
data.setCell(60, 2, 'core.CreditCardValidationTest')
data.setCell(60, 3, 0);
data.setCell(61, 0, 61)
data.setCell(61, 1, 'cvv')
data.setCell(61, 2, 'core.CreditCardValidationTest')
data.setCell(61, 3, 0);
data.setCell(62, 0, 62)
data.setCell(62, 1, 'cvv')
data.setCell(62, 2, 'core.CreditCardValidationTest')
data.setCell(62, 3, 0);
data.setCell(63, 0, 63)
data.setCell(63, 1, 'exp')
data.setCell(63, 2, 'core.CreditCardValidationTest')
data.setCell(63, 3, 0);
data.setCell(64, 0, 64)
data.setCell(64, 1, 'cvv')
data.setCell(64, 2, 'core.CreditCardValidationTest')
data.setCell(64, 3, 0);
data.setCell(65, 0, 65)
data.setCell(65, 1, 'exp')
data.setCell(65, 2, 'core.CreditCardValidationTest')
data.setCell(65, 3, 0);
window.suiteTableData['Default_suite']= { tableData: data, tableDiv: 'times-div-Default_suite'}
return data;
}
              </script>
              <span class="suite-total-time">Total running time: 1 seconds</span>
              <div id="times-div-Default_suite">
              </div> <!-- times-div-Default_suite -->
            </div> <!-- times-div -->
          </div> <!-- main-panel-content rounded-window-bottom -->
        </div> <!-- panel -->
        <div panel-name="reporter-Default_suite" class="panel">
          <div class="main-panel-header rounded-window-top">
            <span class="header-content">Reporter output for Default suite</span>
          </div> <!-- main-panel-header rounded-window-top -->
          <div class="main-panel-content rounded-window-bottom">
          </div> <!-- main-panel-content rounded-window-bottom -->
        </div> <!-- panel -->
        <div panel-name="ignored-methods-Default_suite" class="panel">
          <div class="main-panel-header rounded-window-top">
            <span class="header-content">0 ignored methods</span>
          </div> <!-- main-panel-header rounded-window-top -->
          <div class="main-panel-content rounded-window-bottom">
          </div> <!-- main-panel-content rounded-window-bottom -->
        </div> <!-- panel -->
        <div panel-name="chronological-Default_suite" class="panel">
          <div class="main-panel-header rounded-window-top">
            <span class="header-content">Methods in chronological order</span>
          </div> <!-- main-panel-header rounded-window-top -->
          <div class="main-panel-content rounded-window-bottom">
            <div class="chronological-class">
              <div class="chronological-class-name">core.CreditCardValidationTest</div> <!-- chronological-class-name -->
              <div class="test-method">
                <span class="method-name">cvv(VISA, 4532-5471-0699-4816, 03/17, 123)</span>
                <span class="method-start">0 ms</span>
              </div> <!-- test-method -->
              <div class="test-method">
                <span class="method-name">cvv(VISA, 4961785148901, 04/20, 124)</span>
                <span class="method-start">300 ms</span>
              </div> <!-- test-method -->
              <div class="test-method">
                <span class="method-name">cvv(MasterCard, 5584398929973080, 09/19, 123)</span>
                <span class="method-start">310 ms</span>
              </div> <!-- test-method -->
              <div class="test-method">
                <span class="method-name">cvv(MasterCard, 5184398929973080, 09/22, 123)</span>
                <span class="method-start">320 ms</span>
              </div> <!-- test-method -->
              <div class="test-method">
                <span class="method-name">cvv(MasterCard, 5284398929973080, 01/16, 154)</span>
                <span class="method-start">330 ms</span>
              </div> <!-- test-method -->
              <div class="test-method">
                <span class="method-name">cvv(MasterCard, 5384398929973080, 09/20, 823)</span>
                <span class="method-start">350 ms</span>
              </div> <!-- test-method -->
              <div class="test-method">
                <span class="method-name">cvv(MasterCard, 5484398929973080, 04/18, 123)</span>
                <span class="method-start">360 ms</span>
              </div> <!-- test-method -->
              <div class="test-method">
                <span class="method-name">cvv(American Express, 344259201906721, 03/16, 1234)</span>
                <span class="method-start">369 ms</span>
              </div> <!-- test-method -->
              <div class="test-method">
                <span class="method-name">cvv(American Express, 374259201906721, 05/17, 1434)</span>
                <span class="method-start">379 ms</span>
              </div> <!-- test-method -->
              <div class="test-method">
                <img src="failed.png">
                </img>
                <span class="method-name">cvv(VISA, 4532-5471-0699-4816, 03/17, 1234)</span>
                <span class="method-start">389 ms</span>
              </div> <!-- test-method -->
              <div class="test-method">
                <span class="method-name">cvv(Discover, 6011933302679615, 02/18, 123)</span>
                <span class="method-start">432 ms</span>
              </div> <!-- test-method -->
              <div class="test-method">
                <span class="method-name">cvv(Discover, 6211933302679615, 06/19, 124)</span>
                <span class="method-start">432 ms</span>
              </div> <!-- test-method -->
              <div class="test-method">
                <span class="method-name">cvv(Discover, 6411933302679615, 01/20, 723)</span>
                <span class="method-start">442 ms</span>
              </div> <!-- test-method -->
              <div class="test-method">
                <span class="method-name">cvv(Discover, 6511933302679615, 05/21, 183)</span>
                <span class="method-start">452 ms</span>
              </div> <!-- test-method -->
              <div class="test-method">
                <span class="method-name">cvv(MoldovaBank, 85247652465412, 12/25, 369)</span>
                <span class="method-start">462 ms</span>
              </div> <!-- test-method -->
              <div class="test-method">
                <img src="failed.png">
                </img>
                <span class="method-name">exp(VISA, 4532-5471-0699-4816, 03/17, 123)</span>
                <span class="method-start">482 ms</span>
              </div> <!-- test-method -->
              <div class="test-method">
                <span class="method-name">exp(VISA, 4961785148901, 04/20, 124)</span>
                <span class="method-start">502 ms</span>
              </div> <!-- test-method -->
              <div class="test-method">
                <span class="method-name">exp(MasterCard, 5584398929973080, 09/19, 123)</span>
                <span class="method-start">504 ms</span>
              </div> <!-- test-method -->
              <div class="test-method">
                <span class="method-name">exp(MasterCard, 5184398929973080, 09/22, 123)</span>
                <span class="method-start">514 ms</span>
              </div> <!-- test-method -->
              <div class="test-method">
                <img src="failed.png">
                </img>
                <span class="method-name">exp(MasterCard, 5284398929973080, 01/16, 154)</span>
                <span class="method-start">514 ms</span>
              </div> <!-- test-method -->
              <div class="test-method">
                <span class="method-name">exp(MasterCard, 5384398929973080, 09/20, 823)</span>
                <span class="method-start">524 ms</span>
              </div> <!-- test-method -->
              <div class="test-method">
                <span class="method-name">exp(MasterCard, 5484398929973080, 04/18, 123)</span>
                <span class="method-start">534 ms</span>
              </div> <!-- test-method -->
              <div class="test-method">
                <img src="failed.png">
                </img>
                <span class="method-name">exp(American Express, 344259201906721, 03/16, 1234)</span>
                <span class="method-start">545 ms</span>
              </div> <!-- test-method -->
              <div class="test-method">
                <img src="failed.png">
                </img>
                <span class="method-name">exp(American Express, 374259201906721, 05/17, 1434)</span>
                <span class="method-start">557 ms</span>
              </div> <!-- test-method -->
              <div class="test-method">
                <img src="failed.png">
                </img>
                <span class="method-name">exp(VISA, 4532-5471-0699-4816, 03/17, 1234)</span>
                <span class="method-start">565 ms</span>
              </div> <!-- test-method -->
              <div class="test-method">
                <span class="method-name">exp(Discover, 6011933302679615, 02/18, 123)</span>
                <span class="method-start">581 ms</span>
              </div> <!-- test-method -->
              <div class="test-method">
                <span class="method-name">exp(Discover, 6211933302679615, 06/19, 124)</span>
                <span class="method-start">587 ms</span>
              </div> <!-- test-method -->
              <div class="test-method">
                <span class="method-name">exp(Discover, 6411933302679615, 01/20, 723)</span>
                <span class="method-start">598 ms</span>
              </div> <!-- test-method -->
              <div class="test-method">
                <span class="method-name">exp(Discover, 6511933302679615, 05/21, 183)</span>
                <span class="method-start">604 ms</span>
              </div> <!-- test-method -->
              <div class="test-method">
                <span class="method-name">exp(MoldovaBank, 85247652465412, 12/25, 369)</span>
                <span class="method-start">610 ms</span>
              </div> <!-- test-method -->
              <div class="test-method">
                <span class="method-name">luhn(VISA, 4532-5471-0699-4816, 03/17, 123)</span>
                <span class="method-start">620 ms</span>
              </div> <!-- test-method -->
              <div class="test-method">
                <img src="failed.png">
                </img>
                <span class="method-name">luhn(VISA, 4961785148901, 04/20, 124)</span>
                <span class="method-start">626 ms</span>
              </div> <!-- test-method -->
              <div class="test-method">
                <span class="method-name">luhn(MasterCard, 5584398929973080, 09/19, 123)</span>
                <span class="method-start">637 ms</span>
              </div> <!-- test-method -->
              <div class="test-method">
                <img src="failed.png">
                </img>
                <span class="method-name">luhn(MasterCard, 5184398929973080, 09/22, 123)</span>
                <span class="method-start">645 ms</span>
              </div> <!-- test-method -->
              <div class="test-method">
                <img src="failed.png">
                </img>
                <span class="method-name">luhn(MasterCard, 5284398929973080, 01/16, 154)</span>
                <span class="method-start">653 ms</span>
              </div> <!-- test-method -->
              <div class="test-method">
                <img src="failed.png">
                </img>
                <span class="method-name">luhn(MasterCard, 5384398929973080, 09/20, 823)</span>
                <span class="method-start">661 ms</span>
              </div> <!-- test-method -->
              <div class="test-method">
                <img src="failed.png">
                </img>
                <span class="method-name">luhn(MasterCard, 5484398929973080, 04/18, 123)</span>
                <span class="method-start">669 ms</span>
              </div> <!-- test-method -->
              <div class="test-method">
                <span class="method-name">luhn(American Express, 344259201906721, 03/16, 1234)</span>
                <span class="method-start">677 ms</span>
              </div> <!-- test-method -->
              <div class="test-method">
                <img src="failed.png">
                </img>
                <span class="method-name">luhn(American Express, 374259201906721, 05/17, 1434)</span>
                <span class="method-start">683 ms</span>
              </div> <!-- test-method -->
              <div class="test-method">
                <span class="method-name">luhn(VISA, 4532-5471-0699-4816, 03/17, 1234)</span>
                <span class="method-start">691 ms</span>
              </div> <!-- test-method -->
              <div class="test-method">
                <img src="failed.png">
                </img>
                <span class="method-name">luhn(Discover, 6011933302679615, 02/18, 123)</span>
                <span class="method-start">698 ms</span>
              </div> <!-- test-method -->
              <div class="test-method">
                <img src="failed.png">
                </img>
                <span class="method-name">luhn(Discover, 6211933302679615, 06/19, 124)</span>
                <span class="method-start">706 ms</span>
              </div> <!-- test-method -->
              <div class="test-method">
                <img src="failed.png">
                </img>
                <span class="method-name">luhn(Discover, 6411933302679615, 01/20, 723)</span>
                <span class="method-start">714 ms</span>
              </div> <!-- test-method -->
              <div class="test-method">
                <img src="failed.png">
                </img>
                <span class="method-name">luhn(Discover, 6511933302679615, 05/21, 183)</span>
                <span class="method-start">728 ms</span>
              </div> <!-- test-method -->
              <div class="test-method">
                <img src="failed.png">
                </img>
                <span class="method-name">luhn(MoldovaBank, 85247652465412, 12/25, 369)</span>
                <span class="method-start">736 ms</span>
              </div> <!-- test-method -->
              <div class="test-method">
                <img src="failed.png">
                </img>
                <span class="method-name">test01</span>
                <span class="method-start">749 ms</span>
              </div> <!-- test-method -->
              <div class="test-method">
                <span class="method-name">test02</span>
                <span class="method-start">761 ms</span>
              </div> <!-- test-method -->
              <div class="test-method">
                <span class="method-name">type(VISA, 4532-5471-0699-4816, 03/17, 123)</span>
                <span class="method-start">769 ms</span>
              </div> <!-- test-method -->
              <div class="test-method">
                <span class="method-name">type(VISA, 4961785148901, 04/20, 124)</span>
                <span class="method-start">775 ms</span>
              </div> <!-- test-method -->
              <div class="test-method">
                <span class="method-name">type(MasterCard, 5584398929973080, 09/19, 123)</span>
                <span class="method-start">783 ms</span>
              </div> <!-- test-method -->
              <div class="test-method">
                <span class="method-name">type(MasterCard, 5184398929973080, 09/22, 123)</span>
                <span class="method-start">790 ms</span>
              </div> <!-- test-method -->
              <div class="test-method">
                <span class="method-name">type(MasterCard, 5284398929973080, 01/16, 154)</span>
                <span class="method-start">796 ms</span>
              </div> <!-- test-method -->
              <div class="test-method">
                <span class="method-name">type(MasterCard, 5384398929973080, 09/20, 823)</span>
                <span class="method-start">801 ms</span>
              </div> <!-- test-method -->
              <div class="test-method">
                <span class="method-name">type(MasterCard, 5484398929973080, 04/18, 123)</span>
                <span class="method-start">806 ms</span>
              </div> <!-- test-method -->
              <div class="test-method">
                <span class="method-name">type(American Express, 344259201906721, 03/16, 1234)</span>
                <span class="method-start">813 ms</span>
              </div> <!-- test-method -->
              <div class="test-method">
                <span class="method-name">type(American Express, 374259201906721, 05/17, 1434)</span>
                <span class="method-start">822 ms</span>
              </div> <!-- test-method -->
              <div class="test-method">
                <span class="method-name">type(VISA, 4532-5471-0699-4816, 03/17, 1234)</span>
                <span class="method-start">831 ms</span>
              </div> <!-- test-method -->
              <div class="test-method">
                <span class="method-name">type(Discover, 6011933302679615, 02/18, 123)</span>
                <span class="method-start">836 ms</span>
              </div> <!-- test-method -->
              <div class="test-method">
                <span class="method-name">type(Discover, 6211933302679615, 06/19, 124)</span>
                <span class="method-start">843 ms</span>
              </div> <!-- test-method -->
              <div class="test-method">
                <span class="method-name">type(Discover, 6411933302679615, 01/20, 723)</span>
                <span class="method-start">850 ms</span>
              </div> <!-- test-method -->
              <div class="test-method">
                <span class="method-name">type(Discover, 6511933302679615, 05/21, 183)</span>
                <span class="method-start">856 ms</span>
              </div> <!-- test-method -->
              <div class="test-method">
                <img src="failed.png">
                </img>
                <span class="method-name">type(MoldovaBank, 85247652465412, 12/25, 369)</span>
                <span class="method-start">863 ms</span>
              </div> <!-- test-method -->
          </div> <!-- main-panel-content rounded-window-bottom -->
        </div> <!-- panel -->
      </div> <!-- main-panel-root -->
    </div> <!-- wrapper -->
  </body>
</html>
