<?xml version="1.0" encoding="UTF-8"?>
<!-- Generated by org.testng.reporters.JUnitReportReporter -->
<testsuite skipped="127" hostname="Vova-ПК" name="core.ElementsValidationTest" tests="130" failures="0" timestamp="11 ноя 2017 04:24:49 GMT" time="21.360" errors="2">
  <testcase name="testSize" time="2.312" classname="core.ElementsValidationTest">
    <skipped/>
  </testcase> <!-- testSize -->
  <testcase name="testSize" time="0.000" classname="core.ElementsValidationTest">
    <skipped/>
  </testcase> <!-- testSize -->
  <testcase name="testPresence" time="0.000" classname="core.ElementsValidationTest">
    <skipped/>
  </testcase> <!-- testPresence -->
  <testcase name="testLocation" time="0.000" classname="core.ElementsValidationTest">
    <skipped/>
  </testcase> <!-- testLocation -->
  <testcase name="testPresence" time="0.001" classname="core.ElementsValidationTest">
    <skipped/>
  </testcase> <!-- testPresence -->
  <testcase name="testSize" time="0.000" classname="core.ElementsValidationTest">
    <skipped/>
  </testcase> <!-- testSize -->
  <testcase name="testLocation" time="0.000" classname="core.ElementsValidationTest">
    <skipped/>
  </testcase> <!-- testLocation -->
  <testcase name="testSize" time="0.001" classname="core.ElementsValidationTest">
    <skipped/>
  </testcase> <!-- testSize -->
  <testcase name="testLocation" time="0.000" classname="core.ElementsValidationTest">
    <skipped/>
  </testcase> <!-- testLocation -->
  <testcase name="testPresence" time="0.001" classname="core.ElementsValidationTest">
    <skipped/>
  </testcase> <!-- testPresence -->
  <testcase name="testLocation" time="0.000" classname="core.ElementsValidationTest">
    <skipped/>
  </testcase> <!-- testLocation -->
  <testcase name="testLocation" time="0.000" classname="core.ElementsValidationTest">
    <skipped/>
  </testcase> <!-- testLocation -->
  <testcase name="testPresence" time="0.001" classname="core.ElementsValidationTest">
    <skipped/>
  </testcase> <!-- testPresence -->
  <testcase name="testSize" time="0.001" classname="core.ElementsValidationTest">
    <skipped/>
  </testcase> <!-- testSize -->
  <testcase name="testPresence" time="0.000" classname="core.ElementsValidationTest">
    <skipped/>
  </testcase> <!-- testPresence -->
  <testcase name="testSize" time="0.000" classname="core.ElementsValidationTest">
    <skipped/>
  </testcase> <!-- testSize -->
  <testcase name="testLocation" time="0.001" classname="core.ElementsValidationTest">
    <skipped/>
  </testcase> <!-- testLocation -->
  <testcase name="testLocation" time="0.000" classname="core.ElementsValidationTest">
    <skipped/>
  </testcase> <!-- testLocation -->
  <testcase name="testLocation" time="0.001" classname="core.ElementsValidationTest">
    <skipped/>
  </testcase> <!-- testLocation -->
  <testcase name="testPresence" time="0.000" classname="core.ElementsValidationTest">
    <skipped/>
  </testcase> <!-- testPresence -->
  <testcase name="testPresence" time="0.000" classname="core.ElementsValidationTest">
    <skipped/>
  </testcase> <!-- testPresence -->
  <testcase name="testLocation" time="0.000" classname="core.ElementsValidationTest">
    <skipped/>
  </testcase> <!-- testLocation -->
  <testcase name="testPresence" time="0.000" classname="core.ElementsValidationTest">
    <skipped/>
  </testcase> <!-- testPresence -->
  <testcase name="testSize" time="0.000" classname="core.ElementsValidationTest">
    <skipped/>
  </testcase> <!-- testSize -->
  <testcase name="testSize" time="0.000" classname="core.ElementsValidationTest">
    <skipped/>
  </testcase> <!-- testSize -->
  <testcase name="testSize" time="0.000" classname="core.ElementsValidationTest">
    <skipped/>
  </testcase> <!-- testSize -->
  <testcase name="testPresence" time="0.001" classname="core.ElementsValidationTest">
    <skipped/>
  </testcase> <!-- testPresence -->
  <testcase name="testPresence" time="0.000" classname="core.ElementsValidationTest">
    <skipped/>
  </testcase> <!-- testPresence -->
  <testcase name="testPresence" time="0.000" classname="core.ElementsValidationTest">
    <skipped/>
  </testcase> <!-- testPresence -->
  <testcase name="am" time="2.053" classname="core.ElementsValidationTest">
    <error type="org.openqa.selenium.WebDriverException" message="chrome not reachable
  (Session info: chrome=61.0.3163.100)
  (Driver info: chromedriver=2.32.498550 (9dec58e66c31bcc53a9ce3c7226f0c1c5810906a),platform=Windows NT 6.1.7601 SP1 x86) (WARNING: The server did not provide any stacktrace information)
Command duration or timeout: 0 milliseconds
Build info: version: &#039;3.6.0&#039;, revision: &#039;6fbf3ec767&#039;, time: &#039;2017-09-27T15:28:36.4Z&#039;
System info: host: &#039;VOVA-ПК&#039;, ip: &#039;172.20.10.5&#039;, os.name: &#039;Windows 7&#039;, os.arch: &#039;x86&#039;, os.version: &#039;6.1&#039;, java.version: &#039;1.8.0_151&#039;
Driver info: org.openqa.selenium.chrome.ChromeDriver
Capabilities [{mobileEmulationEnabled=false, hasTouchScreen=false, platform=XP, acceptSslCerts=true, webStorageEnabled=true, browserName=chrome, takesScreenshot=true, javascriptEnabled=true, platformName=XP, setWindowRect=true, unexpectedAlertBehaviour=, applicationCacheEnabled=false, rotatable=false, networkConnectionEnabled=false, chrome={chromedriverVersion=2.32.498550 (9dec58e66c31bcc53a9ce3c7226f0c1c5810906a), userDataDir=C:\Users\Vova\AppData\Local\Temp\scoped_dir3456_11331}, takesHeapSnapshot=true, pageLoadStrategy=normal, unhandledPromptBehavior=, databaseEnabled=false, handlesAlerts=true, version=61.0.3163.100, browserConnectionEnabled=false, nativeEvents=true, locationContextEnabled=true, cssSelectorsEnabled=true}]
Session ID: 387cd31c4192c8c6b6607ca7102021c1">
      <![CDATA[org.openqa.selenium.WebDriverException: chrome not reachable
  (Session info: chrome=61.0.3163.100)
  (Driver info: chromedriver=2.32.498550 (9dec58e66c31bcc53a9ce3c7226f0c1c5810906a),platform=Windows NT 6.1.7601 SP1 x86) (WARNING: The server did not provide any stacktrace information)
Command duration or timeout: 0 milliseconds
Build info: version: '3.6.0', revision: '6fbf3ec767', time: '2017-09-27T15:28:36.4Z'
System info: host: 'VOVA-ПК', ip: '172.20.10.5', os.name: 'Windows 7', os.arch: 'x86', os.version: '6.1', java.version: '1.8.0_151'
Driver info: org.openqa.selenium.chrome.ChromeDriver
Capabilities [{mobileEmulationEnabled=false, hasTouchScreen=false, platform=XP, acceptSslCerts=true, webStorageEnabled=true, browserName=chrome, takesScreenshot=true, javascriptEnabled=true, platformName=XP, setWindowRect=true, unexpectedAlertBehaviour=, applicationCacheEnabled=false, rotatable=false, networkConnectionEnabled=false, chrome={chromedriverVersion=2.32.498550 (9dec58e66c31bcc53a9ce3c7226f0c1c5810906a), userDataDir=C:\Users\Vova\AppData\Local\Temp\scoped_dir3456_11331}, takesHeapSnapshot=true, pageLoadStrategy=normal, unhandledPromptBehavior=, databaseEnabled=false, handlesAlerts=true, version=61.0.3163.100, browserConnectionEnabled=false, nativeEvents=true, locationContextEnabled=true, cssSelectorsEnabled=true}]
Session ID: 387cd31c4192c8c6b6607ca7102021c1
	at sun.reflect.NativeConstructorAccessorImpl.newInstance0(Native Method)
	at sun.reflect.NativeConstructorAccessorImpl.newInstance(Unknown Source)
	at sun.reflect.DelegatingConstructorAccessorImpl.newInstance(Unknown Source)
	at java.lang.reflect.Constructor.newInstance(Unknown Source)
	at org.openqa.selenium.remote.ErrorHandler.createThrowable(ErrorHandler.java:214)
	at org.openqa.selenium.remote.ErrorHandler.throwIfResponseFailed(ErrorHandler.java:166)
	at org.openqa.selenium.remote.http.JsonHttpResponseCodec.reconstructValue(JsonHttpResponseCodec.java:40)
	at org.openqa.selenium.remote.http.AbstractHttpResponseCodec.decode(AbstractHttpResponseCodec.java:82)
	at org.openqa.selenium.remote.http.AbstractHttpResponseCodec.decode(AbstractHttpResponseCodec.java:45)
	at org.openqa.selenium.remote.HttpCommandExecutor.execute(HttpCommandExecutor.java:164)
	at org.openqa.selenium.remote.service.DriverCommandExecutor.execute(DriverCommandExecutor.java:83)
	at org.openqa.selenium.remote.RemoteWebDriver.execute(RemoteWebDriver.java:586)
	at org.openqa.selenium.remote.RemoteWebDriver.execute(RemoteWebDriver.java:643)
	at org.openqa.selenium.remote.RemoteWebDriver.close(RemoteWebDriver.java:472)
	at core.ElementsValidationTest.am(ElementsValidationTest.java:73)
	at sun.reflect.NativeMethodAccessorImpl.invoke0(Native Method)
	at sun.reflect.NativeMethodAccessorImpl.invoke(Unknown Source)
	at sun.reflect.DelegatingMethodAccessorImpl.invoke(Unknown Source)
	at java.lang.reflect.Method.invoke(Unknown Source)
	at org.testng.internal.MethodInvocationHelper.invokeMethod(MethodInvocationHelper.java:108)
	at org.testng.internal.Invoker.invokeConfigurationMethod(Invoker.java:523)
	at org.testng.internal.Invoker.invokeConfigurations(Invoker.java:224)
	at org.testng.internal.Invoker.invokeMethod(Invoker.java:723)
	at org.testng.internal.Invoker.invokeTestMethod(Invoker.java:869)
	at org.testng.internal.Invoker.invokeTestMethods(Invoker.java:1193)
	at org.testng.internal.TestMethodWorker.invokeTestMethods(TestMethodWorker.java:126)
	at org.testng.internal.TestMethodWorker.run(TestMethodWorker.java:109)
	at org.testng.TestRunner.privateRun(TestRunner.java:744)
	at org.testng.TestRunner.run(TestRunner.java:602)
	at org.testng.SuiteRunner.runTest(SuiteRunner.java:380)
	at org.testng.SuiteRunner.runSequentially(SuiteRunner.java:375)
	at org.testng.SuiteRunner.privateRun(SuiteRunner.java:340)
	at org.testng.SuiteRunner.run(SuiteRunner.java:289)
	at org.testng.SuiteRunnerWorker.runSuite(SuiteRunnerWorker.java:52)
	at org.testng.SuiteRunnerWorker.run(SuiteRunnerWorker.java:86)
	at org.testng.TestNG.runSuitesSequentially(TestNG.java:1301)
	at org.testng.TestNG.runSuitesLocally(TestNG.java:1226)
	at org.testng.TestNG.runSuites(TestNG.java:1144)
	at org.testng.TestNG.run(TestNG.java:1115)
	at org.testng.remote.AbstractRemoteTestNG.run(AbstractRemoteTestNG.java:132)
	at org.testng.remote.RemoteTestNG.initAndRun(RemoteTestNG.java:230)
	at org.testng.remote.RemoteTestNG.main(RemoteTestNG.java:76)
]]>
    </error>
  </testcase> <!-- am -->
  <testcase name="testSize" time="0.001" classname="core.ElementsValidationTest">
    <skipped/>
  </testcase> <!-- testSize -->
  <testcase name="testPresence" time="0.000" classname="core.ElementsValidationTest">
    <skipped/>
  </testcase> <!-- testPresence -->
  <testcase name="testPresence" time="0.001" classname="core.ElementsValidationTest">
    <skipped/>
  </testcase> <!-- testPresence -->
  <testcase name="testSize" time="0.000" classname="core.ElementsValidationTest">
    <skipped/>
  </testcase> <!-- testSize -->
  <testcase name="testPresence" time="0.001" classname="core.ElementsValidationTest">
    <skipped/>
  </testcase> <!-- testPresence -->
  <testcase name="testPresence" time="0.000" classname="core.ElementsValidationTest">
    <skipped/>
  </testcase> <!-- testPresence -->
  <testcase name="testLocation" time="0.000" classname="core.ElementsValidationTest">
    <skipped/>
  </testcase> <!-- testLocation -->
  <testcase name="testSize" time="0.000" classname="core.ElementsValidationTest">
    <skipped/>
  </testcase> <!-- testSize -->
  <testcase name="testLocation" time="0.000" classname="core.ElementsValidationTest">
    <skipped/>
  </testcase> <!-- testLocation -->
  <testcase name="testLocation" time="0.002" classname="core.ElementsValidationTest">
    <skipped/>
  </testcase> <!-- testLocation -->
  <testcase name="testLocation" time="0.001" classname="core.ElementsValidationTest">
    <skipped/>
  </testcase> <!-- testLocation -->
  <testcase name="testPresence" time="0.001" classname="core.ElementsValidationTest">
    <skipped/>
  </testcase> <!-- testPresence -->
  <testcase name="testLocation" time="0.001" classname="core.ElementsValidationTest">
    <skipped/>
  </testcase> <!-- testLocation -->
  <testcase name="testPresence" time="0.001" classname="core.ElementsValidationTest">
    <skipped/>
  </testcase> <!-- testPresence -->
  <testcase name="testSize" time="0.000" classname="core.ElementsValidationTest">
    <skipped/>
  </testcase> <!-- testSize -->
  <testcase name="testPresence" time="0.000" classname="core.ElementsValidationTest">
    <skipped/>
  </testcase> <!-- testPresence -->
  <testcase name="testPresence" time="0.001" classname="core.ElementsValidationTest">
    <skipped/>
  </testcase> <!-- testPresence -->
  <testcase name="testSize" time="0.000" classname="core.ElementsValidationTest">
    <skipped/>
  </testcase> <!-- testSize -->
  <testcase name="testPresence" time="0.000" classname="core.ElementsValidationTest">
    <skipped/>
  </testcase> <!-- testPresence -->
  <testcase name="testLocation" time="0.000" classname="core.ElementsValidationTest">
    <skipped/>
  </testcase> <!-- testLocation -->
  <testcase name="testLocation" time="0.000" classname="core.ElementsValidationTest">
    <skipped/>
  </testcase> <!-- testLocation -->
  <testcase name="testSize" time="0.002" classname="core.ElementsValidationTest">
    <skipped/>
  </testcase> <!-- testSize -->
  <testcase name="testLocation" time="0.000" classname="core.ElementsValidationTest">
    <skipped/>
  </testcase> <!-- testLocation -->
  <testcase name="testLocation" time="6.850" classname="core.ElementsValidationTest">
    <error type="org.openqa.selenium.NoSuchWindowException" message="no such window: target window already closed
from unknown error: web view not found
  (Session info: chrome=61.0.3163.100)
  (Driver info: chromedriver=2.32.498550 (9dec58e66c31bcc53a9ce3c7226f0c1c5810906a),platform=Windows NT 6.1.7601 SP1 x86) (WARNING: The server did not provide any stacktrace information)
Command duration or timeout: 0 milliseconds
Build info: version: &#039;3.6.0&#039;, revision: &#039;6fbf3ec767&#039;, time: &#039;2017-09-27T15:28:36.4Z&#039;
System info: host: &#039;VOVA-ПК&#039;, ip: &#039;172.20.10.5&#039;, os.name: &#039;Windows 7&#039;, os.arch: &#039;x86&#039;, os.version: &#039;6.1&#039;, java.version: &#039;1.8.0_151&#039;
Driver info: org.openqa.selenium.chrome.ChromeDriver
Capabilities [{mobileEmulationEnabled=false, hasTouchScreen=false, platform=XP, acceptSslCerts=true, webStorageEnabled=true, browserName=chrome, takesScreenshot=true, javascriptEnabled=true, platformName=XP, setWindowRect=true, unexpectedAlertBehaviour=, applicationCacheEnabled=false, rotatable=false, networkConnectionEnabled=false, chrome={chromedriverVersion=2.32.498550 (9dec58e66c31bcc53a9ce3c7226f0c1c5810906a), userDataDir=C:\Users\Vova\AppData\Local\Temp\scoped_dir3456_11331}, takesHeapSnapshot=true, pageLoadStrategy=normal, unhandledPromptBehavior=, databaseEnabled=false, handlesAlerts=true, version=61.0.3163.100, browserConnectionEnabled=false, nativeEvents=true, locationContextEnabled=true, cssSelectorsEnabled=true}]
Session ID: 387cd31c4192c8c6b6607ca7102021c1
*** Element info: {Using=id, value=id_current_location}">
      <![CDATA[org.openqa.selenium.NoSuchWindowException: no such window: target window already closed
from unknown error: web view not found
  (Session info: chrome=61.0.3163.100)
  (Driver info: chromedriver=2.32.498550 (9dec58e66c31bcc53a9ce3c7226f0c1c5810906a),platform=Windows NT 6.1.7601 SP1 x86) (WARNING: The server did not provide any stacktrace information)
Command duration or timeout: 0 milliseconds
Build info: version: '3.6.0', revision: '6fbf3ec767', time: '2017-09-27T15:28:36.4Z'
System info: host: 'VOVA-ПК', ip: '172.20.10.5', os.name: 'Windows 7', os.arch: 'x86', os.version: '6.1', java.version: '1.8.0_151'
Driver info: org.openqa.selenium.chrome.ChromeDriver
Capabilities [{mobileEmulationEnabled=false, hasTouchScreen=false, platform=XP, acceptSslCerts=true, webStorageEnabled=true, browserName=chrome, takesScreenshot=true, javascriptEnabled=true, platformName=XP, setWindowRect=true, unexpectedAlertBehaviour=, applicationCacheEnabled=false, rotatable=false, networkConnectionEnabled=false, chrome={chromedriverVersion=2.32.498550 (9dec58e66c31bcc53a9ce3c7226f0c1c5810906a), userDataDir=C:\Users\Vova\AppData\Local\Temp\scoped_dir3456_11331}, takesHeapSnapshot=true, pageLoadStrategy=normal, unhandledPromptBehavior=, databaseEnabled=false, handlesAlerts=true, version=61.0.3163.100, browserConnectionEnabled=false, nativeEvents=true, locationContextEnabled=true, cssSelectorsEnabled=true}]
Session ID: 387cd31c4192c8c6b6607ca7102021c1
*** Element info: {Using=id, value=id_current_location}
	at sun.reflect.NativeConstructorAccessorImpl.newInstance0(Native Method)
	at sun.reflect.NativeConstructorAccessorImpl.newInstance(Unknown Source)
	at sun.reflect.DelegatingConstructorAccessorImpl.newInstance(Unknown Source)
	at java.lang.reflect.Constructor.newInstance(Unknown Source)
	at org.openqa.selenium.remote.ErrorHandler.createThrowable(ErrorHandler.java:214)
	at org.openqa.selenium.remote.ErrorHandler.throwIfResponseFailed(ErrorHandler.java:166)
	at org.openqa.selenium.remote.http.JsonHttpResponseCodec.reconstructValue(JsonHttpResponseCodec.java:40)
	at org.openqa.selenium.remote.http.AbstractHttpResponseCodec.decode(AbstractHttpResponseCodec.java:82)
	at org.openqa.selenium.remote.http.AbstractHttpResponseCodec.decode(AbstractHttpResponseCodec.java:45)
	at org.openqa.selenium.remote.HttpCommandExecutor.execute(HttpCommandExecutor.java:164)
	at org.openqa.selenium.remote.service.DriverCommandExecutor.execute(DriverCommandExecutor.java:83)
	at org.openqa.selenium.remote.RemoteWebDriver.execute(RemoteWebDriver.java:586)
	at org.openqa.selenium.remote.RemoteWebDriver.findElements(RemoteWebDriver.java:383)
	at org.openqa.selenium.remote.RemoteWebDriver.findElementsById(RemoteWebDriver.java:406)
	at org.openqa.selenium.By$ById.findElements(By.java:210)
	at org.openqa.selenium.remote.RemoteWebDriver.findElements(RemoteWebDriver.java:344)
	at core.ElementsValidationTest.location(ElementsValidationTest.java:141)
	at core.ElementsValidationTest.testLocation(ElementsValidationTest.java:61)
	at sun.reflect.NativeMethodAccessorImpl.invoke0(Native Method)
	at sun.reflect.NativeMethodAccessorImpl.invoke(Unknown Source)
	at sun.reflect.DelegatingMethodAccessorImpl.invoke(Unknown Source)
	at java.lang.reflect.Method.invoke(Unknown Source)
	at org.testng.internal.MethodInvocationHelper.invokeMethod(MethodInvocationHelper.java:108)
	at org.testng.internal.Invoker.invokeMethod(Invoker.java:661)
	at org.testng.internal.Invoker.invokeTestMethod(Invoker.java:869)
	at org.testng.internal.Invoker.invokeTestMethods(Invoker.java:1193)
	at org.testng.internal.TestMethodWorker.invokeTestMethods(TestMethodWorker.java:126)
	at org.testng.internal.TestMethodWorker.run(TestMethodWorker.java:109)
	at org.testng.TestRunner.privateRun(TestRunner.java:744)
	at org.testng.TestRunner.run(TestRunner.java:602)
	at org.testng.SuiteRunner.runTest(SuiteRunner.java:380)
	at org.testng.SuiteRunner.runSequentially(SuiteRunner.java:375)
	at org.testng.SuiteRunner.privateRun(SuiteRunner.java:340)
	at org.testng.SuiteRunner.run(SuiteRunner.java:289)
	at org.testng.SuiteRunnerWorker.runSuite(SuiteRunnerWorker.java:52)
	at org.testng.SuiteRunnerWorker.run(SuiteRunnerWorker.java:86)
	at org.testng.TestNG.runSuitesSequentially(TestNG.java:1301)
	at org.testng.TestNG.runSuitesLocally(TestNG.java:1226)
	at org.testng.TestNG.runSuites(TestNG.java:1144)
	at org.testng.TestNG.run(TestNG.java:1115)
	at org.testng.remote.AbstractRemoteTestNG.run(AbstractRemoteTestNG.java:132)
	at org.testng.remote.RemoteTestNG.initAndRun(RemoteTestNG.java:230)
	at org.testng.remote.RemoteTestNG.main(RemoteTestNG.java:76)
]]>
    </error>
  </testcase> <!-- testLocation -->
  <testcase name="testPresence" time="0.000" classname="core.ElementsValidationTest">
    <skipped/>
  </testcase> <!-- testPresence -->
  <testcase name="testLocation" time="0.000" classname="core.ElementsValidationTest">
    <skipped/>
  </testcase> <!-- testLocation -->
  <testcase name="testSize" time="0.001" classname="core.ElementsValidationTest">
    <skipped/>
  </testcase> <!-- testSize -->
  <testcase name="testSize" time="0.001" classname="core.ElementsValidationTest">
    <skipped/>
  </testcase> <!-- testSize -->
  <testcase name="testLocation" time="0.000" classname="core.ElementsValidationTest">
    <skipped/>
  </testcase> <!-- testLocation -->
  <testcase name="testSize" time="0.001" classname="core.ElementsValidationTest">
    <skipped/>
  </testcase> <!-- testSize -->
  <testcase name="testPresence" time="0.001" classname="core.ElementsValidationTest">
    <skipped/>
  </testcase> <!-- testPresence -->
  <testcase name="testSize" time="0.000" classname="core.ElementsValidationTest">
    <skipped/>
  </testcase> <!-- testSize -->
  <testcase name="testLocation" time="0.000" classname="core.ElementsValidationTest">
    <skipped/>
  </testcase> <!-- testLocation -->
  <testcase name="testPresence" time="0.000" classname="core.ElementsValidationTest">
    <skipped/>
  </testcase> <!-- testPresence -->
  <testcase name="testLocation" time="0.000" classname="core.ElementsValidationTest">
    <skipped/>
  </testcase> <!-- testLocation -->
  <testcase name="testPresence" time="0.000" classname="core.ElementsValidationTest">
    <skipped/>
  </testcase> <!-- testPresence -->
  <testcase name="testSize" time="0.000" classname="core.ElementsValidationTest">
    <skipped/>
  </testcase> <!-- testSize -->
  <testcase name="testLocation" time="0.000" classname="core.ElementsValidationTest">
    <skipped/>
  </testcase> <!-- testLocation -->
  <testcase name="testPresence" time="0.001" classname="core.ElementsValidationTest">
    <skipped/>
  </testcase> <!-- testPresence -->
  <testcase name="testPresence" time="0.001" classname="core.ElementsValidationTest">
    <skipped/>
  </testcase> <!-- testPresence -->
  <testcase name="testPresence" time="0.001" classname="core.ElementsValidationTest">
    <skipped/>
  </testcase> <!-- testPresence -->
  <testcase name="testLocation" time="0.001" classname="core.ElementsValidationTest">
    <skipped/>
  </testcase> <!-- testLocation -->
  <testcase name="testPresence" time="0.000" classname="core.ElementsValidationTest">
    <skipped/>
  </testcase> <!-- testPresence -->
  <testcase name="testSize" time="0.000" classname="core.ElementsValidationTest">
    <skipped/>
  </testcase> <!-- testSize -->
  <testcase name="testSize" time="0.000" classname="core.ElementsValidationTest">
    <skipped/>
  </testcase> <!-- testSize -->
  <testcase name="testPresence" time="0.000" classname="core.ElementsValidationTest">
    <skipped/>
  </testcase> <!-- testPresence -->
  <testcase name="testSize" time="0.001" classname="core.ElementsValidationTest">
    <skipped/>
  </testcase> <!-- testSize -->
  <testcase name="testSize" time="0.000" classname="core.ElementsValidationTest">
    <skipped/>
  </testcase> <!-- testSize -->
  <testcase name="testSize" time="0.000" classname="core.ElementsValidationTest">
    <skipped/>
  </testcase> <!-- testSize -->
  <testcase name="testLocation" time="0.000" classname="core.ElementsValidationTest">
    <skipped/>
  </testcase> <!-- testLocation -->
  <testcase name="testPresence" time="0.000" classname="core.ElementsValidationTest">
    <skipped/>
  </testcase> <!-- testPresence -->
  <testcase name="testPresence" time="0.000" classname="core.ElementsValidationTest">
    <skipped/>
  </testcase> <!-- testPresence -->
  <testcase name="testLocation" time="0.000" classname="core.ElementsValidationTest">
    <skipped/>
  </testcase> <!-- testLocation -->
  <testcase name="testLocation" time="0.000" classname="core.ElementsValidationTest">
    <skipped/>
  </testcase> <!-- testLocation -->
  <testcase name="testPresence" time="0.000" classname="core.ElementsValidationTest">
    <skipped/>
  </testcase> <!-- testPresence -->
  <testcase name="testLocation" time="0.000" classname="core.ElementsValidationTest">
    <skipped/>
  </testcase> <!-- testLocation -->
  <testcase name="testLocation" time="0.000" classname="core.ElementsValidationTest">
    <skipped/>
  </testcase> <!-- testLocation -->
  <testcase name="testPresence" time="0.000" classname="core.ElementsValidationTest">
    <skipped/>
  </testcase> <!-- testPresence -->
  <testcase name="testPresence" time="0.000" classname="core.ElementsValidationTest">
    <skipped/>
  </testcase> <!-- testPresence -->
  <testcase name="testLocation" time="0.000" classname="core.ElementsValidationTest">
    <skipped/>
  </testcase> <!-- testLocation -->
  <testcase name="testSize" time="0.000" classname="core.ElementsValidationTest">
    <skipped/>
  </testcase> <!-- testSize -->
  <testcase name="testLocation" time="0.000" classname="core.ElementsValidationTest">
    <skipped/>
  </testcase> <!-- testLocation -->
  <testcase name="testLocation" time="0.000" classname="core.ElementsValidationTest">
    <skipped/>
  </testcase> <!-- testLocation -->
  <testcase name="testLocation" time="0.000" classname="core.ElementsValidationTest">
    <skipped/>
  </testcase> <!-- testLocation -->
  <testcase name="testPresence" time="0.000" classname="core.ElementsValidationTest">
    <skipped/>
  </testcase> <!-- testPresence -->
  <testcase name="testLocation" time="0.000" classname="core.ElementsValidationTest">
    <skipped/>
  </testcase> <!-- testLocation -->
  <testcase name="testSize" time="0.000" classname="core.ElementsValidationTest">
    <skipped/>
  </testcase> <!-- testSize -->
  <testcase name="testPresence" time="0.001" classname="core.ElementsValidationTest">
    <skipped/>
  </testcase> <!-- testPresence -->
  <testcase name="testLocation" time="0.000" classname="core.ElementsValidationTest">
    <skipped/>
  </testcase> <!-- testLocation -->
  <testcase name="testSize" time="0.000" classname="core.ElementsValidationTest">
    <skipped/>
  </testcase> <!-- testSize -->
  <testcase name="testSize" time="0.001" classname="core.ElementsValidationTest">
    <skipped/>
  </testcase> <!-- testSize -->
  <testcase name="testLocation" time="0.001" classname="core.ElementsValidationTest">
    <skipped/>
  </testcase> <!-- testLocation -->
  <testcase name="testSize" time="0.000" classname="core.ElementsValidationTest">
    <skipped/>
  </testcase> <!-- testSize -->
  <testcase name="testSize" time="0.000" classname="core.ElementsValidationTest">
    <skipped/>
  </testcase> <!-- testSize -->
  <testcase name="testLocation" time="0.000" classname="core.ElementsValidationTest">
    <skipped/>
  </testcase> <!-- testLocation -->
  <testcase name="testPresence" time="0.000" classname="core.ElementsValidationTest">
    <skipped/>
  </testcase> <!-- testPresence -->
  <testcase name="testSize" time="0.000" classname="core.ElementsValidationTest">
    <skipped/>
  </testcase> <!-- testSize -->
  <testcase name="testSize" time="0.000" classname="core.ElementsValidationTest">
    <skipped/>
  </testcase> <!-- testSize -->
  <testcase name="testSize" time="0.001" classname="core.ElementsValidationTest">
    <skipped/>
  </testcase> <!-- testSize -->
  <testcase name="testSize" time="0.000" classname="core.ElementsValidationTest">
    <skipped/>
  </testcase> <!-- testSize -->
  <testcase name="testLocation" time="0.000" classname="core.ElementsValidationTest">
    <skipped/>
  </testcase> <!-- testLocation -->
  <testcase name="testSize" time="0.001" classname="core.ElementsValidationTest">
    <skipped/>
  </testcase> <!-- testSize -->
  <testcase name="testSize" time="0.000" classname="core.ElementsValidationTest">
    <skipped/>
  </testcase> <!-- testSize -->
  <testcase name="testPresence" time="0.000" classname="core.ElementsValidationTest">
    <skipped/>
  </testcase> <!-- testPresence -->
  <testcase name="testLocation" time="10.075" classname="core.ElementsValidationTest"/>
  <testcase name="testPresence" time="0.002" classname="core.ElementsValidationTest">
    <skipped/>
  </testcase> <!-- testPresence -->
  <testcase name="testSize" time="0.000" classname="core.ElementsValidationTest">
    <skipped/>
  </testcase> <!-- testSize -->
  <testcase name="testLocation" time="0.030" classname="core.ElementsValidationTest">
    <skipped/>
  </testcase> <!-- testLocation -->
  <testcase name="testLocation" time="0.000" classname="core.ElementsValidationTest">
    <skipped/>
  </testcase> <!-- testLocation -->
  <testcase name="testSize" time="0.001" classname="core.ElementsValidationTest">
    <skipped/>
  </testcase> <!-- testSize -->
  <testcase name="testLocation" time="0.000" classname="core.ElementsValidationTest">
    <skipped/>
  </testcase> <!-- testLocation -->
  <testcase name="testSize" time="0.000" classname="core.ElementsValidationTest">
    <skipped/>
  </testcase> <!-- testSize -->
  <testcase name="testPresence" time="0.000" classname="core.ElementsValidationTest">
    <skipped/>
  </testcase> <!-- testPresence -->
  <testcase name="testPresence" time="0.001" classname="core.ElementsValidationTest">
    <skipped/>
  </testcase> <!-- testPresence -->
  <testcase name="testLocation" time="0.001" classname="core.ElementsValidationTest">
    <skipped/>
  </testcase> <!-- testLocation -->
  <testcase name="testSize" time="0.000" classname="core.ElementsValidationTest">
    <skipped/>
  </testcase> <!-- testSize -->
  <testcase name="testSize" time="0.000" classname="core.ElementsValidationTest">
    <skipped/>
  </testcase> <!-- testSize -->
  <testcase name="testPresence" time="0.001" classname="core.ElementsValidationTest">
    <skipped/>
  </testcase> <!-- testPresence -->
  <testcase name="testPresence" time="0.000" classname="core.ElementsValidationTest">
    <skipped/>
  </testcase> <!-- testPresence -->
  <testcase name="testSize" time="0.000" classname="core.ElementsValidationTest">
    <skipped/>
  </testcase> <!-- testSize -->
</testsuite> <!-- core.ElementsValidationTest -->
