<?xml version="1.0" encoding="UTF-8"?>
<!-- Generated by org.testng.reporters.JUnitXMLReporter -->
<testsuite hostname="Vova-ПК" ignored="0" name="Default test" tests="129" failures="1" timestamp="11 ноя 2017 04:24:42 GMT" time="30.111" errors="0">
  <testcase name="@AfterMethod am" time="2.052" classname="core.ElementsValidationTest">
    <failure type="org.openqa.selenium.WebDriverException" message="chrome not reachable
  (Session info: chrome=61.0.3163.100)
  (Driver info: chromedriver=2.32.498550 (9dec58e66c31bcc53a9ce3c7226f0c1c5810906a),platform=Windows NT 6.1.7601 SP1 x86) (WARNING: The server did not provide any stacktrace information)
Command duration or timeout: 0 milliseconds
Build info: version: &amp;apos;3.6.0&amp;apos;, revision: &amp;apos;6fbf3ec767&amp;apos;, time: &amp;apos;2017-09-27T15:28:36.4Z&amp;apos;
System info: host: &amp;apos;VOVA-ПК&amp;apos;, ip: &amp;apos;172.20.10.5&amp;apos;, os.name: &amp;apos;Windows 7&amp;apos;, os.arch: &amp;apos;x86&amp;apos;, os.version: &amp;apos;6.1&amp;apos;, java.version: &amp;apos;1.8.0_151&amp;apos;
Driver info: org.openqa.selenium.chrome.ChromeDriver
Capabilities [{mobileEmulationEnabled=false, hasTouchScreen=false, platform=XP, acceptSslCerts=true, webStorageEnabled=true, browserName=chrome, takesScreenshot=true, javascriptEnabled=true, platformName=XP, setWindowRect=true, unexpectedAlertBehaviour=, applicationCacheEnabled=false, rotatable=false, networkConnectionEnabled=false, chrome={chromedriverVersion=2.32.498550 (9dec58e66c31bcc53a9ce3c7226f0c1c5810906a), userDataDir=C:\Users\Vova\AppData\Local\Temp\scoped_dir3456_11331}, takesHeapSnapshot=true, pageLoadStrategy=normal, unhandledPromptBehavior=, databaseEnabled=false, handlesAlerts=true, version=61.0.3163.100, browserConnectionEnabled=false, nativeEvents=true, locationContextEnabled=true, cssSelectorsEnabled=true}]
Session ID: 387cd31c4192c8c6b6607ca7102021c1">
      <![CDATA[org.openqa.selenium.WebDriverException: chrome not reachable
  (Session info: chrome=61.0.3163.100)
  (Driver info: chromedriver=2.32.498550 (9dec58e66c31bcc53a9ce3c7226f0c1c5810906a),platform=Windows NT 6.1.7601 SP1 x86) (WARNING: The server did not provide any stacktrace information)
Command duration or timeout: 0 milliseconds
Build info: version: '3.6.0', revision: '6fbf3ec767', time: '2017-09-27T15:28:36.4Z'
System info: host: 'VOVA-ПК', ip: '172.20.10.5', os.name: 'Windows 7', os.arch: 'x86', os.version: '6.1', java.version: '1.8.0_151'
Driver info: org.openqa.selenium.chrome.ChromeDriver
Capabilities [{mobileEmulationEnabled=false, hasTouchScreen=false, platform=XP, acceptSslCerts=true, webStorageEnabled=true, browserName=chrome, takesScreenshot=true, javascriptEnabled=true, platformName=XP, setWindowRect=true, unexpectedAlertBehaviour=, applicationCacheEnabled=false, rotatable=false, networkConnectionEnabled=false, chrome={chromedriverVersion=2.32.498550 (9dec58e66c31bcc53a9ce3c7226f0c1c5810906a), userDataDir=C:\Users\Vova\AppData\Local\Temp\scoped_dir3456_11331}, takesHeapSnapshot=true, pageLoadStrategy=normal, unhandledPromptBehavior=, databaseEnabled=false, handlesAlerts=true, version=61.0.3163.100, browserConnectionEnabled=false, nativeEvents=true, locationContextEnabled=true, cssSelectorsEnabled=true}]
Session ID: 387cd31c4192c8c6b6607ca7102021c1
	at sun.reflect.NativeConstructorAccessorImpl.newInstance0(Native Method)
	at sun.reflect.NativeConstructorAccessorImpl.newInstance(Unknown Source)
	at sun.reflect.DelegatingConstructorAccessorImpl.newInstance(Unknown Source)
	at java.lang.reflect.Constructor.newInstance(Unknown Source)
	at org.openqa.selenium.remote.ErrorHandler.createThrowable(ErrorHandler.java:214)
	at org.openqa.selenium.remote.ErrorHandler.throwIfResponseFailed(ErrorHandler.java:166)
	at org.openqa.selenium.remote.http.JsonHttpResponseCodec.reconstructValue(JsonHttpResponseCodec.java:40)
	at org.openqa.selenium.remote.http.AbstractHttpResponseCodec.decode(AbstractHttpResponseCodec.java:82)
	at org.openqa.selenium.remote.http.AbstractHttpResponseCodec.decode(AbstractHttpResponseCodec.java:45)
	at org.openqa.selenium.remote.HttpCommandExecutor.execute(HttpCommandExecutor.java:164)
	at org.openqa.selenium.remote.service.DriverCommandExecutor.execute(DriverCommandExecutor.java:83)
	at org.openqa.selenium.remote.RemoteWebDriver.execute(RemoteWebDriver.java:586)
	at org.openqa.selenium.remote.RemoteWebDriver.execute(RemoteWebDriver.java:643)
	at org.openqa.selenium.remote.RemoteWebDriver.close(RemoteWebDriver.java:472)
	at core.ElementsValidationTest.am(ElementsValidationTest.java:73)
	at sun.reflect.NativeMethodAccessorImpl.invoke0(Native Method)
	at sun.reflect.NativeMethodAccessorImpl.invoke(Unknown Source)
	at sun.reflect.DelegatingMethodAccessorImpl.invoke(Unknown Source)
	at java.lang.reflect.Method.invoke(Unknown Source)
	at org.testng.internal.MethodInvocationHelper.invokeMethod(MethodInvocationHelper.java:108)
	at org.testng.internal.Invoker.invokeConfigurationMethod(Invoker.java:523)
	at org.testng.internal.Invoker.invokeConfigurations(Invoker.java:224)
	at org.testng.internal.Invoker.invokeMethod(Invoker.java:723)
	at org.testng.internal.Invoker.invokeTestMethod(Invoker.java:869)
	at org.testng.internal.Invoker.invokeTestMethods(Invoker.java:1193)
	at org.testng.internal.TestMethodWorker.invokeTestMethods(TestMethodWorker.java:126)
	at org.testng.internal.TestMethodWorker.run(TestMethodWorker.java:109)
	at org.testng.TestRunner.privateRun(TestRunner.java:744)
	at org.testng.TestRunner.run(TestRunner.java:602)
	at org.testng.SuiteRunner.runTest(SuiteRunner.java:380)
	at org.testng.SuiteRunner.runSequentially(SuiteRunner.java:375)
	at org.testng.SuiteRunner.privateRun(SuiteRunner.java:340)
	at org.testng.SuiteRunner.run(SuiteRunner.java:289)
	at org.testng.SuiteRunnerWorker.runSuite(SuiteRunnerWorker.java:52)
	at org.testng.SuiteRunnerWorker.run(SuiteRunnerWorker.java:86)
	at org.testng.TestNG.runSuitesSequentially(TestNG.java:1301)
	at org.testng.TestNG.runSuitesLocally(TestNG.java:1226)
	at org.testng.TestNG.runSuites(TestNG.java:1144)
	at org.testng.TestNG.run(TestNG.java:1115)
	at org.testng.remote.AbstractRemoteTestNG.run(AbstractRemoteTestNG.java:132)
	at org.testng.remote.RemoteTestNG.initAndRun(RemoteTestNG.java:230)
	at org.testng.remote.RemoteTestNG.main(RemoteTestNG.java:76)
]]>
    </failure>
  </testcase> <!-- @AfterMethod am -->
  <testcase name="@AfterClass ac" time="0.0" classname="core.ElementsValidationTest">
    <skipped/>
  </testcase> <!-- @AfterClass ac -->
  <testcase name="1. Element [Quotes] - SignUp" time="10.075" classname="core.ElementsValidationTest"/>
  <testcase name="2. Element [Current Location] - SignUp" time="6.849" classname="core.ElementsValidationTest">
    <failure type="org.openqa.selenium.NoSuchWindowException" message="no such window: target window already closed
from unknown error: web view not found
  (Session info: chrome=61.0.3163.100)
  (Driver info: chromedriver=2.32.498550 (9dec58e66c31bcc53a9ce3c7226f0c1c5810906a),platform=Windows NT 6.1.7601 SP1 x86) (WARNING: The server did not provide any stacktrace information)
Command duration or timeout: 0 milliseconds
Build info: version: &amp;apos;3.6.0&amp;apos;, revision: &amp;apos;6fbf3ec767&amp;apos;, time: &amp;apos;2017-09-27T15:28:36.4Z&amp;apos;
System info: host: &amp;apos;VOVA-ПК&amp;apos;, ip: &amp;apos;172.20.10.5&amp;apos;, os.name: &amp;apos;Windows 7&amp;apos;, os.arch: &amp;apos;x86&amp;apos;, os.version: &amp;apos;6.1&amp;apos;, java.version: &amp;apos;1.8.0_151&amp;apos;
Driver info: org.openqa.selenium.chrome.ChromeDriver
Capabilities [{mobileEmulationEnabled=false, hasTouchScreen=false, platform=XP, acceptSslCerts=true, webStorageEnabled=true, browserName=chrome, takesScreenshot=true, javascriptEnabled=true, platformName=XP, setWindowRect=true, unexpectedAlertBehaviour=, applicationCacheEnabled=false, rotatable=false, networkConnectionEnabled=false, chrome={chromedriverVersion=2.32.498550 (9dec58e66c31bcc53a9ce3c7226f0c1c5810906a), userDataDir=C:\Users\Vova\AppData\Local\Temp\scoped_dir3456_11331}, takesHeapSnapshot=true, pageLoadStrategy=normal, unhandledPromptBehavior=, databaseEnabled=false, handlesAlerts=true, version=61.0.3163.100, browserConnectionEnabled=false, nativeEvents=true, locationContextEnabled=true, cssSelectorsEnabled=true}]
Session ID: 387cd31c4192c8c6b6607ca7102021c1
*** Element info: {Using=id, value=id_current_location}">
      <![CDATA[org.openqa.selenium.NoSuchWindowException: no such window: target window already closed
from unknown error: web view not found
  (Session info: chrome=61.0.3163.100)
  (Driver info: chromedriver=2.32.498550 (9dec58e66c31bcc53a9ce3c7226f0c1c5810906a),platform=Windows NT 6.1.7601 SP1 x86) (WARNING: The server did not provide any stacktrace information)
Command duration or timeout: 0 milliseconds
Build info: version: '3.6.0', revision: '6fbf3ec767', time: '2017-09-27T15:28:36.4Z'
System info: host: 'VOVA-ПК', ip: '172.20.10.5', os.name: 'Windows 7', os.arch: 'x86', os.version: '6.1', java.version: '1.8.0_151'
Driver info: org.openqa.selenium.chrome.ChromeDriver
Capabilities [{mobileEmulationEnabled=false, hasTouchScreen=false, platform=XP, acceptSslCerts=true, webStorageEnabled=true, browserName=chrome, takesScreenshot=true, javascriptEnabled=true, platformName=XP, setWindowRect=true, unexpectedAlertBehaviour=, applicationCacheEnabled=false, rotatable=false, networkConnectionEnabled=false, chrome={chromedriverVersion=2.32.498550 (9dec58e66c31bcc53a9ce3c7226f0c1c5810906a), userDataDir=C:\Users\Vova\AppData\Local\Temp\scoped_dir3456_11331}, takesHeapSnapshot=true, pageLoadStrategy=normal, unhandledPromptBehavior=, databaseEnabled=false, handlesAlerts=true, version=61.0.3163.100, browserConnectionEnabled=false, nativeEvents=true, locationContextEnabled=true, cssSelectorsEnabled=true}]
Session ID: 387cd31c4192c8c6b6607ca7102021c1
*** Element info: {Using=id, value=id_current_location}
	at sun.reflect.NativeConstructorAccessorImpl.newInstance0(Native Method)
	at sun.reflect.NativeConstructorAccessorImpl.newInstance(Unknown Source)
	at sun.reflect.DelegatingConstructorAccessorImpl.newInstance(Unknown Source)
	at java.lang.reflect.Constructor.newInstance(Unknown Source)
	at org.openqa.selenium.remote.ErrorHandler.createThrowable(ErrorHandler.java:214)
	at org.openqa.selenium.remote.ErrorHandler.throwIfResponseFailed(ErrorHandler.java:166)
	at org.openqa.selenium.remote.http.JsonHttpResponseCodec.reconstructValue(JsonHttpResponseCodec.java:40)
	at org.openqa.selenium.remote.http.AbstractHttpResponseCodec.decode(AbstractHttpResponseCodec.java:82)
	at org.openqa.selenium.remote.http.AbstractHttpResponseCodec.decode(AbstractHttpResponseCodec.java:45)
	at org.openqa.selenium.remote.HttpCommandExecutor.execute(HttpCommandExecutor.java:164)
	at org.openqa.selenium.remote.service.DriverCommandExecutor.execute(DriverCommandExecutor.java:83)
	at org.openqa.selenium.remote.RemoteWebDriver.execute(RemoteWebDriver.java:586)
	at org.openqa.selenium.remote.RemoteWebDriver.findElements(RemoteWebDriver.java:383)
	at org.openqa.selenium.remote.RemoteWebDriver.findElementsById(RemoteWebDriver.java:406)
	at org.openqa.selenium.By$ById.findElements(By.java:210)
	at org.openqa.selenium.remote.RemoteWebDriver.findElements(RemoteWebDriver.java:344)
	at core.ElementsValidationTest.location(ElementsValidationTest.java:141)
	at core.ElementsValidationTest.testLocation(ElementsValidationTest.java:61)
	at sun.reflect.NativeMethodAccessorImpl.invoke0(Native Method)
	at sun.reflect.NativeMethodAccessorImpl.invoke(Unknown Source)
	at sun.reflect.DelegatingMethodAccessorImpl.invoke(Unknown Source)
	at java.lang.reflect.Method.invoke(Unknown Source)
	at org.testng.internal.MethodInvocationHelper.invokeMethod(MethodInvocationHelper.java:108)
	at org.testng.internal.Invoker.invokeMethod(Invoker.java:661)
	at org.testng.internal.Invoker.invokeTestMethod(Invoker.java:869)
	at org.testng.internal.Invoker.invokeTestMethods(Invoker.java:1193)
	at org.testng.internal.TestMethodWorker.invokeTestMethods(TestMethodWorker.java:126)
	at org.testng.internal.TestMethodWorker.run(TestMethodWorker.java:109)
	at org.testng.TestRunner.privateRun(TestRunner.java:744)
	at org.testng.TestRunner.run(TestRunner.java:602)
	at org.testng.SuiteRunner.runTest(SuiteRunner.java:380)
	at org.testng.SuiteRunner.runSequentially(SuiteRunner.java:375)
	at org.testng.SuiteRunner.privateRun(SuiteRunner.java:340)
	at org.testng.SuiteRunner.run(SuiteRunner.java:289)
	at org.testng.SuiteRunnerWorker.runSuite(SuiteRunnerWorker.java:52)
	at org.testng.SuiteRunnerWorker.run(SuiteRunnerWorker.java:86)
	at org.testng.TestNG.runSuitesSequentially(TestNG.java:1301)
	at org.testng.TestNG.runSuitesLocally(TestNG.java:1226)
	at org.testng.TestNG.runSuites(TestNG.java:1144)
	at org.testng.TestNG.run(TestNG.java:1115)
	at org.testng.remote.AbstractRemoteTestNG.run(AbstractRemoteTestNG.java:132)
	at org.testng.remote.RemoteTestNG.initAndRun(RemoteTestNG.java:230)
	at org.testng.remote.RemoteTestNG.main(RemoteTestNG.java:76)
]]>
    </failure>
  </testcase> <!-- 2. Element [Current Location] - SignUp -->
  <testcase name="3. Element [Weather Icon] - SignUp" time="0.0" classname="core.ElementsValidationTest">
    <skipped/>
  </testcase> <!-- 3. Element [Weather Icon] - SignUp -->
  <testcase name="4. Element [Temperature] - SignUp" time="0.0" classname="core.ElementsValidationTest">
    <skipped/>
  </testcase> <!-- 4. Element [Temperature] - SignUp -->
  <testcase name="5. Element [Title] - SignUp" time="0.0" classname="core.ElementsValidationTest">
    <skipped/>
  </testcase> <!-- 5. Element [Title] - SignUp -->
  <testcase name="6. Element [First Name Label] - SignUp" time="0.0" classname="core.ElementsValidationTest">
    <skipped/>
  </testcase> <!-- 6. Element [First Name Label] - SignUp -->
  <testcase name="7. Element [First Name Field] - SignUp" time="0.0" classname="core.ElementsValidationTest">
    <skipped/>
  </testcase> <!-- 7. Element [First Name Field] - SignUp -->
  <testcase name="8. Element [Last Name Label] - SignUp" time="0.0" classname="core.ElementsValidationTest">
    <skipped/>
  </testcase> <!-- 8. Element [Last Name Label] - SignUp -->
  <testcase name="9. Element [Last Name Field] - SignUp" time="0.0" classname="core.ElementsValidationTest">
    <skipped/>
  </testcase> <!-- 9. Element [Last Name Field] - SignUp -->
  <testcase name="10. Element [Email Address Label] - SignUp" time="0.0" classname="core.ElementsValidationTest">
    <skipped/>
  </testcase> <!-- 10. Element [Email Address Label] - SignUp -->
  <testcase name="11. Element [Email Address Field] - SignUp" time="0.0" classname="core.ElementsValidationTest">
    <skipped/>
  </testcase> <!-- 11. Element [Email Address Field] - SignUp -->
  <testcase name="12. Element [Phone Number Label] - SignUp" time="0.0" classname="core.ElementsValidationTest">
    <skipped/>
  </testcase> <!-- 12. Element [Phone Number Label] - SignUp -->
  <testcase name="13. Element [Phone Number Field] - SignUp" time="0.0" classname="core.ElementsValidationTest">
    <skipped/>
  </testcase> <!-- 13. Element [Phone Number Field] - SignUp -->
  <testcase name="14. Element [Gender label] - SignUp" time="0.0" classname="core.ElementsValidationTest">
    <skipped/>
  </testcase> <!-- 14. Element [Gender label] - SignUp -->
  <testcase name="15. Element [Male label] - SignUp" time="0.0" classname="core.ElementsValidationTest">
    <skipped/>
  </testcase> <!-- 15. Element [Male label] - SignUp -->
  <testcase name="16. Element [Male (Radio Button)] - SignUp" time="0.0" classname="core.ElementsValidationTest">
    <skipped/>
  </testcase> <!-- 16. Element [Male (Radio Button)] - SignUp -->
  <testcase name="17. Element [Female label] - SignUp" time="0.0" classname="core.ElementsValidationTest">
    <skipped/>
  </testcase> <!-- 17. Element [Female label] - SignUp -->
  <testcase name="18. Element [Female (Radio Button)] - SignUp" time="0.001" classname="core.ElementsValidationTest">
    <skipped/>
  </testcase> <!-- 18. Element [Female (Radio Button)] - SignUp -->
  <testcase name="19. Element [State Label] - SignUp" time="0.0" classname="core.ElementsValidationTest">
    <skipped/>
  </testcase> <!-- 19. Element [State Label] - SignUp -->
  <testcase name="20. Element [State (drop-down)] - SignUp" time="0.0" classname="core.ElementsValidationTest">
    <skipped/>
  </testcase> <!-- 20. Element [State (drop-down)] - SignUp -->
  <testcase name="21. Element [Terms Label] - SignUp" time="0.0" classname="core.ElementsValidationTest">
    <skipped/>
  </testcase> <!-- 21. Element [Terms Label] - SignUp -->
  <testcase name="22. Element [Terms Check Box] - SignUp" time="0.0" classname="core.ElementsValidationTest">
    <skipped/>
  </testcase> <!-- 22. Element [Terms Check Box] - SignUp -->
  <testcase name="23. Element [Facebook icon] - SignUp" time="0.0" classname="core.ElementsValidationTest">
    <skipped/>
  </testcase> <!-- 23. Element [Facebook icon] - SignUp -->
  <testcase name="24. Element [Twitter icon] - SignUp" time="0.0" classname="core.ElementsValidationTest">
    <skipped/>
  </testcase> <!-- 24. Element [Twitter icon] - SignUp -->
  <testcase name="25. Element [Flickr icon] - SignUp" time="0.0" classname="core.ElementsValidationTest">
    <skipped/>
  </testcase> <!-- 25. Element [Flickr icon] - SignUp -->
  <testcase name="26. Element [Youtube icon] - SignUp" time="0.0" classname="core.ElementsValidationTest">
    <skipped/>
  </testcase> <!-- 26. Element [Youtube icon] - SignUp -->
  <testcase name="27. Element [Reset Button] - SignUp" time="0.0" classname="core.ElementsValidationTest">
    <skipped/>
  </testcase> <!-- 27. Element [Reset Button] - SignUp -->
  <testcase name="28. Element [Submit Button] - SignUp" time="0.0" classname="core.ElementsValidationTest">
    <skipped/>
  </testcase> <!-- 28. Element [Submit Button] - SignUp -->
  <testcase name="29. Element [Timestamp] - SignUp" time="0.0" classname="core.ElementsValidationTest">
    <skipped/>
  </testcase> <!-- 29. Element [Timestamp] - SignUp -->
  <testcase name="30. Element [Copyright] - SignUp" time="0.0" classname="core.ElementsValidationTest">
    <skipped/>
  </testcase> <!-- 30. Element [Copyright] - SignUp -->
  <testcase name="31. Element [OS &amp; Browser] - SignUp" time="0.0" classname="core.ElementsValidationTest">
    <skipped/>
  </testcase> <!-- 31. Element [OS & Browser] - SignUp -->
  <testcase name="32. Element [Title] - Confirmation" time="0.0" classname="core.ElementsValidationTest">
    <skipped/>
  </testcase> <!-- 32. Element [Title] - Confirmation -->
  <testcase name="33. Element [First Name Label] - Confirmation" time="0.0" classname="core.ElementsValidationTest">
    <skipped/>
  </testcase> <!-- 33. Element [First Name Label] - Confirmation -->
  <testcase name="34. Element [Last Name Label] - Confirmation" time="0.0" classname="core.ElementsValidationTest">
    <skipped/>
  </testcase> <!-- 34. Element [Last Name Label] - Confirmation -->
  <testcase name="35. Element [Email Label] - Confirmation" time="0.0" classname="core.ElementsValidationTest">
    <skipped/>
  </testcase> <!-- 35. Element [Email Label] - Confirmation -->
  <testcase name="36. Element [Phone Number Label] - Confirmation" time="0.0" classname="core.ElementsValidationTest">
    <skipped/>
  </testcase> <!-- 36. Element [Phone Number Label] - Confirmation -->
  <testcase name="37. Element [Gender Field] - Confirmation" time="0.0" classname="core.ElementsValidationTest">
    <skipped/>
  </testcase> <!-- 37. Element [Gender Field] - Confirmation -->
  <testcase name="38. Element [State Field] - Confirmation" time="0.0" classname="core.ElementsValidationTest">
    <skipped/>
  </testcase> <!-- 38. Element [State Field] - Confirmation -->
  <testcase name="39. Element [Terms Field] - Confirmation" time="0.0" classname="core.ElementsValidationTest">
    <skipped/>
  </testcase> <!-- 39. Element [Terms Field] - Confirmation -->
  <testcase name="40. Element [Back Button] - Confirmation" time="0.0" classname="core.ElementsValidationTest">
    <skipped/>
  </testcase> <!-- 40. Element [Back Button] - Confirmation -->
  <testcase name="41. Element [Copyright] - Confirmation" time="0.0" classname="core.ElementsValidationTest">
    <skipped/>
  </testcase> <!-- 41. Element [Copyright] - Confirmation -->
  <testcase name="42. Element [First Name Field] - Confirmation" time="0.0" classname="core.ElementsValidationTest">
    <skipped/>
  </testcase> <!-- 42. Element [First Name Field] - Confirmation -->
  <testcase name="43. Element [Last Name Field] - Confirmation" time="0.0" classname="core.ElementsValidationTest">
    <skipped/>
  </testcase> <!-- 43. Element [Last Name Field] - Confirmation -->
  <testcase name="1. Element [Quotes] - SignUp" time="0.0" classname="core.ElementsValidationTest">
    <skipped/>
  </testcase> <!-- 1. Element [Quotes] - SignUp -->
  <testcase name="2. Element [Current Location] - SignUp" time="0.0" classname="core.ElementsValidationTest">
    <skipped/>
  </testcase> <!-- 2. Element [Current Location] - SignUp -->
  <testcase name="3. Element [Weather Icon] - SignUp" time="0.0" classname="core.ElementsValidationTest">
    <skipped/>
  </testcase> <!-- 3. Element [Weather Icon] - SignUp -->
  <testcase name="4. Element [Temperature] - SignUp" time="0.001" classname="core.ElementsValidationTest">
    <skipped/>
  </testcase> <!-- 4. Element [Temperature] - SignUp -->
  <testcase name="5. Element [Title] - SignUp" time="0.0" classname="core.ElementsValidationTest">
    <skipped/>
  </testcase> <!-- 5. Element [Title] - SignUp -->
  <testcase name="6. Element [First Name Label] - SignUp" time="0.0" classname="core.ElementsValidationTest">
    <skipped/>
  </testcase> <!-- 6. Element [First Name Label] - SignUp -->
  <testcase name="7. Element [First Name Field] - SignUp" time="0.0" classname="core.ElementsValidationTest">
    <skipped/>
  </testcase> <!-- 7. Element [First Name Field] - SignUp -->
  <testcase name="8. Element [Last Name Label] - SignUp" time="0.0" classname="core.ElementsValidationTest">
    <skipped/>
  </testcase> <!-- 8. Element [Last Name Label] - SignUp -->
  <testcase name="9. Element [Last Name Field] - SignUp" time="0.0" classname="core.ElementsValidationTest">
    <skipped/>
  </testcase> <!-- 9. Element [Last Name Field] - SignUp -->
  <testcase name="10. Element [Email Address Label] - SignUp" time="0.0" classname="core.ElementsValidationTest">
    <skipped/>
  </testcase> <!-- 10. Element [Email Address Label] - SignUp -->
  <testcase name="11. Element [Email Address Field] - SignUp" time="0.0" classname="core.ElementsValidationTest">
    <skipped/>
  </testcase> <!-- 11. Element [Email Address Field] - SignUp -->
  <testcase name="12. Element [Phone Number Label] - SignUp" time="0.0" classname="core.ElementsValidationTest">
    <skipped/>
  </testcase> <!-- 12. Element [Phone Number Label] - SignUp -->
  <testcase name="13. Element [Phone Number Field] - SignUp" time="0.0" classname="core.ElementsValidationTest">
    <skipped/>
  </testcase> <!-- 13. Element [Phone Number Field] - SignUp -->
  <testcase name="14. Element [Gender label] - SignUp" time="0.0" classname="core.ElementsValidationTest">
    <skipped/>
  </testcase> <!-- 14. Element [Gender label] - SignUp -->
  <testcase name="15. Element [Male label] - SignUp" time="0.0" classname="core.ElementsValidationTest">
    <skipped/>
  </testcase> <!-- 15. Element [Male label] - SignUp -->
  <testcase name="16. Element [Male (Radio Button)] - SignUp" time="0.0" classname="core.ElementsValidationTest">
    <skipped/>
  </testcase> <!-- 16. Element [Male (Radio Button)] - SignUp -->
  <testcase name="17. Element [Female label] - SignUp" time="0.0" classname="core.ElementsValidationTest">
    <skipped/>
  </testcase> <!-- 17. Element [Female label] - SignUp -->
  <testcase name="18. Element [Female (Radio Button)] - SignUp" time="0.001" classname="core.ElementsValidationTest">
    <skipped/>
  </testcase> <!-- 18. Element [Female (Radio Button)] - SignUp -->
  <testcase name="19. Element [State Label] - SignUp" time="0.0" classname="core.ElementsValidationTest">
    <skipped/>
  </testcase> <!-- 19. Element [State Label] - SignUp -->
  <testcase name="20. Element [State (drop-down)] - SignUp" time="0.0" classname="core.ElementsValidationTest">
    <skipped/>
  </testcase> <!-- 20. Element [State (drop-down)] - SignUp -->
  <testcase name="21. Element [Terms Label] - SignUp" time="0.0" classname="core.ElementsValidationTest">
    <skipped/>
  </testcase> <!-- 21. Element [Terms Label] - SignUp -->
  <testcase name="22. Element [Terms Check Box] - SignUp" time="0.0" classname="core.ElementsValidationTest">
    <skipped/>
  </testcase> <!-- 22. Element [Terms Check Box] - SignUp -->
  <testcase name="23. Element [Facebook icon] - SignUp" time="0.0" classname="core.ElementsValidationTest">
    <skipped/>
  </testcase> <!-- 23. Element [Facebook icon] - SignUp -->
  <testcase name="24. Element [Twitter icon] - SignUp" time="0.0" classname="core.ElementsValidationTest">
    <skipped/>
  </testcase> <!-- 24. Element [Twitter icon] - SignUp -->
  <testcase name="25. Element [Flickr icon] - SignUp" time="0.0" classname="core.ElementsValidationTest">
    <skipped/>
  </testcase> <!-- 25. Element [Flickr icon] - SignUp -->
  <testcase name="26. Element [Youtube icon] - SignUp" time="0.0" classname="core.ElementsValidationTest">
    <skipped/>
  </testcase> <!-- 26. Element [Youtube icon] - SignUp -->
  <testcase name="27. Element [Reset Button] - SignUp" time="0.0" classname="core.ElementsValidationTest">
    <skipped/>
  </testcase> <!-- 27. Element [Reset Button] - SignUp -->
  <testcase name="28. Element [Submit Button] - SignUp" time="0.0" classname="core.ElementsValidationTest">
    <skipped/>
  </testcase> <!-- 28. Element [Submit Button] - SignUp -->
  <testcase name="29. Element [Timestamp] - SignUp" time="0.0" classname="core.ElementsValidationTest">
    <skipped/>
  </testcase> <!-- 29. Element [Timestamp] - SignUp -->
  <testcase name="30. Element [Copyright] - SignUp" time="0.0" classname="core.ElementsValidationTest">
    <skipped/>
  </testcase> <!-- 30. Element [Copyright] - SignUp -->
  <testcase name="31. Element [OS &amp; Browser] - SignUp" time="0.0" classname="core.ElementsValidationTest">
    <skipped/>
  </testcase> <!-- 31. Element [OS & Browser] - SignUp -->
  <testcase name="32. Element [Title] - Confirmation" time="0.0" classname="core.ElementsValidationTest">
    <skipped/>
  </testcase> <!-- 32. Element [Title] - Confirmation -->
  <testcase name="33. Element [First Name Label] - Confirmation" time="0.0" classname="core.ElementsValidationTest">
    <skipped/>
  </testcase> <!-- 33. Element [First Name Label] - Confirmation -->
  <testcase name="34. Element [Last Name Label] - Confirmation" time="0.0" classname="core.ElementsValidationTest">
    <skipped/>
  </testcase> <!-- 34. Element [Last Name Label] - Confirmation -->
  <testcase name="35. Element [Email Label] - Confirmation" time="0.0" classname="core.ElementsValidationTest">
    <skipped/>
  </testcase> <!-- 35. Element [Email Label] - Confirmation -->
  <testcase name="36. Element [Phone Number Label] - Confirmation" time="0.0" classname="core.ElementsValidationTest">
    <skipped/>
  </testcase> <!-- 36. Element [Phone Number Label] - Confirmation -->
  <testcase name="37. Element [Gender Field] - Confirmation" time="0.0" classname="core.ElementsValidationTest">
    <skipped/>
  </testcase> <!-- 37. Element [Gender Field] - Confirmation -->
  <testcase name="38. Element [State Field] - Confirmation" time="0.0" classname="core.ElementsValidationTest">
    <skipped/>
  </testcase> <!-- 38. Element [State Field] - Confirmation -->
  <testcase name="39. Element [Terms Field] - Confirmation" time="0.0" classname="core.ElementsValidationTest">
    <skipped/>
  </testcase> <!-- 39. Element [Terms Field] - Confirmation -->
  <testcase name="40. Element [Back Button] - Confirmation" time="0.0" classname="core.ElementsValidationTest">
    <skipped/>
  </testcase> <!-- 40. Element [Back Button] - Confirmation -->
  <testcase name="41. Element [Copyright] - Confirmation" time="0.0" classname="core.ElementsValidationTest">
    <skipped/>
  </testcase> <!-- 41. Element [Copyright] - Confirmation -->
  <testcase name="42. Element [First Name Field] - Confirmation" time="0.001" classname="core.ElementsValidationTest">
    <skipped/>
  </testcase> <!-- 42. Element [First Name Field] - Confirmation -->
  <testcase name="43. Element [Last Name Field] - Confirmation" time="0.0" classname="core.ElementsValidationTest">
    <skipped/>
  </testcase> <!-- 43. Element [Last Name Field] - Confirmation -->
  <testcase name="1. Element [Quotes] - SignUp" time="0.0" classname="core.ElementsValidationTest">
    <skipped/>
  </testcase> <!-- 1. Element [Quotes] - SignUp -->
  <testcase name="2. Element [Current Location] - SignUp" time="0.0" classname="core.ElementsValidationTest">
    <skipped/>
  </testcase> <!-- 2. Element [Current Location] - SignUp -->
  <testcase name="3. Element [Weather Icon] - SignUp" time="0.0" classname="core.ElementsValidationTest">
    <skipped/>
  </testcase> <!-- 3. Element [Weather Icon] - SignUp -->
  <testcase name="4. Element [Temperature] - SignUp" time="0.0" classname="core.ElementsValidationTest">
    <skipped/>
  </testcase> <!-- 4. Element [Temperature] - SignUp -->
  <testcase name="5. Element [Title] - SignUp" time="0.0" classname="core.ElementsValidationTest">
    <skipped/>
  </testcase> <!-- 5. Element [Title] - SignUp -->
  <testcase name="6. Element [First Name Label] - SignUp" time="0.0" classname="core.ElementsValidationTest">
    <skipped/>
  </testcase> <!-- 6. Element [First Name Label] - SignUp -->
  <testcase name="7. Element [First Name Field] - SignUp" time="0.0" classname="core.ElementsValidationTest">
    <skipped/>
  </testcase> <!-- 7. Element [First Name Field] - SignUp -->
  <testcase name="8. Element [Last Name Label] - SignUp" time="0.0" classname="core.ElementsValidationTest">
    <skipped/>
  </testcase> <!-- 8. Element [Last Name Label] - SignUp -->
  <testcase name="9. Element [Last Name Field] - SignUp" time="0.0" classname="core.ElementsValidationTest">
    <skipped/>
  </testcase> <!-- 9. Element [Last Name Field] - SignUp -->
  <testcase name="10. Element [Email Address Label] - SignUp" time="0.0" classname="core.ElementsValidationTest">
    <skipped/>
  </testcase> <!-- 10. Element [Email Address Label] - SignUp -->
  <testcase name="11. Element [Email Address Field] - SignUp" time="0.0" classname="core.ElementsValidationTest">
    <skipped/>
  </testcase> <!-- 11. Element [Email Address Field] - SignUp -->
  <testcase name="12. Element [Phone Number Label] - SignUp" time="0.0" classname="core.ElementsValidationTest">
    <skipped/>
  </testcase> <!-- 12. Element [Phone Number Label] - SignUp -->
  <testcase name="13. Element [Phone Number Field] - SignUp" time="0.0" classname="core.ElementsValidationTest">
    <skipped/>
  </testcase> <!-- 13. Element [Phone Number Field] - SignUp -->
  <testcase name="14. Element [Gender label] - SignUp" time="0.0" classname="core.ElementsValidationTest">
    <skipped/>
  </testcase> <!-- 14. Element [Gender label] - SignUp -->
  <testcase name="15. Element [Male label] - SignUp" time="0.0" classname="core.ElementsValidationTest">
    <skipped/>
  </testcase> <!-- 15. Element [Male label] - SignUp -->
  <testcase name="16. Element [Male (Radio Button)] - SignUp" time="0.0" classname="core.ElementsValidationTest">
    <skipped/>
  </testcase> <!-- 16. Element [Male (Radio Button)] - SignUp -->
  <testcase name="17. Element [Female label] - SignUp" time="0.0" classname="core.ElementsValidationTest">
    <skipped/>
  </testcase> <!-- 17. Element [Female label] - SignUp -->
  <testcase name="18. Element [Female (Radio Button)] - SignUp" time="0.0" classname="core.ElementsValidationTest">
    <skipped/>
  </testcase> <!-- 18. Element [Female (Radio Button)] - SignUp -->
  <testcase name="19. Element [State Label] - SignUp" time="0.0" classname="core.ElementsValidationTest">
    <skipped/>
  </testcase> <!-- 19. Element [State Label] - SignUp -->
  <testcase name="20. Element [State (drop-down)] - SignUp" time="0.0" classname="core.ElementsValidationTest">
    <skipped/>
  </testcase> <!-- 20. Element [State (drop-down)] - SignUp -->
  <testcase name="21. Element [Terms Label] - SignUp" time="0.0" classname="core.ElementsValidationTest">
    <skipped/>
  </testcase> <!-- 21. Element [Terms Label] - SignUp -->
  <testcase name="22. Element [Terms Check Box] - SignUp" time="0.0" classname="core.ElementsValidationTest">
    <skipped/>
  </testcase> <!-- 22. Element [Terms Check Box] - SignUp -->
  <testcase name="23. Element [Facebook icon] - SignUp" time="0.0" classname="core.ElementsValidationTest">
    <skipped/>
  </testcase> <!-- 23. Element [Facebook icon] - SignUp -->
  <testcase name="24. Element [Twitter icon] - SignUp" time="0.001" classname="core.ElementsValidationTest">
    <skipped/>
  </testcase> <!-- 24. Element [Twitter icon] - SignUp -->
  <testcase name="25. Element [Flickr icon] - SignUp" time="0.0" classname="core.ElementsValidationTest">
    <skipped/>
  </testcase> <!-- 25. Element [Flickr icon] - SignUp -->
  <testcase name="26. Element [Youtube icon] - SignUp" time="0.0" classname="core.ElementsValidationTest">
    <skipped/>
  </testcase> <!-- 26. Element [Youtube icon] - SignUp -->
  <testcase name="27. Element [Reset Button] - SignUp" time="0.0" classname="core.ElementsValidationTest">
    <skipped/>
  </testcase> <!-- 27. Element [Reset Button] - SignUp -->
  <testcase name="28. Element [Submit Button] - SignUp" time="0.0" classname="core.ElementsValidationTest">
    <skipped/>
  </testcase> <!-- 28. Element [Submit Button] - SignUp -->
  <testcase name="29. Element [Timestamp] - SignUp" time="0.0" classname="core.ElementsValidationTest">
    <skipped/>
  </testcase> <!-- 29. Element [Timestamp] - SignUp -->
  <testcase name="30. Element [Copyright] - SignUp" time="0.0" classname="core.ElementsValidationTest">
    <skipped/>
  </testcase> <!-- 30. Element [Copyright] - SignUp -->
  <testcase name="31. Element [OS &amp; Browser] - SignUp" time="0.0" classname="core.ElementsValidationTest">
    <skipped/>
  </testcase> <!-- 31. Element [OS & Browser] - SignUp -->
  <testcase name="32. Element [Title] - Confirmation" time="0.0" classname="core.ElementsValidationTest">
    <skipped/>
  </testcase> <!-- 32. Element [Title] - Confirmation -->
  <testcase name="33. Element [First Name Label] - Confirmation" time="0.0" classname="core.ElementsValidationTest">
    <skipped/>
  </testcase> <!-- 33. Element [First Name Label] - Confirmation -->
  <testcase name="34. Element [Last Name Label] - Confirmation" time="0.0" classname="core.ElementsValidationTest">
    <skipped/>
  </testcase> <!-- 34. Element [Last Name Label] - Confirmation -->
  <testcase name="35. Element [Email Label] - Confirmation" time="0.0" classname="core.ElementsValidationTest">
    <skipped/>
  </testcase> <!-- 35. Element [Email Label] - Confirmation -->
  <testcase name="36. Element [Phone Number Label] - Confirmation" time="0.0" classname="core.ElementsValidationTest">
    <skipped/>
  </testcase> <!-- 36. Element [Phone Number Label] - Confirmation -->
  <testcase name="37. Element [Gender Field] - Confirmation" time="0.0" classname="core.ElementsValidationTest">
    <skipped/>
  </testcase> <!-- 37. Element [Gender Field] - Confirmation -->
  <testcase name="38. Element [State Field] - Confirmation" time="0.0" classname="core.ElementsValidationTest">
    <skipped/>
  </testcase> <!-- 38. Element [State Field] - Confirmation -->
  <testcase name="39. Element [Terms Field] - Confirmation" time="0.0" classname="core.ElementsValidationTest">
    <skipped/>
  </testcase> <!-- 39. Element [Terms Field] - Confirmation -->
  <testcase name="40. Element [Back Button] - Confirmation" time="0.0" classname="core.ElementsValidationTest">
    <skipped/>
  </testcase> <!-- 40. Element [Back Button] - Confirmation -->
  <testcase name="41. Element [Copyright] - Confirmation" time="0.0" classname="core.ElementsValidationTest">
    <skipped/>
  </testcase> <!-- 41. Element [Copyright] - Confirmation -->
  <testcase name="42. Element [First Name Field] - Confirmation" time="0.0" classname="core.ElementsValidationTest">
    <skipped/>
  </testcase> <!-- 42. Element [First Name Field] - Confirmation -->
  <testcase name="43. Element [Last Name Field] - Confirmation" time="0.0" classname="core.ElementsValidationTest">
    <skipped/>
  </testcase> <!-- 43. Element [Last Name Field] - Confirmation -->
</testsuite> <!-- Default test -->
